Using pre-set license
Built from '2022.3/staging' branch; Version is '2022.3.10f1 (ff3792e53c62) revision 16725906'; Using compiler version '192829333'; Build Type 'Release'
OS: 'Windows 10  (10.0.19045) 64bit Professional' Language: 'tr' Physical Memory: 16295 MB
BatchMode: 1, IsHumanControllingUs: 0, StartBugReporterOnCrash: 0, Is64bit: 1, IsPro: 1

COMMAND LINE ARGUMENTS:
C:\2022.3.10f1\Editor\Unity.exe
-adb2
-batchMode
-noUpm
-name
AssetImportWorker1
-projectPath
D:/Unity Projects/TutorialProject
-logFile
Logs/AssetImportWorker1.log
-srvPort
58914
Successfully changed project path to: D:/Unity Projects/TutorialProject
D:/Unity Projects/TutorialProject
[UnityMemory] Configuration Parameters - Can be set up in boot.config
    "memorysetup-bucket-allocator-granularity=16"
    "memorysetup-bucket-allocator-bucket-count=8"
    "memorysetup-bucket-allocator-block-size=33554432"
    "memorysetup-bucket-allocator-block-count=8"
    "memorysetup-main-allocator-block-size=16777216"
    "memorysetup-thread-allocator-block-size=16777216"
    "memorysetup-gfx-main-allocator-block-size=16777216"
    "memorysetup-gfx-thread-allocator-block-size=16777216"
    "memorysetup-cache-allocator-block-size=4194304"
    "memorysetup-typetree-allocator-block-size=2097152"
    "memorysetup-profiler-bucket-allocator-granularity=16"
    "memorysetup-profiler-bucket-allocator-bucket-count=8"
    "memorysetup-profiler-bucket-allocator-block-size=33554432"
    "memorysetup-profiler-bucket-allocator-block-count=8"
    "memorysetup-profiler-allocator-block-size=16777216"
    "memorysetup-profiler-editor-allocator-block-size=1048576"
    "memorysetup-temp-allocator-size-main=16777216"
    "memorysetup-job-temp-allocator-block-size=2097152"
    "memorysetup-job-temp-allocator-block-size-background=1048576"
    "memorysetup-job-temp-allocator-reduction-small-platforms=262144"
    "memorysetup-allocator-temp-initial-block-size-main=262144"
    "memorysetup-allocator-temp-initial-block-size-worker=262144"
    "memorysetup-temp-allocator-size-background-worker=32768"
    "memorysetup-temp-allocator-size-job-worker=262144"
    "memorysetup-temp-allocator-size-preload-manager=33554432"
    "memorysetup-temp-allocator-size-nav-mesh-worker=65536"
    "memorysetup-temp-allocator-size-audio-worker=65536"
    "memorysetup-temp-allocator-size-cloud-worker=32768"
    "memorysetup-temp-allocator-size-gi-baking-worker=262144"
    "memorysetup-temp-allocator-size-gfx=262144"
Player connection [26812] Host "[IP] 192.168.1.103 [Port] 0 [Flags] 2 [Guid] 2717530857 [EditorId] 2717530857 [Version] 1048832 [Id] WindowsEditor(7,DESKTOP-KVK01LC) [Debug] 1 [PackageName] WindowsEditor [ProjectName] Editor" joined multi-casting on [225.0.0.222:54997]...

Player connection [26812] Host "[IP] 192.168.1.103 [Port] 0 [Flags] 2 [Guid] 2717530857 [EditorId] 2717530857 [Version] 1048832 [Id] WindowsEditor(7,DESKTOP-KVK01LC) [Debug] 1 [PackageName] WindowsEditor [ProjectName] Editor" joined alternative multi-casting on [225.0.0.222:34997]...

[Physics::Module] Initialized MultithreadedJobDispatcher with 5 workers.
Refreshing native plugins compatible for Editor in 47.90 ms, found 3 plugins.
Preloading 0 native plugins for Editor in 0.00 ms.
Initialize engine version: 2022.3.10f1 (ff3792e53c62)
[Subsystems] Discovering subsystems at path C:/2022.3.10f1/Editor/Data/Resources/UnitySubsystems
[Subsystems] Discovering subsystems at path D:/Unity Projects/TutorialProject/Assets
GfxDevice: creating device client; threaded=0; jobified=0
Direct3D:
    Version:  Direct3D 11.0 [level 11.1]
    Renderer: NVIDIA GeForce RTX 3060 (ID=0x2503)
    Vendor:   NVIDIA
    VRAM:     12129 MB
    Driver:   31.0.15.3623
Initialize mono
Mono path[0] = 'C:/2022.3.10f1/Editor/Data/Managed'
Mono path[1] = 'C:/2022.3.10f1/Editor/Data/MonoBleedingEdge/lib/mono/unityjit-win32'
Mono config path = 'C:/2022.3.10f1/Editor/Data/MonoBleedingEdge/etc'
Using monoOptions --debugger-agent=transport=dt_socket,embedding=1,server=y,suspend=n,address=127.0.0.1:56808
Begin MonoManager ReloadAssembly
Registering precompiled unity dll's ...
Register platform support module: C:/2022.3.10f1/Editor/Data/PlaybackEngines/WindowsStandaloneSupport/UnityEditor.WindowsStandalone.Extensions.dll
Registered in 0.021602 seconds.
- Loaded All Assemblies, in  0.788 seconds
Native extension for WindowsStandalone target not found
Mono: successfully reloaded assembly
- Finished resetting the current domain, in  0.433 seconds
Domain Reload Profiling: 1216ms
	BeginReloadAssembly (361ms)
		ExecutionOrderSort (0ms)
		DisableScriptedObjects (0ms)
		BackupInstance (0ms)
		ReleaseScriptingObjects (0ms)
		CreateAndSetChildDomain (1ms)
	RebuildCommonClasses (58ms)
	RebuildNativeTypeToScriptingClass (19ms)
	initialDomainReloadingComplete (107ms)
	LoadAllAssembliesAndSetupDomain (237ms)
		LoadAssemblies (351ms)
		RebuildTransferFunctionScriptingTraits (0ms)
		AnalyzeDomain (234ms)
			TypeCache.Refresh (233ms)
				TypeCache.ScanAssembly (213ms)
			ScanForSourceGeneratedMonoScriptInfo (0ms)
			ResolveRequiredComponents (0ms)
	FinalizeReload (434ms)
		ReleaseScriptCaches (0ms)
		RebuildScriptCaches (0ms)
		SetupLoadedEditorAssemblies (348ms)
			LogAssemblyErrors (0ms)
			InitializePlatformSupportModulesInManaged (14ms)
			SetLoadedEditorAssemblies (9ms)
			RefreshPlugins (0ms)
			BeforeProcessingInitializeOnLoad (4ms)
			ProcessInitializeOnLoadAttributes (234ms)
			ProcessInitializeOnLoadMethodAttributes (85ms)
			AfterProcessingInitializeOnLoad (0ms)
			EditorAssembliesLoaded (0ms)
		ExecutionOrderSort2 (0ms)
		AwakeInstancesAfterBackupRestoration (0ms)
========================================================================
Worker process is ready to serve import requests
Begin MonoManager ReloadAssembly
- Loaded All Assemblies, in  1.126 seconds
Refreshing native plugins compatible for Editor in 10.87 ms, found 3 plugins.
Native extension for WindowsStandalone target not found
Package Manager log level set to [2]
[Package Manager] Server::EnsureServerProcessIsRunning -- launch failed, reason: Unity was launched with the -noUpm command-line argument
[Package Manager] UpmClient::Send -- Unable to send message (not connected to UPM process).
[Package Manager] Cannot connect to Unity Package Manager local server
Mono: successfully reloaded assembly
- Finished resetting the current domain, in  1.117 seconds
Domain Reload Profiling: 2239ms
	BeginReloadAssembly (332ms)
		ExecutionOrderSort (0ms)
		DisableScriptedObjects (6ms)
		BackupInstance (0ms)
		ReleaseScriptingObjects (0ms)
		CreateAndSetChildDomain (27ms)
	RebuildCommonClasses (111ms)
	RebuildNativeTypeToScriptingClass (18ms)
	initialDomainReloadingComplete (54ms)
	LoadAllAssembliesAndSetupDomain (608ms)
		LoadAssemblies (499ms)
		RebuildTransferFunctionScriptingTraits (0ms)
		AnalyzeDomain (333ms)
			TypeCache.Refresh (289ms)
				TypeCache.ScanAssembly (263ms)
			ScanForSourceGeneratedMonoScriptInfo (31ms)
			ResolveRequiredComponents (10ms)
	FinalizeReload (1117ms)
		ReleaseScriptCaches (0ms)
		RebuildScriptCaches (0ms)
		SetupLoadedEditorAssemblies (864ms)
			LogAssemblyErrors (0ms)
			InitializePlatformSupportModulesInManaged (6ms)
			SetLoadedEditorAssemblies (5ms)
			RefreshPlugins (0ms)
			BeforeProcessingInitializeOnLoad (111ms)
			ProcessInitializeOnLoadAttributes (646ms)
			ProcessInitializeOnLoadMethodAttributes (79ms)
			AfterProcessingInitializeOnLoad (17ms)
			EditorAssembliesLoaded (0ms)
		ExecutionOrderSort2 (0ms)
		AwakeInstancesAfterBackupRestoration (10ms)
Launched and connected shader compiler UnityShaderCompiler.exe after 0.28 seconds
Refreshing native plugins compatible for Editor in 7.14 ms, found 3 plugins.
Preloading 0 native plugins for Editor in 0.00 ms.
Unloading 5100 Unused Serialized files (Serialized files now loaded: 0)
Unloading 65 unused Assets / (349.5 KB). Loaded Objects now: 5580.
Memory consumption went from 212.2 MB to 211.9 MB.
Total: 4.710500 ms (FindLiveObjects: 0.457200 ms CreateObjectMapping: 0.128100 ms MarkObjects: 3.918400 ms  DeleteObjects: 0.205400 ms)

AssetImportParameters requested are different than current active one (requested -> active):
  custom:container-demuxer-ogg: 62fdf1f143b41e24485cea50d1cbac27 -> 
  custom:video-decoder-ogg-theora: a1e56fd34408186e4bbccfd4996cb3dc -> 
  custom:framework-win-MediaFoundation: 216162199b28c13a410421893ffa2e32 -> 
  custom:CustomObjectIndexerAttribute: a3ef5dd2817f97addfee359851a9dba5 -> 
  custom:container-demuxer-webm: 4f35f7cbe854078d1ac9338744f61a02 -> 
  custom:container-muxer-webm: aa71ff27fc2769a1b78a27578f13a17b -> 
  custom:video-decoder-webm-vp8: 9c59270c3fd7afecdb556c50c9e8de78 -> 
  custom:SearchIndexIgnoredProperties: e643bd26f0fe6173181afceb89e7c659 -> 
  custom:AudioImporter_EditorPlatform: d09bf68614088b80899f8185d706f6e7 -> 
  custom:video-encoder-webm-vp8: eb34c28f22e8b96e1ab97ce403110664 -> 
  custom:audio-decoder-ogg-vorbis: bf7c407c2cedff20999df2af8eb42d56 -> 
  custom:audio-encoder-webm-vorbis: bf7c407c2cedff20999df2af8eb42d56 -> 
========================================================================
Received Import Request.
  Time since last request: 26142.886764 seconds.
  path: Assets/Cartoon Heroes/Female/3D/Torsos/Torso_1/Materials/Female_Torso_1_Yellow.mat
  artifactKey: Guid(a43cbd281bd63ac4b9cb9d53dc557891) Importer(2089858483,0ecaa5967403d082aa24f35e1b516d23)
Start importing Assets/Cartoon Heroes/Female/3D/Torsos/Torso_1/Materials/Female_Torso_1_Yellow.mat using Guid(a43cbd281bd63ac4b9cb9d53dc557891) Importer(2089858483,0ecaa5967403d082aa24f35e1b516d23) Generated GUIDs only implemented for interfaces!
 -> (artifact id: '6da8af55a59998b05b0e29bd9f68fba1') in 0.628171 seconds
Number of updated asset objects reloaded before import = 0
Number of asset objects unloaded after import = 3
========================================================================
Received Import Request.
  Time since last request: 0.000024 seconds.
  path: Assets/Codes/CharacterMovement.cs
  artifactKey: Guid(6721583fbd9a62d428b80a20bcb2622d) Importer(2089858483,0ecaa5967403d082aa24f35e1b516d23)
Start importing Assets/Codes/CharacterMovement.cs using Guid(6721583fbd9a62d428b80a20bcb2622d) Importer(2089858483,0ecaa5967403d082aa24f35e1b516d23) Generated GUIDs only implemented for interfaces!
 -> (artifact id: 'a7f30eed4f761a8c819c8708619c2cf2') in 0.010900 seconds
Number of updated asset objects reloaded before import = 0
Number of asset objects unloaded after import = 1
========================================================================
Received Import Request.
  Time since last request: 0.000029 seconds.
  path: Assets/Cartoon Heroes/Female/Textures/Torsos/Torso_1/Female_Torso_1_Green.tga
  artifactKey: Guid(21918312c77c9ff4fac36af8009f5d90) Importer(2089858483,0ecaa5967403d082aa24f35e1b516d23)
Start importing Assets/Cartoon Heroes/Female/Textures/Torsos/Torso_1/Female_Torso_1_Green.tga using Guid(21918312c77c9ff4fac36af8009f5d90) Importer(2089858483,0ecaa5967403d082aa24f35e1b516d23) Generated GUIDs only implemented for interfaces!
 -> (artifact id: '5644c21cd90cfd45f8d0f50020236a6a') in 0.208408 seconds
Number of updated asset objects reloaded before import = 0
Number of asset objects unloaded after import = 1
========================================================================
Received Import Request.
  Time since last request: 0.000181 seconds.
  path: Assets/Cartoon Heroes/Female/Textures/Torsos/Torso_3/Female_Torso_3_Green.tga
  artifactKey: Guid(918c97cbba42c354289a3a2f265e5c5b) Importer(2089858483,0ecaa5967403d082aa24f35e1b516d23)
Start importing Assets/Cartoon Heroes/Female/Textures/Torsos/Torso_3/Female_Torso_3_Green.tga using Guid(918c97cbba42c354289a3a2f265e5c5b) Importer(2089858483,0ecaa5967403d082aa24f35e1b516d23) Generated GUIDs only implemented for interfaces!
 -> (artifact id: '7ae90c075453efad3f3ad1bfb596f07f') in 0.185679 seconds
Number of updated asset objects reloaded before import = 0
Number of asset objects unloaded after import = 1
========================================================================
Received Import Request.
  Time since last request: 0.000019 seconds.
  path: Assets/Blink/Art/Animations/Animations_Starter_Pack/Movement/RunBackwardLeft.fbx
  artifactKey: Guid(de0b7914553f4c541a55e2b7f89a240f) Importer(2089858483,0ecaa5967403d082aa24f35e1b516d23)
Start importing Assets/Blink/Art/Animations/Animations_Starter_Pack/Movement/RunBackwardLeft.fbx using Guid(de0b7914553f4c541a55e2b7f89a240f) Importer(2089858483,0ecaa5967403d082aa24f35e1b516d23) Generated GUIDs only implemented for interfaces!
 -> (artifact id: '76c63338678ac09d5f05de92fa45e176') in 0.115634 seconds
Number of updated asset objects reloaded before import = 0
Number of asset objects unloaded after import = 180
========================================================================
Received Import Request.
  Time since last request: 0.000020 seconds.
  path: Assets/TextMesh Pro/Shaders/TMP_SDF.shader
  artifactKey: Guid(68e6db2ebdc24f95958faec2be5558d6) Importer(2089858483,0ecaa5967403d082aa24f35e1b516d23)
Start importing Assets/TextMesh Pro/Shaders/TMP_SDF.shader using Guid(68e6db2ebdc24f95958faec2be5558d6) Importer(2089858483,0ecaa5967403d082aa24f35e1b516d23) Generated GUIDs only implemented for interfaces!
 -> (artifact id: 'c71bc6b6f156ec388c751e1c5d602d75') in 0.046604 seconds
Number of updated asset objects reloaded before import = 0
Number of asset objects unloaded after import = 1
========================================================================
Received Import Request.
  Time since last request: 0.000211 seconds.
  path: Assets/Cartoon Heroes/Female/3D/Heads/Head 1/Female_Head_1.FBX
  artifactKey: Guid(f778d65360c43c3488f0f6aee8c4fd8f) Importer(2089858483,0ecaa5967403d082aa24f35e1b516d23)
Start importing Assets/Cartoon Heroes/Female/3D/Heads/Head 1/Female_Head_1.FBX using Guid(f778d65360c43c3488f0f6aee8c4fd8f) Importer(2089858483,0ecaa5967403d082aa24f35e1b516d23) Generated GUIDs only implemented for interfaces!
 -> (artifact id: 'a8c6a0e868bd5caa5acc0f252ca91d35') in 0.078163 seconds
Number of updated asset objects reloaded before import = 0
Number of asset objects unloaded after import = 12
========================================================================
Received Import Request.
  Time since last request: 0.000016 seconds.
  path: Assets/Cartoon Heroes/Male/3D/Animation Skeleton/Male_Animation_Skeleton.FBX
  artifactKey: Guid(7e30eee73c241d5448ce0ac372cf6602) Importer(2089858483,0ecaa5967403d082aa24f35e1b516d23)
Start importing Assets/Cartoon Heroes/Male/3D/Animation Skeleton/Male_Animation_Skeleton.FBX using Guid(7e30eee73c241d5448ce0ac372cf6602) Importer(2089858483,0ecaa5967403d082aa24f35e1b516d23) Generated GUIDs only implemented for interfaces!
 -> (artifact id: '36cc6488bb4751e2d0107d28fa919f0a') in 0.094748 seconds
Number of updated asset objects reloaded before import = 0
Number of asset objects unloaded after import = 117
========================================================================
Received Import Request.
  Time since last request: 0.000227 seconds.
  path: Assets/Cartoon Heroes/Female/3D/Torsos/Torso_2/Materials/Female_Torso_2_Skin.mat
  artifactKey: Guid(d5617c5bbd0c5b84d817bd31a677be99) Importer(2089858483,0ecaa5967403d082aa24f35e1b516d23)
Start importing Assets/Cartoon Heroes/Female/3D/Torsos/Torso_2/Materials/Female_Torso_2_Skin.mat using Guid(d5617c5bbd0c5b84d817bd31a677be99) Importer(2089858483,0ecaa5967403d082aa24f35e1b516d23) Generated GUIDs only implemented for interfaces!
 -> (artifact id: '928ddcf8a2f71ed31565f4197e62b232') in 0.185724 seconds
Number of updated asset objects reloaded before import = 0
Number of asset objects unloaded after import = 3
========================================================================
Received Import Request.
  Time since last request: 0.000017 seconds.
  path: Assets/Cartoon Heroes/Weapons/Sword_1/3D/Materials/Sword_1_Yellow.mat
  artifactKey: Guid(d23d933a5bb042546bab11d145ca9a20) Importer(2089858483,0ecaa5967403d082aa24f35e1b516d23)
Start importing Assets/Cartoon Heroes/Weapons/Sword_1/3D/Materials/Sword_1_Yellow.mat using Guid(d23d933a5bb042546bab11d145ca9a20) Importer(2089858483,0ecaa5967403d082aa24f35e1b516d23) Generated GUIDs only implemented for interfaces!
 -> (artifact id: 'c2a9a68cb6f354a9f77ac5caf5896d2f') in 0.199102 seconds
Number of updated asset objects reloaded before import = 0
Number of asset objects unloaded after import = 3
========================================================================
Received Import Request.
  Time since last request: 0.000024 seconds.
  path: Assets/Cartoon Heroes/Female/Textures/Torsos
  artifactKey: Guid(dc7734a12209c2442b29dc469bdfe6a8) Importer(2089858483,0ecaa5967403d082aa24f35e1b516d23)
Start importing Assets/Cartoon Heroes/Female/Textures/Torsos using Guid(dc7734a12209c2442b29dc469bdfe6a8) Importer(2089858483,0ecaa5967403d082aa24f35e1b516d23) Generated GUIDs only implemented for interfaces!
 -> (artifact id: '570168107accbd4baa69b29ef43fbe0e') in 0.011639 seconds
Number of updated asset objects reloaded before import = 0
Number of asset objects unloaded after import = 1
========================================================================
Received Import Request.
  Time since last request: 0.000019 seconds.
  path: Assets/Cartoon Heroes/Female/3D/Torsos/Torso_1/Materials/Female_Torso_1_Green.mat
  artifactKey: Guid(26889b2f294a8a74a865631bc0dff45d) Importer(2089858483,0ecaa5967403d082aa24f35e1b516d23)
Start importing Assets/Cartoon Heroes/Female/3D/Torsos/Torso_1/Materials/Female_Torso_1_Green.mat using Guid(26889b2f294a8a74a865631bc0dff45d) Importer(2089858483,0ecaa5967403d082aa24f35e1b516d23) Generated GUIDs only implemented for interfaces!
 -> (artifact id: '348f84bb56e6767fc39e1f4708e88fae') in 0.137441 seconds
Number of updated asset objects reloaded before import = 0
Number of asset objects unloaded after import = 3
========================================================================
Received Import Request.
  Time since last request: 0.000018 seconds.
  path: Assets/Cartoon Heroes/Female/Textures/Hairs/Hair_1/Female_Hair_1.tga
  artifactKey: Guid(2ec0a93010ee7b947b6b59d9289e334e) Importer(2089858483,0ecaa5967403d082aa24f35e1b516d23)
Start importing Assets/Cartoon Heroes/Female/Textures/Hairs/Hair_1/Female_Hair_1.tga using Guid(2ec0a93010ee7b947b6b59d9289e334e) Importer(2089858483,0ecaa5967403d082aa24f35e1b516d23) Generated GUIDs only implemented for interfaces!
 -> (artifact id: 'd02beeee44f7179b578d5bac39a04d1c') in 0.039301 seconds
Number of updated asset objects reloaded before import = 0
Number of asset objects unloaded after import = 1
========================================================================
Received Import Request.
  Time since last request: 0.000247 seconds.
  path: Assets/Cartoon Heroes/Weapons/Sword_3/Textures
  artifactKey: Guid(a889d7ea65e818d4e8071741f2991ac3) Importer(2089858483,0ecaa5967403d082aa24f35e1b516d23)
Start importing Assets/Cartoon Heroes/Weapons/Sword_3/Textures using Guid(a889d7ea65e818d4e8071741f2991ac3) Importer(2089858483,0ecaa5967403d082aa24f35e1b516d23) Generated GUIDs only implemented for interfaces!
 -> (artifact id: '7d8fa6d6cb48f137b40014332c371766') in 0.028351 seconds
Number of updated asset objects reloaded before import = 0
Number of asset objects unloaded after import = 1
========================================================================
Received Import Request.
  Time since last request: 0.000086 seconds.
  path: Assets/Cartoon Heroes/Male/Textures/Legs/Legs_3
  artifactKey: Guid(5990a2e0dc755ba45961385586a096b2) Importer(2089858483,0ecaa5967403d082aa24f35e1b516d23)
Start importing Assets/Cartoon Heroes/Male/Textures/Legs/Legs_3 using Guid(5990a2e0dc755ba45961385586a096b2) Importer(2089858483,0ecaa5967403d082aa24f35e1b516d23) Generated GUIDs only implemented for interfaces!
 -> (artifact id: '108511d38caeb92b2652bde7f5fe50eb') in 0.035454 seconds
Number of updated asset objects reloaded before import = 0
Number of asset objects unloaded after import = 1
========================================================================
Received Import Request.
  Time since last request: 0.000024 seconds.
  path: Assets/Cartoon Heroes/Male/3D/Legs/Base Legs/Materials/Male_Base_Legs.mat
  artifactKey: Guid(23196e6ae5105fa43b40a378c01b1683) Importer(2089858483,0ecaa5967403d082aa24f35e1b516d23)
Start importing Assets/Cartoon Heroes/Male/3D/Legs/Base Legs/Materials/Male_Base_Legs.mat using Guid(23196e6ae5105fa43b40a378c01b1683) Importer(2089858483,0ecaa5967403d082aa24f35e1b516d23) Generated GUIDs only implemented for interfaces!
 -> (artifact id: '6f351e8c02b5c27919505ebee3be9096') in 0.189856 seconds
Number of updated asset objects reloaded before import = 0
Number of asset objects unloaded after import = 3
========================================================================
Received Import Request.
  Time since last request: 0.000017 seconds.
  path: Assets/Cartoon Heroes/Female/Textures/Legs/Legs_3/Female_Legs_3_Skin_Normals.tga
  artifactKey: Guid(68aae008ff893c94dad7bca6a473a0e3) Importer(2089858483,0ecaa5967403d082aa24f35e1b516d23)
Start importing Assets/Cartoon Heroes/Female/Textures/Legs/Legs_3/Female_Legs_3_Skin_Normals.tga using Guid(68aae008ff893c94dad7bca6a473a0e3) Importer(2089858483,0ecaa5967403d082aa24f35e1b516d23) Generated GUIDs only implemented for interfaces!
 -> (artifact id: '9ba6a2d8c70d1319a92bcdbbefbb8b6c') in 0.056501 seconds
Number of updated asset objects reloaded before import = 0
Number of asset objects unloaded after import = 1
========================================================================
Received Import Request.
  Time since last request: 0.000185 seconds.
  path: Assets/Cartoon Heroes/Weapons/Sword_1/Textures/Sword_1_Gray.tga
  artifactKey: Guid(8cc3253390b424946a0fad6625b9f049) Importer(2089858483,0ecaa5967403d082aa24f35e1b516d23)
Start importing Assets/Cartoon Heroes/Weapons/Sword_1/Textures/Sword_1_Gray.tga using Guid(8cc3253390b424946a0fad6625b9f049) Importer(2089858483,0ecaa5967403d082aa24f35e1b516d23) Generated GUIDs only implemented for interfaces!
 -> (artifact id: '107a50752cd06cfbcd1d77b4c52365fe') in 0.099293 seconds
Number of updated asset objects reloaded before import = 0
Number of asset objects unloaded after import = 1
========================================================================
Received Import Request.
  Time since last request: 0.000014 seconds.
  path: Assets/Cartoon Heroes/Female/Textures/Torsos/Torso_2/Female_Torso_2_Yellow.tga
  artifactKey: Guid(b8fe462be9ffa614bac1da59e4192248) Importer(2089858483,0ecaa5967403d082aa24f35e1b516d23)
Start importing Assets/Cartoon Heroes/Female/Textures/Torsos/Torso_2/Female_Torso_2_Yellow.tga using Guid(b8fe462be9ffa614bac1da59e4192248) Importer(2089858483,0ecaa5967403d082aa24f35e1b516d23) Generated GUIDs only implemented for interfaces!
 -> (artifact id: '18d28a7efa4ce031b60e0bbbcacc63e7') in 0.069269 seconds
Number of updated asset objects reloaded before import = 0
Number of asset objects unloaded after import = 1
========================================================================
Received Import Request.
  Time since last request: 0.000183 seconds.
  path: Assets/Cartoon Heroes/Male/Textures/Hairs/Hair_2/Male_Hair_2.tga
  artifactKey: Guid(0c1add579f6c7ac4590aecb480b26481) Importer(2089858483,0ecaa5967403d082aa24f35e1b516d23)
Start importing Assets/Cartoon Heroes/Male/Textures/Hairs/Hair_2/Male_Hair_2.tga using Guid(0c1add579f6c7ac4590aecb480b26481) Importer(2089858483,0ecaa5967403d082aa24f35e1b516d23) Generated GUIDs only implemented for interfaces!
 -> (artifact id: '6578df0f37e55be764d6702af2660720') in 0.183539 seconds
Number of updated asset objects reloaded before import = 0
Number of asset objects unloaded after import = 1
========================================================================
Received Import Request.
  Time since last request: 0.000020 seconds.
  path: Assets/Cartoon Heroes/Weapons/Sword_2/Textures/Sword_2_Yellow.tga
  artifactKey: Guid(2ed8b252901990943a7204bea91cadb4) Importer(2089858483,0ecaa5967403d082aa24f35e1b516d23)
Start importing Assets/Cartoon Heroes/Weapons/Sword_2/Textures/Sword_2_Yellow.tga using Guid(2ed8b252901990943a7204bea91cadb4) Importer(2089858483,0ecaa5967403d082aa24f35e1b516d23) Generated GUIDs only implemented for interfaces!
 -> (artifact id: 'c2e78d758574765e988dbce351ad25e9') in 0.138673 seconds
Number of updated asset objects reloaded before import = 0
Number of asset objects unloaded after import = 1
========================================================================
Received Import Request.
  Time since last request: 0.000260 seconds.
  path: Assets/Cartoon Heroes/Male/3D/Hairs/Hair_3/Materials/Male_Hair_3_Blond.mat
  artifactKey: Guid(a4c26117dbf37a34a80066325bfb05fd) Importer(2089858483,0ecaa5967403d082aa24f35e1b516d23)
Start importing Assets/Cartoon Heroes/Male/3D/Hairs/Hair_3/Materials/Male_Hair_3_Blond.mat using Guid(a4c26117dbf37a34a80066325bfb05fd) Importer(2089858483,0ecaa5967403d082aa24f35e1b516d23) Generated GUIDs only implemented for interfaces!
 -> (artifact id: 'd1ccbe6d17087b7f4ff69fe2c1f0adcd') in 0.077956 seconds
Number of updated asset objects reloaded before import = 0
Number of asset objects unloaded after import = 3
========================================================================
Received Import Request.
  Time since last request: 0.000211 seconds.
  path: Assets/Cartoon Heroes/Female/Textures/Legs/Legs_2/Female_Legs_2_Black.tga
  artifactKey: Guid(84cb98ddacd24ee42a8a7df5d2c08554) Importer(2089858483,0ecaa5967403d082aa24f35e1b516d23)
Start importing Assets/Cartoon Heroes/Female/Textures/Legs/Legs_2/Female_Legs_2_Black.tga using Guid(84cb98ddacd24ee42a8a7df5d2c08554) Importer(2089858483,0ecaa5967403d082aa24f35e1b516d23) Generated GUIDs only implemented for interfaces!
 -> (artifact id: 'a17e3231b948cb00e4b8fa72cafa84b9') in 0.156419 seconds
Number of updated asset objects reloaded before import = 0
Number of asset objects unloaded after import = 1
========================================================================
Received Import Request.
  Time since last request: 0.000020 seconds.
  path: Assets/Cartoon Heroes/Female/3D
  artifactKey: Guid(859557b9a59119a4eb8f969749592f5d) Importer(2089858483,0ecaa5967403d082aa24f35e1b516d23)
Start importing Assets/Cartoon Heroes/Female/3D using Guid(859557b9a59119a4eb8f969749592f5d) Importer(2089858483,0ecaa5967403d082aa24f35e1b516d23) Generated GUIDs only implemented for interfaces!
 -> (artifact id: '3d04d715b6d4c8dea1da715af243154f') in 0.042152 seconds
Number of updated asset objects reloaded before import = 0
Number of asset objects unloaded after import = 1
========================================================================
Received Import Request.
  Time since last request: 0.000024 seconds.
  path: Assets/Cartoon Heroes/Female/3D/Legs/Legs_2/Materials/Female_Legs_2_Brown.mat
  artifactKey: Guid(f7a7e64aed780514a91d38782fd2bbfe) Importer(2089858483,0ecaa5967403d082aa24f35e1b516d23)
Start importing Assets/Cartoon Heroes/Female/3D/Legs/Legs_2/Materials/Female_Legs_2_Brown.mat using Guid(f7a7e64aed780514a91d38782fd2bbfe) Importer(2089858483,0ecaa5967403d082aa24f35e1b516d23) Generated GUIDs only implemented for interfaces!
 -> (artifact id: '62e2872cc477a958312ddcffbfc0f86c') in 0.088420 seconds
Number of updated asset objects reloaded before import = 0
Number of asset objects unloaded after import = 3
========================================================================
Received Import Request.
  Time since last request: 0.000016 seconds.
  path: Assets/Cartoon Heroes/Male/3D/Hairs/Hair_3
  artifactKey: Guid(69b2c310d9528ef42bf1970abef73770) Importer(2089858483,0ecaa5967403d082aa24f35e1b516d23)
Start importing Assets/Cartoon Heroes/Male/3D/Hairs/Hair_3 using Guid(69b2c310d9528ef42bf1970abef73770) Importer(2089858483,0ecaa5967403d082aa24f35e1b516d23) Generated GUIDs only implemented for interfaces!
 -> (artifact id: '55275ed4a991016025151c85598fdc61') in 0.059917 seconds
Number of updated asset objects reloaded before import = 0
Number of asset objects unloaded after import = 1
========================================================================
Received Import Request.
  Time since last request: 0.000045 seconds.
  path: Assets/Cartoon Heroes/Male/Textures/Hairs/Hair_1/Male_Hair_1.tga
  artifactKey: Guid(0ba7a682feabcfa419162ca353ae11cd) Importer(2089858483,0ecaa5967403d082aa24f35e1b516d23)
Start importing Assets/Cartoon Heroes/Male/Textures/Hairs/Hair_1/Male_Hair_1.tga using Guid(0ba7a682feabcfa419162ca353ae11cd) Importer(2089858483,0ecaa5967403d082aa24f35e1b516d23) Generated GUIDs only implemented for interfaces!
 -> (artifact id: '01ec265a01baf237ccc18608c5017ea8') in 0.182482 seconds
Number of updated asset objects reloaded before import = 0
Number of asset objects unloaded after import = 1
========================================================================
Received Import Request.
  Time since last request: 0.000024 seconds.
  path: Assets/Cartoon Heroes/Female/3D/Torsos/Torso_1/Female_Torso_1.FBX
  artifactKey: Guid(39b18d87990c0a943abfa882ca89e330) Importer(2089858483,0ecaa5967403d082aa24f35e1b516d23)
Start importing Assets/Cartoon Heroes/Female/3D/Torsos/Torso_1/Female_Torso_1.FBX using Guid(39b18d87990c0a943abfa882ca89e330) Importer(2089858483,0ecaa5967403d082aa24f35e1b516d23) Generated GUIDs only implemented for interfaces!
 -> (artifact id: '439bca1fe3cd0bcafbe49307c0b300ae') in 0.053795 seconds
Number of updated asset objects reloaded before import = 0
Number of asset objects unloaded after import = 104
========================================================================
Received Import Request.
  Time since last request: 0.000021 seconds.
  path: Assets/Cartoon Heroes/Female/3D/Legs/Legs_3/Materials/Female_Legs_3_Brown.mat
  artifactKey: Guid(3b179c814ee420f408a2e55464b8b3a8) Importer(2089858483,0ecaa5967403d082aa24f35e1b516d23)
Start importing Assets/Cartoon Heroes/Female/3D/Legs/Legs_3/Materials/Female_Legs_3_Brown.mat using Guid(3b179c814ee420f408a2e55464b8b3a8) Importer(2089858483,0ecaa5967403d082aa24f35e1b516d23) Generated GUIDs only implemented for interfaces!
 -> (artifact id: 'c473aef1d405e2636027ad31be8bf476') in 0.167644 seconds
Number of updated asset objects reloaded before import = 0
Number of asset objects unloaded after import = 3
========================================================================
Received Import Request.
  Time since last request: 0.000015 seconds.
  path: Assets/Cartoon Heroes/Weapons/Sword_4/Textures/Sword_4_Normals.tga
  artifactKey: Guid(11b8c330b9ce1934a824fa581cd15530) Importer(2089858483,0ecaa5967403d082aa24f35e1b516d23)
Start importing Assets/Cartoon Heroes/Weapons/Sword_4/Textures/Sword_4_Normals.tga using Guid(11b8c330b9ce1934a824fa581cd15530) Importer(2089858483,0ecaa5967403d082aa24f35e1b516d23) Generated GUIDs only implemented for interfaces!
 -> (artifact id: 'a0c66f188873fe9d00de01b8441fd53f') in 0.028499 seconds
Number of updated asset objects reloaded before import = 0
Number of asset objects unloaded after import = 1
========================================================================
Received Import Request.
  Time since last request: 0.000021 seconds.
  path: Assets/Cartoon Heroes/Female/3D/Hairs/Hair_4/Materials/Female_Hair_4_Blond.mat
  artifactKey: Guid(ce2dee04e0edffb40a17c020f2f36611) Importer(2089858483,0ecaa5967403d082aa24f35e1b516d23)
Start importing Assets/Cartoon Heroes/Female/3D/Hairs/Hair_4/Materials/Female_Hair_4_Blond.mat using Guid(ce2dee04e0edffb40a17c020f2f36611) Importer(2089858483,0ecaa5967403d082aa24f35e1b516d23) Generated GUIDs only implemented for interfaces!
 -> (artifact id: '5c5be1de892d64d5266cae7002909bd3') in 0.070148 seconds
Number of updated asset objects reloaded before import = 0
Number of asset objects unloaded after import = 3
========================================================================
Received Import Request.
  Time since last request: 0.000025 seconds.
  path: Assets/Blink/Art/Animations/Animations_Starter_Pack/Gathering/Gathering.fbx
  artifactKey: Guid(f946b4c12eb389240af2e7476c0a67a5) Importer(2089858483,0ecaa5967403d082aa24f35e1b516d23)
Start importing Assets/Blink/Art/Animations/Animations_Starter_Pack/Gathering/Gathering.fbx using Guid(f946b4c12eb389240af2e7476c0a67a5) Importer(2089858483,0ecaa5967403d082aa24f35e1b516d23) Generated GUIDs only implemented for interfaces!
 -> (artifact id: 'febd74fb9b364a4f2f0401585e0808c0') in 0.138598 seconds
Number of updated asset objects reloaded before import = 0
Number of asset objects unloaded after import = 180
========================================================================
Received Import Request.
  Time since last request: 0.000016 seconds.
  path: Assets/Cartoon Heroes/Female/3D/Animation Skeleton/Animations/Female_Animation@Female_Sprint.FBX
  artifactKey: Guid(41a9542dfeb1583478948b6f4702f26d) Importer(2089858483,0ecaa5967403d082aa24f35e1b516d23)
Start importing Assets/Cartoon Heroes/Female/3D/Animation Skeleton/Animations/Female_Animation@Female_Sprint.FBX using Guid(41a9542dfeb1583478948b6f4702f26d) Importer(2089858483,0ecaa5967403d082aa24f35e1b516d23) Generated GUIDs only implemented for interfaces!
 -> (artifact id: 'ea4311db9d94bc459c696d46a8a4eeae') in 0.171604 seconds
Number of updated asset objects reloaded before import = 0
Number of asset objects unloaded after import = 112
========================================================================
Received Import Request.
  Time since last request: 0.000220 seconds.
  path: Assets/Cartoon Heroes/Female/Textures/Legs/Base Legs/Female_Base_Legs_Normals.tga
  artifactKey: Guid(034dbf9f105a95446a18e3c2983b1188) Importer(2089858483,0ecaa5967403d082aa24f35e1b516d23)
Start importing Assets/Cartoon Heroes/Female/Textures/Legs/Base Legs/Female_Base_Legs_Normals.tga using Guid(034dbf9f105a95446a18e3c2983b1188) Importer(2089858483,0ecaa5967403d082aa24f35e1b516d23) Generated GUIDs only implemented for interfaces!
 -> (artifact id: '9373981891ce8948d47c4dc792fef7a4') in 0.042373 seconds
Number of updated asset objects reloaded before import = 0
Number of asset objects unloaded after import = 1
========================================================================
Received Import Request.
  Time since last request: 0.000017 seconds.
  path: Assets/Cartoon Heroes/Character Prefabs/Male
  artifactKey: Guid(a94dbda45a3fed340a9b2fff23656bf5) Importer(2089858483,0ecaa5967403d082aa24f35e1b516d23)
Start importing Assets/Cartoon Heroes/Character Prefabs/Male using Guid(a94dbda45a3fed340a9b2fff23656bf5) Importer(2089858483,0ecaa5967403d082aa24f35e1b516d23) Generated GUIDs only implemented for interfaces!
 -> (artifact id: 'dc3af3365ca5db98af659905fa9ba171') in 0.039211 seconds
Number of updated asset objects reloaded before import = 0
Number of asset objects unloaded after import = 1
========================================================================
Received Import Request.
  Time since last request: 0.000123 seconds.
  path: Assets/Cartoon Heroes/Female/Textures/Legs/Legs_1/Female_Legs_1_Skin_Covered.tga
  artifactKey: Guid(ab8631b81522cc4428d8a51cb46b93fc) Importer(2089858483,0ecaa5967403d082aa24f35e1b516d23)
Start importing Assets/Cartoon Heroes/Female/Textures/Legs/Legs_1/Female_Legs_1_Skin_Covered.tga using Guid(ab8631b81522cc4428d8a51cb46b93fc) Importer(2089858483,0ecaa5967403d082aa24f35e1b516d23) Generated GUIDs only implemented for interfaces!
 -> (artifact id: '6ac4d010a8e97d774aa7298bcf3e09e4') in 0.168376 seconds
Number of updated asset objects reloaded before import = 0
Number of asset objects unloaded after import = 1
========================================================================
Received Import Request.
  Time since last request: 0.000283 seconds.
  path: Assets/Cartoon Heroes/Female/Textures/Hairs/Hair_4/Female_Hair_4.tga
  artifactKey: Guid(1b4fceadb6803a34e9769d42f5ae8e1a) Importer(2089858483,0ecaa5967403d082aa24f35e1b516d23)
Start importing Assets/Cartoon Heroes/Female/Textures/Hairs/Hair_4/Female_Hair_4.tga using Guid(1b4fceadb6803a34e9769d42f5ae8e1a) Importer(2089858483,0ecaa5967403d082aa24f35e1b516d23) Generated GUIDs only implemented for interfaces!
 -> (artifact id: '36742b7cfe90ed0166a4ea78a51d804b') in 0.044671 seconds
Number of updated asset objects reloaded before import = 0
Number of asset objects unloaded after import = 1
========================================================================
Received Import Request.
  Time since last request: 0.000017 seconds.
  path: Assets/Cartoon Heroes/Character Prefabs/Female
  artifactKey: Guid(000becd4411f0ff4492c97b7fc36f590) Importer(2089858483,0ecaa5967403d082aa24f35e1b516d23)
Start importing Assets/Cartoon Heroes/Character Prefabs/Female using Guid(000becd4411f0ff4492c97b7fc36f590) Importer(2089858483,0ecaa5967403d082aa24f35e1b516d23) Generated GUIDs only implemented for interfaces!
 -> (artifact id: 'f7a1b8223306049589e0a67c7767f44f') in 0.101022 seconds
Number of updated asset objects reloaded before import = 0
Number of asset objects unloaded after import = 1
========================================================================
Received Import Request.
  Time since last request: 0.000013 seconds.
  path: Assets/Cartoon Heroes/Female/3D/Legs/Legs_1/Materials/Female_Legs_1_Skin_Dark.mat
  artifactKey: Guid(d669654d82295e441b8e1e47a8658068) Importer(2089858483,0ecaa5967403d082aa24f35e1b516d23)
Start importing Assets/Cartoon Heroes/Female/3D/Legs/Legs_1/Materials/Female_Legs_1_Skin_Dark.mat using Guid(d669654d82295e441b8e1e47a8658068) Importer(2089858483,0ecaa5967403d082aa24f35e1b516d23) Generated GUIDs only implemented for interfaces!
 -> (artifact id: '7fe19cfe024f3360b41c81ff57edaa78') in 0.020576 seconds
Number of updated asset objects reloaded before import = 0
Number of asset objects unloaded after import = 3
========================================================================
Received Import Request.
  Time since last request: 0.000013 seconds.
  path: Assets/Cartoon Heroes/Male/3D/Torsos/Torso_3/Materials/Male_Torso_3_Skin_Dark.mat
  artifactKey: Guid(e5aa232d9b500f94b8045befbcdfc609) Importer(2089858483,0ecaa5967403d082aa24f35e1b516d23)
Start importing Assets/Cartoon Heroes/Male/3D/Torsos/Torso_3/Materials/Male_Torso_3_Skin_Dark.mat using Guid(e5aa232d9b500f94b8045befbcdfc609) Importer(2089858483,0ecaa5967403d082aa24f35e1b516d23) Generated GUIDs only implemented for interfaces!
 -> (artifact id: 'c6a92acbdb32dbe41f74455be6f377a8') in 0.021319 seconds
Number of updated asset objects reloaded before import = 0
Number of asset objects unloaded after import = 3
========================================================================
Received Import Request.
  Time since last request: 0.000017 seconds.
  path: Assets/Cartoon Heroes/Male/3D/Legs/Legs_2/Materials/Male_Legs_2_Black.mat
  artifactKey: Guid(959ddde271455ab4c975f33ed1927d44) Importer(2089858483,0ecaa5967403d082aa24f35e1b516d23)
Start importing Assets/Cartoon Heroes/Male/3D/Legs/Legs_2/Materials/Male_Legs_2_Black.mat using Guid(959ddde271455ab4c975f33ed1927d44) Importer(2089858483,0ecaa5967403d082aa24f35e1b516d23) Generated GUIDs only implemented for interfaces!
 -> (artifact id: '0f3f3cf6aa45fd6b6fca4654d53741b9') in 0.033064 seconds
Number of updated asset objects reloaded before import = 0
Number of asset objects unloaded after import = 3
========================================================================
Received Import Request.
  Time since last request: 0.000027 seconds.
  path: Assets/Cartoon Heroes/Weapons/Sword_4/3D/Materials/Sword_4_Gray.mat
  artifactKey: Guid(567546ca9ad72904ba7d62da3ee14235) Importer(2089858483,0ecaa5967403d082aa24f35e1b516d23)
Start importing Assets/Cartoon Heroes/Weapons/Sword_4/3D/Materials/Sword_4_Gray.mat using Guid(567546ca9ad72904ba7d62da3ee14235) Importer(2089858483,0ecaa5967403d082aa24f35e1b516d23) Generated GUIDs only implemented for interfaces!
 -> (artifact id: 'cb5cff041c7b170e0b3661afedc38fde') in 0.367614 seconds
Number of updated asset objects reloaded before import = 0
Number of asset objects unloaded after import = 3
========================================================================
Received Import Request.
  Time since last request: 0.000020 seconds.
  path: Assets/Cartoon Heroes/Male/3D/Animation Skeleton/Animations/Male_Animation@Male_Jump.FBX
  artifactKey: Guid(238163f950175d845b03cb6dac0c6e60) Importer(2089858483,0ecaa5967403d082aa24f35e1b516d23)
Start importing Assets/Cartoon Heroes/Male/3D/Animation Skeleton/Animations/Male_Animation@Male_Jump.FBX using Guid(238163f950175d845b03cb6dac0c6e60) Importer(2089858483,0ecaa5967403d082aa24f35e1b516d23) Generated GUIDs only implemented for interfaces!
 -> (artifact id: '11fa0ee2e194822c839964bde9028a53') in 0.049047 seconds
Number of updated asset objects reloaded before import = 0
Number of asset objects unloaded after import = 114
========================================================================
Received Import Request.
  Time since last request: 0.000027 seconds.
  path: Assets/Cartoon Heroes/Female/3D/Animation Skeleton/Animations/Female_Animation@Female_Sword_Walk.FBX
  artifactKey: Guid(958bd2cccfa87b74a9a880ee35f4f534) Importer(2089858483,0ecaa5967403d082aa24f35e1b516d23)
Start importing Assets/Cartoon Heroes/Female/3D/Animation Skeleton/Animations/Female_Animation@Female_Sword_Walk.FBX using Guid(958bd2cccfa87b74a9a880ee35f4f534) Importer(2089858483,0ecaa5967403d082aa24f35e1b516d23) Generated GUIDs only implemented for interfaces!
 -> (artifact id: 'e380e0226bef0eac2f8df2fc676ccf45') in 0.051665 seconds
Number of updated asset objects reloaded before import = 0
Number of asset objects unloaded after import = 112
========================================================================
Received Import Request.
  Time since last request: 0.000016 seconds.
  path: Assets/Cartoon Heroes/Male/Textures/Torsos/Torso_3/Male_Torso_3_Normals.tga
  artifactKey: Guid(bbb551d3f2b654042b680962e551ea19) Importer(2089858483,0ecaa5967403d082aa24f35e1b516d23)
Start importing Assets/Cartoon Heroes/Male/Textures/Torsos/Torso_3/Male_Torso_3_Normals.tga using Guid(bbb551d3f2b654042b680962e551ea19) Importer(2089858483,0ecaa5967403d082aa24f35e1b516d23) Generated GUIDs only implemented for interfaces!
 -> (artifact id: '130f8c83d022e34235613340bfcd1968') in 0.029438 seconds
Number of updated asset objects reloaded before import = 0
Number of asset objects unloaded after import = 1
========================================================================
Received Import Request.
  Time since last request: 0.000013 seconds.
  path: Assets/Cartoon Heroes/Female/Textures/Torsos/Base Torso
  artifactKey: Guid(a1338a1f3af96e8469f0a15b85fb517c) Importer(2089858483,0ecaa5967403d082aa24f35e1b516d23)
Start importing Assets/Cartoon Heroes/Female/Textures/Torsos/Base Torso using Guid(a1338a1f3af96e8469f0a15b85fb517c) Importer(2089858483,0ecaa5967403d082aa24f35e1b516d23) Generated GUIDs only implemented for interfaces!
 -> (artifact id: '48f9ad10a708bb1c041711eca04346b6') in 0.039169 seconds
Number of updated asset objects reloaded before import = 0
Number of asset objects unloaded after import = 1
========================================================================
Received Import Request.
  Time since last request: 0.000045 seconds.
  path: Assets/Cartoon Heroes/Female/Textures/Hairs/Hair_4/Female_Hair_4_Blond.tga
  artifactKey: Guid(b73705a6366f0a44799c363efe72bcd2) Importer(2089858483,0ecaa5967403d082aa24f35e1b516d23)
Start importing Assets/Cartoon Heroes/Female/Textures/Hairs/Hair_4/Female_Hair_4_Blond.tga using Guid(b73705a6366f0a44799c363efe72bcd2) Importer(2089858483,0ecaa5967403d082aa24f35e1b516d23) Generated GUIDs only implemented for interfaces!
 -> (artifact id: 'b422b4ff34c8be8c838bcd02ea56a511') in 0.040146 seconds
Number of updated asset objects reloaded before import = 0
Number of asset objects unloaded after import = 1
========================================================================
Received Import Request.
  Time since last request: 0.000014 seconds.
  path: Assets/Cartoon Heroes/Male/Textures/Heads/Head_3/Male_Head_3_Normals.tga
  artifactKey: Guid(8d9dfb25319ed3d4b90ee6b66e669fed) Importer(2089858483,0ecaa5967403d082aa24f35e1b516d23)
Start importing Assets/Cartoon Heroes/Male/Textures/Heads/Head_3/Male_Head_3_Normals.tga using Guid(8d9dfb25319ed3d4b90ee6b66e669fed) Importer(2089858483,0ecaa5967403d082aa24f35e1b516d23) Generated GUIDs only implemented for interfaces!
 -> (artifact id: '633ef7fbccd68dc40924b56a1277be16') in 0.064026 seconds
Number of updated asset objects reloaded before import = 0
Number of asset objects unloaded after import = 1
========================================================================
Received Import Request.
  Time since last request: 0.000215 seconds.
  path: Assets/Cartoon Heroes/Female/3D/Torsos/Torso_1
  artifactKey: Guid(d3e8ad047a60b1442bfa683fc16a7db2) Importer(2089858483,0ecaa5967403d082aa24f35e1b516d23)
Start importing Assets/Cartoon Heroes/Female/3D/Torsos/Torso_1 using Guid(d3e8ad047a60b1442bfa683fc16a7db2) Importer(2089858483,0ecaa5967403d082aa24f35e1b516d23) Generated GUIDs only implemented for interfaces!
 -> (artifact id: '1fe984866cca3a75820a913a6fd12c69') in 0.014931 seconds
Number of updated asset objects reloaded before import = 0
Number of asset objects unloaded after import = 1
========================================================================
Received Import Request.
  Time since last request: 0.000014 seconds.
  path: Assets/Cartoon Heroes/Male/3D/Hairs/Hair_1/Materials
  artifactKey: Guid(24f449c78c77a8b4d8636999c90b3dc2) Importer(2089858483,0ecaa5967403d082aa24f35e1b516d23)
Start importing Assets/Cartoon Heroes/Male/3D/Hairs/Hair_1/Materials using Guid(24f449c78c77a8b4d8636999c90b3dc2) Importer(2089858483,0ecaa5967403d082aa24f35e1b516d23) Generated GUIDs only implemented for interfaces!
 -> (artifact id: 'd9e20f68e2dacb9583cf924191eeaac0') in 0.018430 seconds
Number of updated asset objects reloaded before import = 0
Number of asset objects unloaded after import = 1
========================================================================
Received Import Request.
  Time since last request: 0.000014 seconds.
  path: Assets/Cartoon Heroes/Male/Textures/Legs/Legs_3/Male_Legs_3_Normals.tga
  artifactKey: Guid(0962ab2b41c9aeb408eef85fdc2a1c34) Importer(2089858483,0ecaa5967403d082aa24f35e1b516d23)
Start importing Assets/Cartoon Heroes/Male/Textures/Legs/Legs_3/Male_Legs_3_Normals.tga using Guid(0962ab2b41c9aeb408eef85fdc2a1c34) Importer(2089858483,0ecaa5967403d082aa24f35e1b516d23) Generated GUIDs only implemented for interfaces!
 -> (artifact id: '349cdbb7c2b30ac4c1952fee30ab3d12') in 0.069916 seconds
Number of updated asset objects reloaded before import = 0
Number of asset objects unloaded after import = 1
========================================================================
Received Import Request.
  Time since last request: 0.000392 seconds.
  path: Assets/Cartoon Heroes/Male/3D/Torsos/Torso_1/Materials/Male_Torso_1_Skin.mat
  artifactKey: Guid(08f1732b8a6f2c74e96eb586910d25c3) Importer(2089858483,0ecaa5967403d082aa24f35e1b516d23)
Start importing Assets/Cartoon Heroes/Male/3D/Torsos/Torso_1/Materials/Male_Torso_1_Skin.mat using Guid(08f1732b8a6f2c74e96eb586910d25c3) Importer(2089858483,0ecaa5967403d082aa24f35e1b516d23) Generated GUIDs only implemented for interfaces!
 -> (artifact id: '9c5f4a79bedd93d254cbe436c02ea6ae') in 0.023825 seconds
Number of updated asset objects reloaded before import = 0
Number of asset objects unloaded after import = 3
========================================================================
Received Import Request.
  Time since last request: 0.000016 seconds.
  path: Assets/Cartoon Heroes/Female/3D/Heads/Head 3/Materials
  artifactKey: Guid(d8c7c16cbd1a9c24ba58d747a7753d65) Importer(2089858483,0ecaa5967403d082aa24f35e1b516d23)
Start importing Assets/Cartoon Heroes/Female/3D/Heads/Head 3/Materials using Guid(d8c7c16cbd1a9c24ba58d747a7753d65) Importer(2089858483,0ecaa5967403d082aa24f35e1b516d23) Generated GUIDs only implemented for interfaces!
 -> (artifact id: 'a027114a22fadc032037a31f8c83274e') in 0.019446 seconds
Number of updated asset objects reloaded before import = 0
Number of asset objects unloaded after import = 1
========================================================================
Received Import Request.
  Time since last request: 0.000014 seconds.
  path: Assets/Cartoon Heroes/Weapons/Sword_4/3D/Materials
  artifactKey: Guid(d3b6fbea978a23e4183434d58f3ac58c) Importer(2089858483,0ecaa5967403d082aa24f35e1b516d23)
Start importing Assets/Cartoon Heroes/Weapons/Sword_4/3D/Materials using Guid(d3b6fbea978a23e4183434d58f3ac58c) Importer(2089858483,0ecaa5967403d082aa24f35e1b516d23) Generated GUIDs only implemented for interfaces!
 -> (artifact id: 'cce3d1a9ac1e79504c01e75537e8374b') in 0.052880 seconds
Number of updated asset objects reloaded before import = 0
Number of asset objects unloaded after import = 1
========================================================================
Received Import Request.
  Time since last request: 0.000018 seconds.
  path: Assets/Cartoon Heroes/Male/Textures/Legs/Base Legs/Male_Base_Legs_Normals.tga
  artifactKey: Guid(1b1a3135e8b7f9b48b52baa70eb0fd8a) Importer(2089858483,0ecaa5967403d082aa24f35e1b516d23)
Start importing Assets/Cartoon Heroes/Male/Textures/Legs/Base Legs/Male_Base_Legs_Normals.tga using Guid(1b1a3135e8b7f9b48b52baa70eb0fd8a) Importer(2089858483,0ecaa5967403d082aa24f35e1b516d23) Generated GUIDs only implemented for interfaces!
 -> (artifact id: '1b830d78289ebe140bcb192369a5e709') in 0.039532 seconds
Number of updated asset objects reloaded before import = 0
Number of asset objects unloaded after import = 1
========================================================================
Received Import Request.
  Time since last request: 0.000147 seconds.
  path: Assets/TextMesh Pro/Resources/Fonts & Materials/LiberationSans SDF - Fallback.asset
  artifactKey: Guid(2e498d1c8094910479dc3e1b768306a4) Importer(2089858483,0ecaa5967403d082aa24f35e1b516d23)
Start importing Assets/TextMesh Pro/Resources/Fonts & Materials/LiberationSans SDF - Fallback.asset using Guid(2e498d1c8094910479dc3e1b768306a4) Importer(2089858483,0ecaa5967403d082aa24f35e1b516d23) Generated GUIDs only implemented for interfaces!
 -> (artifact id: 'e1fb3e630fc4ba3c0d6de436da3569d0') in 0.077491 seconds
Number of updated asset objects reloaded before import = 0
Number of asset objects unloaded after import = 5
========================================================================
Received Import Request.
  Time since last request: 0.000016 seconds.
  path: Assets/TextMesh Pro/Resources/Style Sheets/Default Style Sheet.asset
  artifactKey: Guid(f952c082cb03451daed3ee968ac6c63e) Importer(2089858483,0ecaa5967403d082aa24f35e1b516d23)
Start importing Assets/TextMesh Pro/Resources/Style Sheets/Default Style Sheet.asset using Guid(f952c082cb03451daed3ee968ac6c63e) Importer(2089858483,0ecaa5967403d082aa24f35e1b516d23) Generated GUIDs only implemented for interfaces!
 -> (artifact id: '714db47c4053df26402c47e69fea0378') in 0.015662 seconds
Number of updated asset objects reloaded before import = 0
Number of asset objects unloaded after import = 1
========================================================================
Received Import Request.
  Time since last request: 0.000014 seconds.
  path: Assets/Cartoon Heroes/Male/3D/Hairs
  artifactKey: Guid(09faeacb94cce5a488c0f7bb3b175a44) Importer(2089858483,0ecaa5967403d082aa24f35e1b516d23)
Start importing Assets/Cartoon Heroes/Male/3D/Hairs using Guid(09faeacb94cce5a488c0f7bb3b175a44) Importer(2089858483,0ecaa5967403d082aa24f35e1b516d23) Generated GUIDs only implemented for interfaces!
 -> (artifact id: 'a8aa91037920c421198db60873f4744e') in 0.011974 seconds
Number of updated asset objects reloaded before import = 0
Number of asset objects unloaded after import = 1
========================================================================
Received Import Request.
  Time since last request: 0.000014 seconds.
  path: Assets/Cartoon Heroes/Character Prefabs
  artifactKey: Guid(a027c86982ae9a84db9d9292a2dd2556) Importer(2089858483,0ecaa5967403d082aa24f35e1b516d23)
Start importing Assets/Cartoon Heroes/Character Prefabs using Guid(a027c86982ae9a84db9d9292a2dd2556) Importer(2089858483,0ecaa5967403d082aa24f35e1b516d23) Generated GUIDs only implemented for interfaces!
 -> (artifact id: 'ebd2ba04b49cb3371bd1f8f3535705b9') in 0.027959 seconds
Number of updated asset objects reloaded before import = 0
Number of asset objects unloaded after import = 1
========================================================================
Received Import Request.
  Time since last request: 0.000012 seconds.
  path: Assets/Cartoon Heroes/Weapons/Sword_2/3D/Materials/Sword_2_Gray.mat
  artifactKey: Guid(5284465724a051a468950ae23b8e1186) Importer(2089858483,0ecaa5967403d082aa24f35e1b516d23)
Start importing Assets/Cartoon Heroes/Weapons/Sword_2/3D/Materials/Sword_2_Gray.mat using Guid(5284465724a051a468950ae23b8e1186) Importer(2089858483,0ecaa5967403d082aa24f35e1b516d23) Generated GUIDs only implemented for interfaces!
 -> (artifact id: 'e785f3d70f308823a0632e00adff7fda') in 0.020609 seconds
Number of updated asset objects reloaded before import = 0
Number of asset objects unloaded after import = 3
========================================================================
Received Import Request.
  Time since last request: 0.000013 seconds.
  path: Assets/Cartoon Heroes/Male/3D/Legs/Base Legs
  artifactKey: Guid(5647de74f2e35494e801cbc0e74ef77c) Importer(2089858483,0ecaa5967403d082aa24f35e1b516d23)
Start importing Assets/Cartoon Heroes/Male/3D/Legs/Base Legs using Guid(5647de74f2e35494e801cbc0e74ef77c) Importer(2089858483,0ecaa5967403d082aa24f35e1b516d23) Generated GUIDs only implemented for interfaces!
 -> (artifact id: 'c3ee58733461b36e85bce9b612796865') in 0.011065 seconds
Number of updated asset objects reloaded before import = 0
Number of asset objects unloaded after import = 1
========================================================================
Received Import Request.
  Time since last request: 0.000016 seconds.
  path: Assets/Cartoon Heroes/Male/3D/Animation Skeleton/Animations/Male_Animation@Male_Sword_Die.FBX
  artifactKey: Guid(fa48ae6d3a4854443898a58add5074ff) Importer(2089858483,0ecaa5967403d082aa24f35e1b516d23)
Start importing Assets/Cartoon Heroes/Male/3D/Animation Skeleton/Animations/Male_Animation@Male_Sword_Die.FBX using Guid(fa48ae6d3a4854443898a58add5074ff) Importer(2089858483,0ecaa5967403d082aa24f35e1b516d23) Generated GUIDs only implemented for interfaces!
 -> (artifact id: '09b86f0860073f5212aac0814d46a55e') in 0.053915 seconds
Number of updated asset objects reloaded before import = 0
Number of asset objects unloaded after import = 113
========================================================================
Received Import Request.
  Time since last request: 0.000249 seconds.
  path: Assets/Cartoon Heroes/Weapons/Sword_3
  artifactKey: Guid(7e23f20e238063e45bbb5cf4d35f4f5f) Importer(2089858483,0ecaa5967403d082aa24f35e1b516d23)
Start importing Assets/Cartoon Heroes/Weapons/Sword_3 using Guid(7e23f20e238063e45bbb5cf4d35f4f5f) Importer(2089858483,0ecaa5967403d082aa24f35e1b516d23) Generated GUIDs only implemented for interfaces!
 -> (artifact id: '53560804585b9d257e55463dea8b49fd') in 0.009812 seconds
Number of updated asset objects reloaded before import = 0
Number of asset objects unloaded after import = 1
========================================================================
Received Import Request.
  Time since last request: 0.000016 seconds.
  path: Assets/Cartoon Heroes/Male/3D/Animation Skeleton/Animations
  artifactKey: Guid(f1f6df6f4d537f645903694d123bf10c) Importer(2089858483,0ecaa5967403d082aa24f35e1b516d23)
Start importing Assets/Cartoon Heroes/Male/3D/Animation Skeleton/Animations using Guid(f1f6df6f4d537f645903694d123bf10c) Importer(2089858483,0ecaa5967403d082aa24f35e1b516d23) Generated GUIDs only implemented for interfaces!
 -> (artifact id: '9da8ed598255f3afe0ab6acf572f758c') in 0.022623 seconds
Number of updated asset objects reloaded before import = 0
Number of asset objects unloaded after import = 1
========================================================================
Received Import Request.
  Time since last request: 0.000016 seconds.
  path: Assets/Cartoon Heroes/Female/Textures/Legs
  artifactKey: Guid(368038f43b601f042953540246195760) Importer(2089858483,0ecaa5967403d082aa24f35e1b516d23)
Start importing Assets/Cartoon Heroes/Female/Textures/Legs using Guid(368038f43b601f042953540246195760) Importer(2089858483,0ecaa5967403d082aa24f35e1b516d23) Generated GUIDs only implemented for interfaces!
 -> (artifact id: '67ce20979fe495e14284e844a516dc23') in 0.020386 seconds
Number of updated asset objects reloaded before import = 0
Number of asset objects unloaded after import = 1
========================================================================
Received Import Request.
  Time since last request: 0.000216 seconds.
  path: Assets/Cartoon Heroes/Female/3D/Hairs/Hair_1/Materials/Female_Hair_1_Blond.mat
  artifactKey: Guid(2288758dcfc2a1f49bbddb9a8bfa5c85) Importer(2089858483,0ecaa5967403d082aa24f35e1b516d23)
Start importing Assets/Cartoon Heroes/Female/3D/Hairs/Hair_1/Materials/Female_Hair_1_Blond.mat using Guid(2288758dcfc2a1f49bbddb9a8bfa5c85) Importer(2089858483,0ecaa5967403d082aa24f35e1b516d23) Generated GUIDs only implemented for interfaces!
 -> (artifact id: '524686a4a06147f280b40be653393e28') in 0.052222 seconds
Number of updated asset objects reloaded before import = 0
Number of asset objects unloaded after import = 3
========================================================================
Received Import Request.
  Time since last request: 0.000113 seconds.
  path: Assets/Cartoon Heroes/Female/Textures/Hairs/Hair_3/Female_Hair_3.tga
  artifactKey: Guid(406a3462cd52d92429569ee770e848ba) Importer(2089858483,0ecaa5967403d082aa24f35e1b516d23)
Start importing Assets/Cartoon Heroes/Female/Textures/Hairs/Hair_3/Female_Hair_3.tga using Guid(406a3462cd52d92429569ee770e848ba) Importer(2089858483,0ecaa5967403d082aa24f35e1b516d23) Generated GUIDs only implemented for interfaces!
 -> (artifact id: '8e06bc64e679beac9ebd3bd4c16aed43') in 0.074818 seconds
Number of updated asset objects reloaded before import = 0
Number of asset objects unloaded after import = 1
========================================================================
Received Import Request.
  Time since last request: 0.000019 seconds.
  path: Assets/Cartoon Heroes/Male/3D/Legs/Base Legs/Materials
  artifactKey: Guid(0fc4624b80e51bd44b76e0c296a6c351) Importer(2089858483,0ecaa5967403d082aa24f35e1b516d23)
Start importing Assets/Cartoon Heroes/Male/3D/Legs/Base Legs/Materials using Guid(0fc4624b80e51bd44b76e0c296a6c351) Importer(2089858483,0ecaa5967403d082aa24f35e1b516d23) Generated GUIDs only implemented for interfaces!
 -> (artifact id: '64007423d67b988585e4ca4ef93215b6') in 0.059244 seconds
Number of updated asset objects reloaded before import = 0
Number of asset objects unloaded after import = 1
========================================================================
Received Import Request.
  Time since last request: 0.000229 seconds.
  path: Assets/Cartoon Heroes/Male/3D/Torsos/Torso_2/Materials
  artifactKey: Guid(04821e1de42d94e46a2fa6a2ba78b95d) Importer(2089858483,0ecaa5967403d082aa24f35e1b516d23)
Start importing Assets/Cartoon Heroes/Male/3D/Torsos/Torso_2/Materials using Guid(04821e1de42d94e46a2fa6a2ba78b95d) Importer(2089858483,0ecaa5967403d082aa24f35e1b516d23) Generated GUIDs only implemented for interfaces!
 -> (artifact id: '1a1680975bce2e571de8ed108bd6cd91') in 0.006928 seconds
Number of updated asset objects reloaded before import = 0
Number of asset objects unloaded after import = 1
========================================================================
Received Import Request.
  Time since last request: 0.000016 seconds.
  path: Assets/Cartoon Heroes/Female/3D/Torsos/Torso_3/Materials/Female_Torso_3_Skin.mat
  artifactKey: Guid(a20148f9afdb1a741a2cb99fee42ee51) Importer(2089858483,0ecaa5967403d082aa24f35e1b516d23)
Start importing Assets/Cartoon Heroes/Female/3D/Torsos/Torso_3/Materials/Female_Torso_3_Skin.mat using Guid(a20148f9afdb1a741a2cb99fee42ee51) Importer(2089858483,0ecaa5967403d082aa24f35e1b516d23) Generated GUIDs only implemented for interfaces!
 -> (artifact id: 'f22527fa695273fa5809bad47e33fb9f') in 0.017269 seconds
Number of updated asset objects reloaded before import = 0
Number of asset objects unloaded after import = 3
========================================================================
Received Import Request.
  Time since last request: 0.000015 seconds.
  path: Assets/Cartoon Heroes/Female/3D/Hairs/Hair_1
  artifactKey: Guid(fc52cc1b620b69649b9e390bd84396ad) Importer(2089858483,0ecaa5967403d082aa24f35e1b516d23)
Start importing Assets/Cartoon Heroes/Female/3D/Hairs/Hair_1 using Guid(fc52cc1b620b69649b9e390bd84396ad) Importer(2089858483,0ecaa5967403d082aa24f35e1b516d23) Generated GUIDs only implemented for interfaces!
 -> (artifact id: '8433270698a2532481b775a20a3f88ca') in 0.008302 seconds
Number of updated asset objects reloaded before import = 0
Number of asset objects unloaded after import = 1
========================================================================
Received Import Request.
  Time since last request: 0.000017 seconds.
  path: Assets/Cartoon Heroes/Character Prefabs/Female/Female A.prefab
  artifactKey: Guid(f018c9b8a16f9c3449b1c025f1a66ce4) Importer(2089858483,0ecaa5967403d082aa24f35e1b516d23)
Start importing Assets/Cartoon Heroes/Character Prefabs/Female/Female A.prefab using Guid(f018c9b8a16f9c3449b1c025f1a66ce4) Importer(2089858483,0ecaa5967403d082aa24f35e1b516d23) Generated GUIDs only implemented for interfaces!
 -> (artifact id: '1958b5c534715ff9b5d52e71ba6e08f6') in 0.081400 seconds
Number of updated asset objects reloaded before import = 0
Number of asset objects unloaded after import = 950
========================================================================
Received Import Request.
  Time since last request: 0.000015 seconds.
  path: Assets/Cartoon Heroes/Weapons/Sword_4
  artifactKey: Guid(fe48f68aaf487dc4f8e0ecbc4cabd472) Importer(2089858483,0ecaa5967403d082aa24f35e1b516d23)
Start importing Assets/Cartoon Heroes/Weapons/Sword_4 using Guid(fe48f68aaf487dc4f8e0ecbc4cabd472) Importer(2089858483,0ecaa5967403d082aa24f35e1b516d23) Generated GUIDs only implemented for interfaces!
 -> (artifact id: '303b8497742453978f59d41b85f7878f') in 0.042821 seconds
Number of updated asset objects reloaded before import = 0
Number of asset objects unloaded after import = 1
========================================================================
Received Import Request.
  Time since last request: 0.000038 seconds.
  path: Assets/Cartoon Heroes/Male/Textures/Hairs/Hair_1/Male_Hair_1_Normals.tga
  artifactKey: Guid(88d9a40737bb7424b8ee0c1304e0d884) Importer(2089858483,0ecaa5967403d082aa24f35e1b516d23)
Start importing Assets/Cartoon Heroes/Male/Textures/Hairs/Hair_1/Male_Hair_1_Normals.tga using Guid(88d9a40737bb7424b8ee0c1304e0d884) Importer(2089858483,0ecaa5967403d082aa24f35e1b516d23) Generated GUIDs only implemented for interfaces!
 -> (artifact id: '61995c1b94b6d94f38142bd5a27601c0') in 0.389785 seconds
Number of updated asset objects reloaded before import = 0
Number of asset objects unloaded after import = 1
========================================================================
Received Import Request.
  Time since last request: 0.000230 seconds.
  path: Assets/Cartoon Heroes/Male/3D/Hairs/Hair_1/Materials/Male_Hair_1_Black.mat
  artifactKey: Guid(55ad61842b02c3a45871931aaa2a255e) Importer(2089858483,0ecaa5967403d082aa24f35e1b516d23)
Start importing Assets/Cartoon Heroes/Male/3D/Hairs/Hair_1/Materials/Male_Hair_1_Black.mat using Guid(55ad61842b02c3a45871931aaa2a255e) Importer(2089858483,0ecaa5967403d082aa24f35e1b516d23) Generated GUIDs only implemented for interfaces!
 -> (artifact id: '0b74470c5681cc6cc83fda2feb7884de') in 0.012560 seconds
Number of updated asset objects reloaded before import = 0
Number of asset objects unloaded after import = 2
========================================================================
Received Import Request.
  Time since last request: 0.000018 seconds.
  path: Assets/Cartoon Heroes/Female/3D/Legs/Legs_1/Materials/Female_Legs_1_Skin_Light.mat
  artifactKey: Guid(350a99ec045aeee4fa6fa4bbe322891a) Importer(2089858483,0ecaa5967403d082aa24f35e1b516d23)
Start importing Assets/Cartoon Heroes/Female/3D/Legs/Legs_1/Materials/Female_Legs_1_Skin_Light.mat using Guid(350a99ec045aeee4fa6fa4bbe322891a) Importer(2089858483,0ecaa5967403d082aa24f35e1b516d23) Generated GUIDs only implemented for interfaces!
 -> (artifact id: '7bef5d3fde6cbd9020ebf05eb9a94956') in 0.040909 seconds
Number of updated asset objects reloaded before import = 0
Number of asset objects unloaded after import = 3
========================================================================
Received Import Request.
  Time since last request: 0.000015 seconds.
  path: Assets/Cartoon Heroes/Male/3D/Heads/Head_1/Materials
  artifactKey: Guid(390ad4fac70d0094195912b0b5b50877) Importer(2089858483,0ecaa5967403d082aa24f35e1b516d23)
Start importing Assets/Cartoon Heroes/Male/3D/Heads/Head_1/Materials using Guid(390ad4fac70d0094195912b0b5b50877) Importer(2089858483,0ecaa5967403d082aa24f35e1b516d23) Generated GUIDs only implemented for interfaces!
 -> (artifact id: '628483b2de6c54b15b4058c4a811c416') in 0.029006 seconds
Number of updated asset objects reloaded before import = 0
Number of asset objects unloaded after import = 1
========================================================================
Received Import Request.
  Time since last request: 0.000044 seconds.
  path: Assets/Cartoon Heroes/Weapons/Sword_3/3D/Materials/Sword_3.mat
  artifactKey: Guid(f359025a4fcdd07499c068b0be83bc0c) Importer(2089858483,0ecaa5967403d082aa24f35e1b516d23)
Start importing Assets/Cartoon Heroes/Weapons/Sword_3/3D/Materials/Sword_3.mat using Guid(f359025a4fcdd07499c068b0be83bc0c) Importer(2089858483,0ecaa5967403d082aa24f35e1b516d23) Generated GUIDs only implemented for interfaces!
 -> (artifact id: 'fd2058c9171b281ab089f470d386509d') in 0.015210 seconds
Number of updated asset objects reloaded before import = 0
Number of asset objects unloaded after import = 1
========================================================================
Received Import Request.
  Time since last request: 0.000013 seconds.
  path: Assets/Cartoon Heroes/Male/Textures/Torsos/Torso_1/Male_Torso_1_Normals.tga
  artifactKey: Guid(28cb9d7c7f5470d4d98b38102298557e) Importer(2089858483,0ecaa5967403d082aa24f35e1b516d23)
Start importing Assets/Cartoon Heroes/Male/Textures/Torsos/Torso_1/Male_Torso_1_Normals.tga using Guid(28cb9d7c7f5470d4d98b38102298557e) Importer(2089858483,0ecaa5967403d082aa24f35e1b516d23) Generated GUIDs only implemented for interfaces!
 -> (artifact id: 'b96276e295443a114122719995176cd7') in 0.056951 seconds
Number of updated asset objects reloaded before import = 0
Number of asset objects unloaded after import = 1
========================================================================
Received Import Request.
  Time since last request: 0.000488 seconds.
  path: Assets/Cartoon Heroes/Male/Textures/Heads/Head_3
  artifactKey: Guid(17f581c4571d0374e98678421b00b8d8) Importer(2089858483,0ecaa5967403d082aa24f35e1b516d23)
Start importing Assets/Cartoon Heroes/Male/Textures/Heads/Head_3 using Guid(17f581c4571d0374e98678421b00b8d8) Importer(2089858483,0ecaa5967403d082aa24f35e1b516d23) Generated GUIDs only implemented for interfaces!
 -> (artifact id: '407a514785df535247cf0883dd36b022') in 0.008316 seconds
Number of updated asset objects reloaded before import = 0
Number of asset objects unloaded after import = 1
========================================================================
Received Import Request.
  Time since last request: 0.000015 seconds.
  path: Assets/Cartoon Heroes/Male/Textures/Torsos/Torso_2/Male_Torso_2_Blue.tga
  artifactKey: Guid(f96fd69eb7b0e654cbd0a40ab5bf51ad) Importer(2089858483,0ecaa5967403d082aa24f35e1b516d23)
Start importing Assets/Cartoon Heroes/Male/Textures/Torsos/Torso_2/Male_Torso_2_Blue.tga using Guid(f96fd69eb7b0e654cbd0a40ab5bf51ad) Importer(2089858483,0ecaa5967403d082aa24f35e1b516d23) Generated GUIDs only implemented for interfaces!
 -> (artifact id: '5009c0ab912e9136f3785c5895af9d6d') in 0.051124 seconds
Number of updated asset objects reloaded before import = 0
Number of asset objects unloaded after import = 1
========================================================================
Received Import Request.
  Time since last request: 0.000118 seconds.
  path: Assets/Cartoon Heroes/Male/3D/Legs/Legs_3/Male_Legs_3.FBX
  artifactKey: Guid(a21dffdbb678b38439d8c5954c371701) Importer(2089858483,0ecaa5967403d082aa24f35e1b516d23)
Start importing Assets/Cartoon Heroes/Male/3D/Legs/Legs_3/Male_Legs_3.FBX using Guid(a21dffdbb678b38439d8c5954c371701) Importer(2089858483,0ecaa5967403d082aa24f35e1b516d23) Generated GUIDs only implemented for interfaces!
 -> (artifact id: 'af03952d11ea897d783cb65699f2fe53') in 0.044977 seconds
Number of updated asset objects reloaded before import = 0
Number of asset objects unloaded after import = 32
========================================================================
Received Import Request.
  Time since last request: 0.000278 seconds.
  path: Assets/Cartoon Heroes/Male/3D/Torsos/Base Torso/Materials/Male_Base_Torso_Light.mat
  artifactKey: Guid(ac1c2d6fecc6e3b4c95808616cac1d39) Importer(2089858483,0ecaa5967403d082aa24f35e1b516d23)
Start importing Assets/Cartoon Heroes/Male/3D/Torsos/Base Torso/Materials/Male_Base_Torso_Light.mat using Guid(ac1c2d6fecc6e3b4c95808616cac1d39) Importer(2089858483,0ecaa5967403d082aa24f35e1b516d23) Generated GUIDs only implemented for interfaces!
 -> (artifact id: '4842f96581cb5b96c8f6116a9f80d82c') in 0.020759 seconds
Number of updated asset objects reloaded before import = 0
Number of asset objects unloaded after import = 3
========================================================================
Received Import Request.
  Time since last request: 0.000027 seconds.
  path: Assets/Cartoon Heroes/Male/Textures/Torsos/Torso_2/Male_Torso_2_Skin.tga
  artifactKey: Guid(95fcda66108d0fa4c934063a058575ca) Importer(2089858483,0ecaa5967403d082aa24f35e1b516d23)
Start importing Assets/Cartoon Heroes/Male/Textures/Torsos/Torso_2/Male_Torso_2_Skin.tga using Guid(95fcda66108d0fa4c934063a058575ca) Importer(2089858483,0ecaa5967403d082aa24f35e1b516d23) Generated GUIDs only implemented for interfaces!
 -> (artifact id: '35e772c52ccadefa4828b6ee0ee0ae90') in 0.035418 seconds
Number of updated asset objects reloaded before import = 0
Number of asset objects unloaded after import = 1
========================================================================
Received Import Request.
  Time since last request: 0.000041 seconds.
  path: Assets/Cartoon Heroes/Female/3D/Hairs/Hair_2/Female_Hair_2.FBX
  artifactKey: Guid(4eb7344e4bf8a3e48b8f9dfaf77c996a) Importer(2089858483,0ecaa5967403d082aa24f35e1b516d23)
Start importing Assets/Cartoon Heroes/Female/3D/Hairs/Hair_2/Female_Hair_2.FBX using Guid(4eb7344e4bf8a3e48b8f9dfaf77c996a) Importer(2089858483,0ecaa5967403d082aa24f35e1b516d23) Generated GUIDs only implemented for interfaces!
 -> (artifact id: 'dd58379d37b3346944fee8b4c66dda41') in 0.041200 seconds
Number of updated asset objects reloaded before import = 0
Number of asset objects unloaded after import = 12
========================================================================
Received Import Request.
  Time since last request: 0.000016 seconds.
  path: Assets/Sequences/TutorialTimeline.playable
  artifactKey: Guid(df976323259e4614fa39d0d4d0cfa93b) Importer(2089858483,0ecaa5967403d082aa24f35e1b516d23)
Start importing Assets/Sequences/TutorialTimeline.playable using Guid(df976323259e4614fa39d0d4d0cfa93b) Importer(2089858483,0ecaa5967403d082aa24f35e1b516d23) Generated GUIDs only implemented for interfaces!
 -> (artifact id: '2e9bc729128157516c5b93cf1cb731fb') in 0.100267 seconds
Number of updated asset objects reloaded before import = 0
Number of asset objects unloaded after import = 11
========================================================================
Received Import Request.
  Time since last request: 0.000013 seconds.
  path: Assets/Cartoon Heroes/Male/3D/Legs
  artifactKey: Guid(a18756644b12475488138e0b273e5006) Importer(2089858483,0ecaa5967403d082aa24f35e1b516d23)
Start importing Assets/Cartoon Heroes/Male/3D/Legs using Guid(a18756644b12475488138e0b273e5006) Importer(2089858483,0ecaa5967403d082aa24f35e1b516d23) Generated GUIDs only implemented for interfaces!
 -> (artifact id: 'e2dd3f4fe2ae78a8b85cbc5316515764') in 0.024138 seconds
Number of updated asset objects reloaded before import = 0
Number of asset objects unloaded after import = 1
========================================================================
Received Import Request.
  Time since last request: 0.000013 seconds.
  path: Assets/Cartoon Heroes/Weapons/Sword_2/3D/Materials
  artifactKey: Guid(40189d4abadca364f939412fd5b289ad) Importer(2089858483,0ecaa5967403d082aa24f35e1b516d23)
Start importing Assets/Cartoon Heroes/Weapons/Sword_2/3D/Materials using Guid(40189d4abadca364f939412fd5b289ad) Importer(2089858483,0ecaa5967403d082aa24f35e1b516d23) Generated GUIDs only implemented for interfaces!
 -> (artifact id: '15e1e2cfa2368bc54fec20174cdaef34') in 0.017395 seconds
Number of updated asset objects reloaded before import = 0
Number of asset objects unloaded after import = 1
========================================================================
Received Import Request.
  Time since last request: 0.000019 seconds.
  path: Assets/Cartoon Heroes/Male/Textures/Torsos/Torso_3/Male_Torso_3_Blue.tga
  artifactKey: Guid(502c3c29ee50b7943a9cd75d35ce3c3c) Importer(2089858483,0ecaa5967403d082aa24f35e1b516d23)
Start importing Assets/Cartoon Heroes/Male/Textures/Torsos/Torso_3/Male_Torso_3_Blue.tga using Guid(502c3c29ee50b7943a9cd75d35ce3c3c) Importer(2089858483,0ecaa5967403d082aa24f35e1b516d23) Generated GUIDs only implemented for interfaces!
 -> (artifact id: '2989805a4866abe3cd9ac5e50b9257bd') in 0.046998 seconds
Number of updated asset objects reloaded before import = 0
Number of asset objects unloaded after import = 1
========================================================================
Received Import Request.
  Time since last request: 0.000024 seconds.
  path: Assets/Cartoon Heroes/Male/3D/Hairs/Hair_3/Materials
  artifactKey: Guid(5af3a4da236a0cc4295490d8e6badc12) Importer(2089858483,0ecaa5967403d082aa24f35e1b516d23)
Start importing Assets/Cartoon Heroes/Male/3D/Hairs/Hair_3/Materials using Guid(5af3a4da236a0cc4295490d8e6badc12) Importer(2089858483,0ecaa5967403d082aa24f35e1b516d23) Generated GUIDs only implemented for interfaces!
 -> (artifact id: 'd949c26a18460c367c384e38111922e3') in 0.008834 seconds
Number of updated asset objects reloaded before import = 0
Number of asset objects unloaded after import = 1
========================================================================
Received Import Request.
  Time since last request: 0.000064 seconds.
  path: Assets/Cartoon Heroes/Male/Textures/Torsos/Torso_3/Male_Torso_3_Yellow.tga
  artifactKey: Guid(47fdd8c7547eb5749ad4cbc84a681b71) Importer(2089858483,0ecaa5967403d082aa24f35e1b516d23)
Start importing Assets/Cartoon Heroes/Male/Textures/Torsos/Torso_3/Male_Torso_3_Yellow.tga using Guid(47fdd8c7547eb5749ad4cbc84a681b71) Importer(2089858483,0ecaa5967403d082aa24f35e1b516d23) Generated GUIDs only implemented for interfaces!
 -> (artifact id: '13024078ec9a5a6ed9200739f243a663') in 0.062322 seconds
Number of updated asset objects reloaded before import = 0
Number of asset objects unloaded after import = 1
========================================================================
Received Import Request.
  Time since last request: 0.000023 seconds.
  path: Assets/Cartoon Heroes/Female/3D/Torsos/Base Torso
  artifactKey: Guid(7c0c02eca744cb84eaeb311cd60e8b15) Importer(2089858483,0ecaa5967403d082aa24f35e1b516d23)
Start importing Assets/Cartoon Heroes/Female/3D/Torsos/Base Torso using Guid(7c0c02eca744cb84eaeb311cd60e8b15) Importer(2089858483,0ecaa5967403d082aa24f35e1b516d23) Generated GUIDs only implemented for interfaces!
 -> (artifact id: 'c6224f23e20b9ce6a9dd081f4925065e') in 0.028021 seconds
Number of updated asset objects reloaded before import = 0
Number of asset objects unloaded after import = 1
========================================================================
Received Import Request.
  Time since last request: 0.000022 seconds.
  path: Assets/Cartoon Heroes/Female/Textures/Legs/Legs_1/Female_Legs_1_Normals.tga
  artifactKey: Guid(ce609b68f9b608f4583de060bef9c550) Importer(2089858483,0ecaa5967403d082aa24f35e1b516d23)
Start importing Assets/Cartoon Heroes/Female/Textures/Legs/Legs_1/Female_Legs_1_Normals.tga using Guid(ce609b68f9b608f4583de060bef9c550) Importer(2089858483,0ecaa5967403d082aa24f35e1b516d23) Generated GUIDs only implemented for interfaces!
 -> (artifact id: '9c2b57fff1fc185d9c3794bb3f5b1de7') in 0.042128 seconds
Number of updated asset objects reloaded before import = 0
Number of asset objects unloaded after import = 1
========================================================================
Received Import Request.
  Time since last request: 0.000139 seconds.
  path: Assets/TextMesh Pro/Resources/Sprite Assets/EmojiOne.asset
  artifactKey: Guid(c41005c129ba4d66911b75229fd70b45) Importer(2089858483,0ecaa5967403d082aa24f35e1b516d23)
Start importing Assets/TextMesh Pro/Resources/Sprite Assets/EmojiOne.asset using Guid(c41005c129ba4d66911b75229fd70b45) Importer(2089858483,0ecaa5967403d082aa24f35e1b516d23) Generated GUIDs only implemented for interfaces!
 -> (artifact id: '5c7f4284dcc35fc8f2f9232fc626d68c') in 0.020208 seconds
Number of updated asset objects reloaded before import = 0
Number of asset objects unloaded after import = 3
========================================================================
Received Import Request.
  Time since last request: 0.000019 seconds.
  path: Assets/NewLayer.terrainlayer
  artifactKey: Guid(d9096b9f591d2e74885bfbf152525315) Importer(2089858483,0ecaa5967403d082aa24f35e1b516d23)
Start importing Assets/NewLayer.terrainlayer using Guid(d9096b9f591d2e74885bfbf152525315) Importer(2089858483,0ecaa5967403d082aa24f35e1b516d23) Generated GUIDs only implemented for interfaces!
 -> (artifact id: '3d240a552d7a5f36bcc2cd6886f1590b') in 0.018637 seconds
Number of updated asset objects reloaded before import = 0
Number of asset objects unloaded after import = 2
========================================================================
Received Import Request.
  Time since last request: 0.000025 seconds.
  path: Assets/Cyberpunk Car/Models
  artifactKey: Guid(1c65ea26c0a6f214c862470c65da5054) Importer(2089858483,0ecaa5967403d082aa24f35e1b516d23)
Start importing Assets/Cyberpunk Car/Models using Guid(1c65ea26c0a6f214c862470c65da5054) Importer(2089858483,0ecaa5967403d082aa24f35e1b516d23) Generated GUIDs only implemented for interfaces!
 -> (artifact id: '8c0b3757c27c0a3b90cdf5dd89f1af03') in 0.025454 seconds
Number of updated asset objects reloaded before import = 0
Number of asset objects unloaded after import = 1
========================================================================
Received Import Request.
  Time since last request: 0.000020 seconds.
  path: Assets/Cyberpunk Car/Models/Materials
  artifactKey: Guid(f5124a9c08dee4f46ba489aa22080de5) Importer(2089858483,0ecaa5967403d082aa24f35e1b516d23)
Start importing Assets/Cyberpunk Car/Models/Materials using Guid(f5124a9c08dee4f46ba489aa22080de5) Importer(2089858483,0ecaa5967403d082aa24f35e1b516d23) Generated GUIDs only implemented for interfaces!
 -> (artifact id: 'a5c38b4296cd3c4c1c043a663a666420') in 0.022077 seconds
Number of updated asset objects reloaded before import = 0
Number of asset objects unloaded after import = 1
========================================================================
Received Import Request.
  Time since last request: 0.000051 seconds.
  path: Assets/Cyberpunk Car/Textures/Cyberpunk_Car_Glass_A.tga
  artifactKey: Guid(6e838dbee7b03fd40b87ad91c9e93e05) Importer(2089858483,0ecaa5967403d082aa24f35e1b516d23)
Start importing Assets/Cyberpunk Car/Textures/Cyberpunk_Car_Glass_A.tga using Guid(6e838dbee7b03fd40b87ad91c9e93e05) Importer(2089858483,0ecaa5967403d082aa24f35e1b516d23) Generated GUIDs only implemented for interfaces!
 -> (artifact id: 'c83c73fffaff0a146a4fdb276e93fed1') in 0.053712 seconds
Number of updated asset objects reloaded before import = 0
Number of asset objects unloaded after import = 1
========================================================================
Received Import Request.
  Time since last request: 0.000377 seconds.
  path: Assets/Cyberpunk Car/Models/Materials/Cyberpunk_Car_Door.mat
  artifactKey: Guid(84de3e0389299b24192fd4c1b229454e) Importer(2089858483,0ecaa5967403d082aa24f35e1b516d23)
Start importing Assets/Cyberpunk Car/Models/Materials/Cyberpunk_Car_Door.mat using Guid(84de3e0389299b24192fd4c1b229454e) Importer(2089858483,0ecaa5967403d082aa24f35e1b516d23) Generated GUIDs only implemented for interfaces!
 -> (artifact id: 'ad7608b768c37773cdaeeb1486815a7a') in 0.038771 seconds
Number of updated asset objects reloaded before import = 0
Number of asset objects unloaded after import = 6
========================================================================
Received Import Request.
  Time since last request: 0.000016 seconds.
  path: Assets/Cyberpunk Car/Models/Materials/Cyberpunk_Car_Glass_01.mat
  artifactKey: Guid(4a400ba5151dee34e8fb848bd29a0cbe) Importer(2089858483,0ecaa5967403d082aa24f35e1b516d23)
Start importing Assets/Cyberpunk Car/Models/Materials/Cyberpunk_Car_Glass_01.mat using Guid(4a400ba5151dee34e8fb848bd29a0cbe) Importer(2089858483,0ecaa5967403d082aa24f35e1b516d23) Generated GUIDs only implemented for interfaces!
 -> (artifact id: '52f147ae2c2582ba7d4351cc149bd25c') in 0.034263 seconds
Number of updated asset objects reloaded before import = 0
Number of asset objects unloaded after import = 6
========================================================================
Received Import Request.
  Time since last request: 0.000014 seconds.
  path: Assets/Cyberpunk Car/Textures/Cyberpunk_Car_Door_N.tga
  artifactKey: Guid(2778aafb732a0be4ab213286691488de) Importer(2089858483,0ecaa5967403d082aa24f35e1b516d23)
Start importing Assets/Cyberpunk Car/Textures/Cyberpunk_Car_Door_N.tga using Guid(2778aafb732a0be4ab213286691488de) Importer(2089858483,0ecaa5967403d082aa24f35e1b516d23) Generated GUIDs only implemented for interfaces!
 -> (artifact id: '7b51ef1c9afb91ffda64e0f2ff3cd289') in 0.077973 seconds
Number of updated asset objects reloaded before import = 0
Number of asset objects unloaded after import = 1
========================================================================
Received Import Request.
  Time since last request: 0.000060 seconds.
  path: Assets/TextMesh Pro/Shaders
  artifactKey: Guid(e9f693669af91aa45ad615fc681ed29f) Importer(2089858483,0ecaa5967403d082aa24f35e1b516d23)
Start importing Assets/TextMesh Pro/Shaders using Guid(e9f693669af91aa45ad615fc681ed29f) Importer(2089858483,0ecaa5967403d082aa24f35e1b516d23) Generated GUIDs only implemented for interfaces!
 -> (artifact id: 'e34dafc60801541a6bf20bd9865765d1') in 0.017509 seconds
Number of updated asset objects reloaded before import = 0
Number of asset objects unloaded after import = 1
========================================================================
Received Import Request.
  Time since last request: 0.000015 seconds.
  path: Assets/Cartoon Heroes/Male/3D/Torsos/Torso_3/Male_Torso_3.FBX
  artifactKey: Guid(e8eb09b19391bfe4eab8554eac44634f) Importer(2089858483,0ecaa5967403d082aa24f35e1b516d23)
Start importing Assets/Cartoon Heroes/Male/3D/Torsos/Torso_3/Male_Torso_3.FBX using Guid(e8eb09b19391bfe4eab8554eac44634f) Importer(2089858483,0ecaa5967403d082aa24f35e1b516d23) Generated GUIDs only implemented for interfaces!
 -> (artifact id: '0db028b00c4218e347604bf73877d7f2') in 0.046107 seconds
Number of updated asset objects reloaded before import = 0
Number of asset objects unloaded after import = 100
========================================================================
Received Import Request.
  Time since last request: 0.000013 seconds.
  path: Assets/Codes/MovingCube.cs
  artifactKey: Guid(254b292be60e6a645846f710336be5c3) Importer(2089858483,0ecaa5967403d082aa24f35e1b516d23)
Start importing Assets/Codes/MovingCube.cs using Guid(254b292be60e6a645846f710336be5c3) Importer(2089858483,0ecaa5967403d082aa24f35e1b516d23) Generated GUIDs only implemented for interfaces!
 -> (artifact id: 'c33b6d97806c11ebc315f68cd22d49a1') in 0.013976 seconds
Number of updated asset objects reloaded before import = 0
Number of asset objects unloaded after import = 1
========================================================================
Received Import Request.
  Time since last request: 0.000015 seconds.
  path: Assets/Cartoon Heroes/Male/3D/Torsos/Base Torso/Male_Base_Torso.FBX
  artifactKey: Guid(0785e19d7558bf542ac3ec73faaf7709) Importer(2089858483,0ecaa5967403d082aa24f35e1b516d23)
Start importing Assets/Cartoon Heroes/Male/3D/Torsos/Base Torso/Male_Base_Torso.FBX using Guid(0785e19d7558bf542ac3ec73faaf7709) Importer(2089858483,0ecaa5967403d082aa24f35e1b516d23) Generated GUIDs only implemented for interfaces!
 -> (artifact id: 'c7c73dd1e18afad5d23da42640789068') in 0.095977 seconds
Number of updated asset objects reloaded before import = 0
Number of asset objects unloaded after import = 100
========================================================================
Received Import Request.
  Time since last request: 0.000018 seconds.
  path: Assets/Cartoon Heroes/Male/Textures/Torsos/Torso_1/Male_Torso_1_Skin_Normals.tga
  artifactKey: Guid(63172af5ef1e52b4c9d045eeaa4b57ba) Importer(2089858483,0ecaa5967403d082aa24f35e1b516d23)
Start importing Assets/Cartoon Heroes/Male/Textures/Torsos/Torso_1/Male_Torso_1_Skin_Normals.tga using Guid(63172af5ef1e52b4c9d045eeaa4b57ba) Importer(2089858483,0ecaa5967403d082aa24f35e1b516d23) Generated GUIDs only implemented for interfaces!
 -> (artifact id: '9a7ec1a03d3b8389e420017a272fac23') in 0.049170 seconds
Number of updated asset objects reloaded before import = 0
Number of asset objects unloaded after import = 1
========================================================================
Received Import Request.
  Time since last request: 0.000118 seconds.
  path: Assets/TerrainDatas/TerrainData_1ce078f8-91d1-43a6-9c98-73ebfea34c22.asset
  artifactKey: Guid(1101c4e5098a1254aba6af069b3f4d3b) Importer(2089858483,0ecaa5967403d082aa24f35e1b516d23)
Start importing Assets/TerrainDatas/TerrainData_1ce078f8-91d1-43a6-9c98-73ebfea34c22.asset using Guid(1101c4e5098a1254aba6af069b3f4d3b) Importer(2089858483,0ecaa5967403d082aa24f35e1b516d23) Generated GUIDs only implemented for interfaces!
 -> (artifact id: '079e42c81364d67ce5501edab0be164d') in 0.020916 seconds
Number of updated asset objects reloaded before import = 0
Number of asset objects unloaded after import = 1
========================================================================
Received Import Request.
  Time since last request: 0.000015 seconds.
  path: Assets/Cartoon Heroes/Female/Textures/Torsos/Torso_3/Female_Torso_3_Skin.tga
  artifactKey: Guid(e1a544a448061d745a357e31fe6d8b58) Importer(2089858483,0ecaa5967403d082aa24f35e1b516d23)
Start importing Assets/Cartoon Heroes/Female/Textures/Torsos/Torso_3/Female_Torso_3_Skin.tga using Guid(e1a544a448061d745a357e31fe6d8b58) Importer(2089858483,0ecaa5967403d082aa24f35e1b516d23) Generated GUIDs only implemented for interfaces!
 -> (artifact id: '59edf13ee97a661f7425d9bcf41c2f3a') in 0.052047 seconds
Number of updated asset objects reloaded before import = 0
Number of asset objects unloaded after import = 1
========================================================================
Received Import Request.
  Time since last request: 0.000016 seconds.
  path: Assets/Cartoon Heroes/Female/Textures/Heads/Head_2/Female_Head_2.tga
  artifactKey: Guid(7be22a6aabf5a8c4ebc6f53c132810cc) Importer(2089858483,0ecaa5967403d082aa24f35e1b516d23)
Start importing Assets/Cartoon Heroes/Female/Textures/Heads/Head_2/Female_Head_2.tga using Guid(7be22a6aabf5a8c4ebc6f53c132810cc) Importer(2089858483,0ecaa5967403d082aa24f35e1b516d23) Generated GUIDs only implemented for interfaces!
 -> (artifact id: 'd455f4ae5acc89a2a19723c6167bd570') in 0.049891 seconds
Number of updated asset objects reloaded before import = 0
Number of asset objects unloaded after import = 1
========================================================================
Received Import Request.
  Time since last request: 0.000404 seconds.
  path: Assets/TerrainDatas/TerrainData_216ba48a-8f6a-4171-9fcd-0becfbdd1334.asset
  artifactKey: Guid(163da32bc3ae37f4286716e131bcea13) Importer(2089858483,3d70f49cd1c2eb9ae422958d1c652c6b)
Start importing Assets/TerrainDatas/TerrainData_216ba48a-8f6a-4171-9fcd-0becfbdd1334.asset using Guid(163da32bc3ae37f4286716e131bcea13) Importer(2089858483,3d70f49cd1c2eb9ae422958d1c652c6b) Generated GUIDs only implemented for interfaces!
 -> (artifact id: '8b03b5471401f675891b4270f7e60015') in 0.030510 seconds
Number of updated asset objects reloaded before import = 0
Number of asset objects unloaded after import = 0
========================================================================
Received Import Request.
  Time since last request: 0.000050 seconds.
  path: Assets/TextMesh Pro/Shaders/TMP_SDF-Surface-Mobile.shader
  artifactKey: Guid(85187c2149c549c5b33f0cdb02836b17) Importer(2089858483,0ecaa5967403d082aa24f35e1b516d23)
Start importing Assets/TextMesh Pro/Shaders/TMP_SDF-Surface-Mobile.shader using Guid(85187c2149c549c5b33f0cdb02836b17) Importer(2089858483,0ecaa5967403d082aa24f35e1b516d23) Generated GUIDs only implemented for interfaces!
 -> (artifact id: '254ed4f484b69ec5a853c0ab7d5511c8') in 0.019594 seconds
Number of updated asset objects reloaded before import = 0
Number of asset objects unloaded after import = 1
========================================================================
Received Import Request.
  Time since last request: 0.000019 seconds.
  path: Assets/Cartoon Heroes/Female/Textures/Heads/Head_2/Female_Head_2_Normals.tga
  artifactKey: Guid(e08c4158e9f33e24fabb65e0630748c4) Importer(2089858483,0ecaa5967403d082aa24f35e1b516d23)
Start importing Assets/Cartoon Heroes/Female/Textures/Heads/Head_2/Female_Head_2_Normals.tga using Guid(e08c4158e9f33e24fabb65e0630748c4) Importer(2089858483,0ecaa5967403d082aa24f35e1b516d23) Generated GUIDs only implemented for interfaces!
 -> (artifact id: '3099bfe4c81afcf1880f4cff1bb93c19') in 0.044145 seconds
Number of updated asset objects reloaded before import = 0
Number of asset objects unloaded after import = 1
========================================================================
Received Import Request.
  Time since last request: 0.006099 seconds.
  path: Assets/Cartoon Heroes/Female/Textures/Hairs
  artifactKey: Guid(0bd36f6bc307d554498e0cae35083398) Importer(2089858483,0ecaa5967403d082aa24f35e1b516d23)
Start importing Assets/Cartoon Heroes/Female/Textures/Hairs using Guid(0bd36f6bc307d554498e0cae35083398) Importer(2089858483,0ecaa5967403d082aa24f35e1b516d23) Generated GUIDs only implemented for interfaces!
 -> (artifact id: '5d569371bd6719a28d70d5ffa8f3e757') in 0.031733 seconds
Number of updated asset objects reloaded before import = 0
Number of asset objects unloaded after import = 1
Editor requested this worker to shutdown with reason: balancing worker count downwards
TcpMessagingSession - receive error
AssetImportWorkerClient::OnTransportError - code=2 error=End of file
AssetImportWorker is now disconnected from the server
Process exiting
Exiting without the bug reporter. Application will terminate with return code 0