Using pre-set license
Built from '2022.3/staging' branch; Version is '2022.3.10f1 (ff3792e53c62) revision 16725906'; Using compiler version '192829333'; Build Type 'Release'
OS: 'Windows 10  (10.0.19045) 64bit Professional' Language: 'tr' Physical Memory: 16295 MB
BatchMode: 1, IsHumanControllingUs: 0, StartBugReporterOnCrash: 0, Is64bit: 1, IsPro: 1

COMMAND LINE ARGUMENTS:
C:\2022.3.10f1\Editor\Unity.exe
-adb2
-batchMode
-noUpm
-name
AssetImportWorker2
-projectPath
D:/Unity Projects/TutorialProject
-logFile
Logs/AssetImportWorker2.log
-srvPort
58914
Successfully changed project path to: D:/Unity Projects/TutorialProject
D:/Unity Projects/TutorialProject
[UnityMemory] Configuration Parameters - Can be set up in boot.config
    "memorysetup-bucket-allocator-granularity=16"
    "memorysetup-bucket-allocator-bucket-count=8"
    "memorysetup-bucket-allocator-block-size=33554432"
    "memorysetup-bucket-allocator-block-count=8"
    "memorysetup-main-allocator-block-size=16777216"
    "memorysetup-thread-allocator-block-size=16777216"
    "memorysetup-gfx-main-allocator-block-size=16777216"
    "memorysetup-gfx-thread-allocator-block-size=16777216"
    "memorysetup-cache-allocator-block-size=4194304"
    "memorysetup-typetree-allocator-block-size=2097152"
    "memorysetup-profiler-bucket-allocator-granularity=16"
    "memorysetup-profiler-bucket-allocator-bucket-count=8"
    "memorysetup-profiler-bucket-allocator-block-size=33554432"
    "memorysetup-profiler-bucket-allocator-block-count=8"
    "memorysetup-profiler-allocator-block-size=16777216"
    "memorysetup-profiler-editor-allocator-block-size=1048576"
    "memorysetup-temp-allocator-size-main=16777216"
    "memorysetup-job-temp-allocator-block-size=2097152"
    "memorysetup-job-temp-allocator-block-size-background=1048576"
    "memorysetup-job-temp-allocator-reduction-small-platforms=262144"
    "memorysetup-allocator-temp-initial-block-size-main=262144"
    "memorysetup-allocator-temp-initial-block-size-worker=262144"
    "memorysetup-temp-allocator-size-background-worker=32768"
    "memorysetup-temp-allocator-size-job-worker=262144"
    "memorysetup-temp-allocator-size-preload-manager=33554432"
    "memorysetup-temp-allocator-size-nav-mesh-worker=65536"
    "memorysetup-temp-allocator-size-audio-worker=65536"
    "memorysetup-temp-allocator-size-cloud-worker=32768"
    "memorysetup-temp-allocator-size-gi-baking-worker=262144"
    "memorysetup-temp-allocator-size-gfx=262144"
Player connection [26836] Host "[IP] 192.168.1.103 [Port] 0 [Flags] 2 [Guid] 2864674697 [EditorId] 2864674697 [Version] 1048832 [Id] WindowsEditor(7,DESKTOP-KVK01LC) [Debug] 1 [PackageName] WindowsEditor [ProjectName] Editor" joined multi-casting on [225.0.0.222:54997]...

Player connection [26836] Host "[IP] 192.168.1.103 [Port] 0 [Flags] 2 [Guid] 2864674697 [EditorId] 2864674697 [Version] 1048832 [Id] WindowsEditor(7,DESKTOP-KVK01LC) [Debug] 1 [PackageName] WindowsEditor [ProjectName] Editor" joined alternative multi-casting on [225.0.0.222:34997]...

[Physics::Module] Initialized MultithreadedJobDispatcher with 5 workers.
Refreshing native plugins compatible for Editor in 19.87 ms, found 3 plugins.
Preloading 0 native plugins for Editor in 0.00 ms.
Initialize engine version: 2022.3.10f1 (ff3792e53c62)
[Subsystems] Discovering subsystems at path C:/2022.3.10f1/Editor/Data/Resources/UnitySubsystems
[Subsystems] Discovering subsystems at path D:/Unity Projects/TutorialProject/Assets
GfxDevice: creating device client; threaded=0; jobified=0
Direct3D:
    Version:  Direct3D 11.0 [level 11.1]
    Renderer: NVIDIA GeForce RTX 3060 (ID=0x2503)
    Vendor:   NVIDIA
    VRAM:     12129 MB
    Driver:   31.0.15.3623
Initialize mono
Mono path[0] = 'C:/2022.3.10f1/Editor/Data/Managed'
Mono path[1] = 'C:/2022.3.10f1/Editor/Data/MonoBleedingEdge/lib/mono/unityjit-win32'
Mono config path = 'C:/2022.3.10f1/Editor/Data/MonoBleedingEdge/etc'
Using monoOptions --debugger-agent=transport=dt_socket,embedding=1,server=y,suspend=n,address=127.0.0.1:56832
Begin MonoManager ReloadAssembly
Registering precompiled unity dll's ...
Register platform support module: C:/2022.3.10f1/Editor/Data/PlaybackEngines/WindowsStandaloneSupport/UnityEditor.WindowsStandalone.Extensions.dll
Registered in 0.024831 seconds.
- Loaded All Assemblies, in  0.943 seconds
Native extension for WindowsStandalone target not found
Mono: successfully reloaded assembly
- Finished resetting the current domain, in  0.401 seconds
Domain Reload Profiling: 1336ms
	BeginReloadAssembly (190ms)
		ExecutionOrderSort (0ms)
		DisableScriptedObjects (0ms)
		BackupInstance (0ms)
		ReleaseScriptingObjects (0ms)
		CreateAndSetChildDomain (1ms)
	RebuildCommonClasses (120ms)
	RebuildNativeTypeToScriptingClass (15ms)
	initialDomainReloadingComplete (203ms)
	LoadAllAssembliesAndSetupDomain (406ms)
		LoadAssemblies (186ms)
		RebuildTransferFunctionScriptingTraits (0ms)
		AnalyzeDomain (404ms)
			TypeCache.Refresh (403ms)
				TypeCache.ScanAssembly (385ms)
			ScanForSourceGeneratedMonoScriptInfo (0ms)
			ResolveRequiredComponents (0ms)
	FinalizeReload (401ms)
		ReleaseScriptCaches (0ms)
		RebuildScriptCaches (0ms)
		SetupLoadedEditorAssemblies (329ms)
			LogAssemblyErrors (0ms)
			InitializePlatformSupportModulesInManaged (9ms)
			SetLoadedEditorAssemblies (7ms)
			RefreshPlugins (0ms)
			BeforeProcessingInitializeOnLoad (3ms)
			ProcessInitializeOnLoadAttributes (232ms)
			ProcessInitializeOnLoadMethodAttributes (78ms)
			AfterProcessingInitializeOnLoad (0ms)
			EditorAssembliesLoaded (0ms)
		ExecutionOrderSort2 (0ms)
		AwakeInstancesAfterBackupRestoration (0ms)
========================================================================
Worker process is ready to serve import requests
Begin MonoManager ReloadAssembly
- Loaded All Assemblies, in  1.300 seconds
Refreshing native plugins compatible for Editor in 6.51 ms, found 3 plugins.
Native extension for WindowsStandalone target not found
Package Manager log level set to [2]
[Package Manager] Server::EnsureServerProcessIsRunning -- launch failed, reason: Unity was launched with the -noUpm command-line argument
[Package Manager] UpmClient::Send -- Unable to send message (not connected to UPM process).
[Package Manager] Cannot connect to Unity Package Manager local server
Mono: successfully reloaded assembly
- Finished resetting the current domain, in  1.190 seconds
Domain Reload Profiling: 2487ms
	BeginReloadAssembly (294ms)
		ExecutionOrderSort (0ms)
		DisableScriptedObjects (7ms)
		BackupInstance (0ms)
		ReleaseScriptingObjects (0ms)
		CreateAndSetChildDomain (36ms)
	RebuildCommonClasses (45ms)
	RebuildNativeTypeToScriptingClass (20ms)
	initialDomainReloadingComplete (57ms)
	LoadAllAssembliesAndSetupDomain (881ms)
		LoadAssemblies (492ms)
		RebuildTransferFunctionScriptingTraits (0ms)
		AnalyzeDomain (507ms)
			TypeCache.Refresh (444ms)
				TypeCache.ScanAssembly (358ms)
			ScanForSourceGeneratedMonoScriptInfo (46ms)
			ResolveRequiredComponents (15ms)
	FinalizeReload (1191ms)
		ReleaseScriptCaches (0ms)
		RebuildScriptCaches (0ms)
		SetupLoadedEditorAssemblies (970ms)
			LogAssemblyErrors (0ms)
			InitializePlatformSupportModulesInManaged (5ms)
			SetLoadedEditorAssemblies (5ms)
			RefreshPlugins (0ms)
			BeforeProcessingInitializeOnLoad (81ms)
			ProcessInitializeOnLoadAttributes (787ms)
			ProcessInitializeOnLoadMethodAttributes (79ms)
			AfterProcessingInitializeOnLoad (13ms)
			EditorAssembliesLoaded (0ms)
		ExecutionOrderSort2 (0ms)
		AwakeInstancesAfterBackupRestoration (12ms)
Launched and connected shader compiler UnityShaderCompiler.exe after 0.26 seconds
Refreshing native plugins compatible for Editor in 3.72 ms, found 3 plugins.
Preloading 0 native plugins for Editor in 0.00 ms.
Unloading 5100 Unused Serialized files (Serialized files now loaded: 0)
Unloading 65 unused Assets / (349.5 KB). Loaded Objects now: 5580.
Memory consumption went from 212.2 MB to 211.8 MB.
Total: 3.786600 ms (FindLiveObjects: 0.449100 ms CreateObjectMapping: 0.127400 ms MarkObjects: 2.994600 ms  DeleteObjects: 0.214600 ms)

AssetImportParameters requested are different than current active one (requested -> active):
  custom:container-demuxer-ogg: 62fdf1f143b41e24485cea50d1cbac27 -> 
  custom:video-decoder-ogg-theora: a1e56fd34408186e4bbccfd4996cb3dc -> 
  custom:framework-win-MediaFoundation: 216162199b28c13a410421893ffa2e32 -> 
  custom:CustomObjectIndexerAttribute: a3ef5dd2817f97addfee359851a9dba5 -> 
  custom:container-demuxer-webm: 4f35f7cbe854078d1ac9338744f61a02 -> 
  custom:container-muxer-webm: aa71ff27fc2769a1b78a27578f13a17b -> 
  custom:video-decoder-webm-vp8: 9c59270c3fd7afecdb556c50c9e8de78 -> 
  custom:SearchIndexIgnoredProperties: e643bd26f0fe6173181afceb89e7c659 -> 
  custom:AudioImporter_EditorPlatform: d09bf68614088b80899f8185d706f6e7 -> 
  custom:video-encoder-webm-vp8: eb34c28f22e8b96e1ab97ce403110664 -> 
  custom:audio-decoder-ogg-vorbis: bf7c407c2cedff20999df2af8eb42d56 -> 
  custom:audio-encoder-webm-vorbis: bf7c407c2cedff20999df2af8eb42d56 -> 
========================================================================
Received Import Request.
  Time since last request: 26142.861786 seconds.
  path: Assets/Cartoon Heroes/Male/Textures/Hairs/Hair_2
  artifactKey: Guid(dcc4b77495971e84d856386074e3f170) Importer(2089858483,0ecaa5967403d082aa24f35e1b516d23)
Start importing Assets/Cartoon Heroes/Male/Textures/Hairs/Hair_2 using Guid(dcc4b77495971e84d856386074e3f170) Importer(2089858483,0ecaa5967403d082aa24f35e1b516d23) Generated GUIDs only implemented for interfaces!
 -> (artifact id: '28efbce7d0d735a1c8eb6310cb7a7306') in 0.248482 seconds
Number of updated asset objects reloaded before import = 0
Number of asset objects unloaded after import = 1
========================================================================
Received Import Request.
  Time since last request: 0.000029 seconds.
  path: Assets/Codes/Lecture_01.cs
  artifactKey: Guid(ada7e24cfe835de4eb755705a0b608d9) Importer(2089858483,0ecaa5967403d082aa24f35e1b516d23)
Start importing Assets/Codes/Lecture_01.cs using Guid(ada7e24cfe835de4eb755705a0b608d9) Importer(2089858483,0ecaa5967403d082aa24f35e1b516d23) Generated GUIDs only implemented for interfaces!
 -> (artifact id: '3046deb43f99b9d04e78e8cfd8328aab') in 0.089244 seconds
Number of updated asset objects reloaded before import = 0
Number of asset objects unloaded after import = 1
========================================================================
Received Import Request.
  Time since last request: 0.000177 seconds.
  path: Assets/Animations/CubeAnimations/Cube.controller
  artifactKey: Guid(9573e99898b5090418414ac766c29687) Importer(2089858483,0ecaa5967403d082aa24f35e1b516d23)
Start importing Assets/Animations/CubeAnimations/Cube.controller using Guid(9573e99898b5090418414ac766c29687) Importer(2089858483,0ecaa5967403d082aa24f35e1b516d23) Generated GUIDs only implemented for interfaces!
 -> (artifact id: '420fb865f73673db5973ddae3f77597f') in 0.154225 seconds
Number of updated asset objects reloaded before import = 0
Number of asset objects unloaded after import = 6
========================================================================
Received Import Request.
  Time since last request: 0.000016 seconds.
  path: Assets/Cartoon Heroes/Male/3D/Hairs/Hair_2/Materials/Male_Hair_2_Black.mat
  artifactKey: Guid(54ba8979fb35af640a8918811cc62a83) Importer(2089858483,0ecaa5967403d082aa24f35e1b516d23)
Start importing Assets/Cartoon Heroes/Male/3D/Hairs/Hair_2/Materials/Male_Hair_2_Black.mat using Guid(54ba8979fb35af640a8918811cc62a83) Importer(2089858483,0ecaa5967403d082aa24f35e1b516d23) Generated GUIDs only implemented for interfaces!
 -> (artifact id: 'bac5876a34d7436e4d4babba5522a2ee') in 0.251965 seconds
Number of updated asset objects reloaded before import = 0
Number of asset objects unloaded after import = 3
========================================================================
Received Import Request.
  Time since last request: 0.000102 seconds.
  path: Assets/Models/Tree/source/TreePrefab.prefab
  artifactKey: Guid(ebe12ae8d872ae0478fb37e223bc5cfb) Importer(2089858483,0ecaa5967403d082aa24f35e1b516d23)
Start importing Assets/Models/Tree/source/TreePrefab.prefab using Guid(ebe12ae8d872ae0478fb37e223bc5cfb) Importer(2089858483,0ecaa5967403d082aa24f35e1b516d23) Generated GUIDs only implemented for interfaces!
 -> (artifact id: 'f2fb6bdf37c5a2e3f28dd71dd056ee0b') in 0.048689 seconds
Number of updated asset objects reloaded before import = 0
Number of asset objects unloaded after import = 13
========================================================================
Received Import Request.
  Time since last request: 0.000225 seconds.
  path: Assets/Codes/AI_Bot.cs
  artifactKey: Guid(39cd2dfe4322fe443804ce8e4f8decb2) Importer(2089858483,0ecaa5967403d082aa24f35e1b516d23)
Start importing Assets/Codes/AI_Bot.cs using Guid(39cd2dfe4322fe443804ce8e4f8decb2) Importer(2089858483,0ecaa5967403d082aa24f35e1b516d23) Generated GUIDs only implemented for interfaces!
 -> (artifact id: 'f3d7e0fde8818cbbc452465b5d015bab') in 0.033453 seconds
Number of updated asset objects reloaded before import = 0
Number of asset objects unloaded after import = 1
========================================================================
Received Import Request.
  Time since last request: 0.000211 seconds.
  path: Assets/Scenes/MouseInteractionScene.unity
  artifactKey: Guid(38bb59e76a7e1fa40ace293269af8215) Importer(2089858483,3d70f49cd1c2eb9ae422958d1c652c6b)
Start importing Assets/Scenes/MouseInteractionScene.unity using Guid(38bb59e76a7e1fa40ace293269af8215) Importer(2089858483,3d70f49cd1c2eb9ae422958d1c652c6b) Opening scene 'Assets/Scenes/MouseInteractionScene.unity additively'
Loaded scene 'Assets/Scenes/MouseInteractionScene.unity'
	Deserialize:            60.538 ms
	Integration:            14.634 ms
	Integration of assets:  0.014 ms
	Thread Wait Time:       -0.002 ms
	Total Operation Time:   75.184 ms
Generated GUIDs only implemented for interfaces!
 -> (artifact id: 'b94fe377765f71c6e719961e47f0148a') in 0.101242 seconds
Number of updated asset objects reloaded before import = 0
Number of asset objects unloaded after import = 34
========================================================================
Received Import Request.
  Time since last request: 0.000019 seconds.
  path: Assets/Cartoon Heroes/Weapons/Sword_2
  artifactKey: Guid(332d8993597597549950be7da9a72079) Importer(2089858483,0ecaa5967403d082aa24f35e1b516d23)
Start importing Assets/Cartoon Heroes/Weapons/Sword_2 using Guid(332d8993597597549950be7da9a72079) Importer(2089858483,0ecaa5967403d082aa24f35e1b516d23) Generated GUIDs only implemented for interfaces!
 -> (artifact id: '2584e51657ed04dcca7ba27a7e1a5df7') in 0.038985 seconds
Number of updated asset objects reloaded before import = 0
Number of asset objects unloaded after import = 1
========================================================================
Received Import Request.
  Time since last request: 0.000035 seconds.
  path: Assets/TextMesh Pro/Shaders/TMP_SDF-Surface.shader
  artifactKey: Guid(f7ada0af4f174f0694ca6a487b8f543d) Importer(2089858483,0ecaa5967403d082aa24f35e1b516d23)
Start importing Assets/TextMesh Pro/Shaders/TMP_SDF-Surface.shader using Guid(f7ada0af4f174f0694ca6a487b8f543d) Importer(2089858483,0ecaa5967403d082aa24f35e1b516d23) Generated GUIDs only implemented for interfaces!
 -> (artifact id: '2e6970139112edd3f93b9e12acff86a9') in 0.025130 seconds
Number of updated asset objects reloaded before import = 0
Number of asset objects unloaded after import = 1
========================================================================
Received Import Request.
  Time since last request: 0.000380 seconds.
  path: Assets/Prefabs
  artifactKey: Guid(761baf83dd2f3bf4cb85d389dabe4cf0) Importer(2089858483,0ecaa5967403d082aa24f35e1b516d23)
Start importing Assets/Prefabs using Guid(761baf83dd2f3bf4cb85d389dabe4cf0) Importer(2089858483,0ecaa5967403d082aa24f35e1b516d23) Generated GUIDs only implemented for interfaces!
 -> (artifact id: '6a87645507f97ede4eb54ee4f9945941') in 0.009229 seconds
Number of updated asset objects reloaded before import = 0
Number of asset objects unloaded after import = 1
========================================================================
Received Import Request.
  Time since last request: 0.000014 seconds.
  path: Assets/TextMesh Pro/Shaders/TMPro_Properties.cginc
  artifactKey: Guid(3997e2241185407d80309a82f9148466) Importer(2089858483,0ecaa5967403d082aa24f35e1b516d23)
Start importing Assets/TextMesh Pro/Shaders/TMPro_Properties.cginc using Guid(3997e2241185407d80309a82f9148466) Importer(2089858483,0ecaa5967403d082aa24f35e1b516d23) Generated GUIDs only implemented for interfaces!
 -> (artifact id: '4e6c0283a6de25fad7a1f965505d3c0f') in 0.069795 seconds
Number of updated asset objects reloaded before import = 0
Number of asset objects unloaded after import = 1
========================================================================
Received Import Request.
  Time since last request: 0.000107 seconds.
  path: Assets/Cartoon Heroes/Weapons/Sword_1
  artifactKey: Guid(3fbc8164b0182cb49827fe4816b3296f) Importer(2089858483,0ecaa5967403d082aa24f35e1b516d23)
Start importing Assets/Cartoon Heroes/Weapons/Sword_1 using Guid(3fbc8164b0182cb49827fe4816b3296f) Importer(2089858483,0ecaa5967403d082aa24f35e1b516d23) Generated GUIDs only implemented for interfaces!
 -> (artifact id: '03496c18b9c36fefc233177899dacc96') in 0.011552 seconds
Number of updated asset objects reloaded before import = 0
Number of asset objects unloaded after import = 1
========================================================================
Received Import Request.
  Time since last request: 0.000056 seconds.
  path: Assets/TextMesh Pro/Resources/Style Sheets/Default Style Sheet.asset
  artifactKey: Guid(f952c082cb03451daed3ee968ac6c63e) Importer(2089858483,3d70f49cd1c2eb9ae422958d1c652c6b)
Start importing Assets/TextMesh Pro/Resources/Style Sheets/Default Style Sheet.asset using Guid(f952c082cb03451daed3ee968ac6c63e) Importer(2089858483,3d70f49cd1c2eb9ae422958d1c652c6b) Generated GUIDs only implemented for interfaces!
 -> (artifact id: '0e9a6bbae40dc40f75fbc53396311342') in 0.027579 seconds
Number of updated asset objects reloaded before import = 0
Number of asset objects unloaded after import = 0
========================================================================
Received Import Request.
  Time since last request: 0.000191 seconds.
  path: Assets/Animations/CubeAnimations/MovingCube.anim
  artifactKey: Guid(42beca6dda0ec6741a8f8a433db61d86) Importer(2089858483,0ecaa5967403d082aa24f35e1b516d23)
Start importing Assets/Animations/CubeAnimations/MovingCube.anim using Guid(42beca6dda0ec6741a8f8a433db61d86) Importer(2089858483,0ecaa5967403d082aa24f35e1b516d23) Generated GUIDs only implemented for interfaces!
 -> (artifact id: 'd8b4ab434b88b90f86872a8a36e47868') in 0.033479 seconds
Number of updated asset objects reloaded before import = 0
Number of asset objects unloaded after import = 1
========================================================================
Received Import Request.
  Time since last request: 0.000158 seconds.
  path: Assets/TerrainDatas/TerrainData_4a89d9db-9cbe-40a7-bf3f-f9dc7ae9a505.asset
  artifactKey: Guid(f2517f86ec4b3a041a5aa5ccfff38f02) Importer(2089858483,0ecaa5967403d082aa24f35e1b516d23)
Start importing Assets/TerrainDatas/TerrainData_4a89d9db-9cbe-40a7-bf3f-f9dc7ae9a505.asset using Guid(f2517f86ec4b3a041a5aa5ccfff38f02) Importer(2089858483,0ecaa5967403d082aa24f35e1b516d23) Generated GUIDs only implemented for interfaces!
 -> (artifact id: '1455445f7be8871476a90b423297ebe0') in 0.128025 seconds
Number of updated asset objects reloaded before import = 0
Number of asset objects unloaded after import = 1
========================================================================
Received Import Request.
  Time since last request: 0.000055 seconds.
  path: Assets/Cartoon Heroes/Weapons/Sword_3/3D/Sword_3.FBX
  artifactKey: Guid(1e896d25e837a2c419844a06e967bbc1) Importer(2089858483,0ecaa5967403d082aa24f35e1b516d23)
Start importing Assets/Cartoon Heroes/Weapons/Sword_3/3D/Sword_3.FBX using Guid(1e896d25e837a2c419844a06e967bbc1) Importer(2089858483,0ecaa5967403d082aa24f35e1b516d23) Generated GUIDs only implemented for interfaces!
 -> (artifact id: 'cce4f5754eae9ecdafbafa6a047c5d82') in 0.067889 seconds
Number of updated asset objects reloaded before import = 0
Number of asset objects unloaded after import = 7
========================================================================
Received Import Request.
  Time since last request: 0.000117 seconds.
  path: Assets/Cartoon Heroes/Male/Textures/Hairs/Hair_1/Male_Hair_1_Blond.tga
  artifactKey: Guid(470fc593357f69e41aa35f4428d30bdb) Importer(2089858483,0ecaa5967403d082aa24f35e1b516d23)
Start importing Assets/Cartoon Heroes/Male/Textures/Hairs/Hair_1/Male_Hair_1_Blond.tga using Guid(470fc593357f69e41aa35f4428d30bdb) Importer(2089858483,0ecaa5967403d082aa24f35e1b516d23) Generated GUIDs only implemented for interfaces!
 -> (artifact id: 'b95bfe212fff4599e1ce183c9d76f42c') in 0.293198 seconds
Number of updated asset objects reloaded before import = 0
Number of asset objects unloaded after import = 1
========================================================================
Received Import Request.
  Time since last request: 0.000019 seconds.
  path: Assets/Cartoon Heroes/Male/Textures/Torsos/Torso_2/Male_Torso_2_Red.tga
  artifactKey: Guid(d654236078cd2f947909596d46cec4c3) Importer(2089858483,0ecaa5967403d082aa24f35e1b516d23)
Start importing Assets/Cartoon Heroes/Male/Textures/Torsos/Torso_2/Male_Torso_2_Red.tga using Guid(d654236078cd2f947909596d46cec4c3) Importer(2089858483,0ecaa5967403d082aa24f35e1b516d23) Generated GUIDs only implemented for interfaces!
 -> (artifact id: '6c97a0410541a41beb6ac57c3e208460') in 0.093051 seconds
Number of updated asset objects reloaded before import = 0
Number of asset objects unloaded after import = 1
========================================================================
Received Import Request.
  Time since last request: 0.000109 seconds.
  path: Assets/Cartoon Heroes/Female/3D/Torsos/Torso_2/Materials/Female_Torso_2_Yellow.mat
  artifactKey: Guid(7d8a3324128cefb4c9079c7e9ee05c54) Importer(2089858483,0ecaa5967403d082aa24f35e1b516d23)
Start importing Assets/Cartoon Heroes/Female/3D/Torsos/Torso_2/Materials/Female_Torso_2_Yellow.mat using Guid(7d8a3324128cefb4c9079c7e9ee05c54) Importer(2089858483,0ecaa5967403d082aa24f35e1b516d23) Generated GUIDs only implemented for interfaces!
 -> (artifact id: '91f12bba6dc66bfe61324ddc9c19b7ee') in 0.179296 seconds
Number of updated asset objects reloaded before import = 0
Number of asset objects unloaded after import = 3
========================================================================
Received Import Request.
  Time since last request: 0.000015 seconds.
  path: Assets/Cartoon Heroes/Male/Textures/Torsos/Torso_1/Male_Torso_1_Red.tga
  artifactKey: Guid(34927f992bd01d9499efbbd6a763c744) Importer(2089858483,0ecaa5967403d082aa24f35e1b516d23)
Start importing Assets/Cartoon Heroes/Male/Textures/Torsos/Torso_1/Male_Torso_1_Red.tga using Guid(34927f992bd01d9499efbbd6a763c744) Importer(2089858483,0ecaa5967403d082aa24f35e1b516d23) Generated GUIDs only implemented for interfaces!
 -> (artifact id: '9f5b791dc9b42b2658f92d5b4d1f6c4d') in 0.031446 seconds
Number of updated asset objects reloaded before import = 0
Number of asset objects unloaded after import = 1
========================================================================
Received Import Request.
  Time since last request: 0.000041 seconds.
  path: Assets/Cartoon Heroes/Female/Textures/Legs/Legs_2/Female_Legs_2_Normals.tga
  artifactKey: Guid(a0ad2cbc4f382284cbba4151fd48245e) Importer(2089858483,0ecaa5967403d082aa24f35e1b516d23)
Start importing Assets/Cartoon Heroes/Female/Textures/Legs/Legs_2/Female_Legs_2_Normals.tga using Guid(a0ad2cbc4f382284cbba4151fd48245e) Importer(2089858483,0ecaa5967403d082aa24f35e1b516d23) Generated GUIDs only implemented for interfaces!
 -> (artifact id: '604fa6a5ddd49314fdb561452299c518') in 0.066574 seconds
Number of updated asset objects reloaded before import = 0
Number of asset objects unloaded after import = 1
========================================================================
Received Import Request.
  Time since last request: 0.000021 seconds.
  path: Assets/Cartoon Heroes/Female/3D/Torsos/Torso_1/Materials/Female_Torso_1_Skin_Light.mat
  artifactKey: Guid(c4fdb086805e2364bb9eee9da1f6981f) Importer(2089858483,0ecaa5967403d082aa24f35e1b516d23)
Start importing Assets/Cartoon Heroes/Female/3D/Torsos/Torso_1/Materials/Female_Torso_1_Skin_Light.mat using Guid(c4fdb086805e2364bb9eee9da1f6981f) Importer(2089858483,0ecaa5967403d082aa24f35e1b516d23) Generated GUIDs only implemented for interfaces!
 -> (artifact id: 'fb2741e4c58252f52b96b0fe9a2a6d0e') in 0.180791 seconds
Number of updated asset objects reloaded before import = 0
Number of asset objects unloaded after import = 3
========================================================================
Received Import Request.
  Time since last request: 0.000166 seconds.
  path: Assets/Cartoon Heroes/Female/Textures/Hairs/Hair_3/Female_Hair_3_Normals.tga
  artifactKey: Guid(bd09ce8bf69ebf644afb2e4b86300378) Importer(2089858483,0ecaa5967403d082aa24f35e1b516d23)
Start importing Assets/Cartoon Heroes/Female/Textures/Hairs/Hair_3/Female_Hair_3_Normals.tga using Guid(bd09ce8bf69ebf644afb2e4b86300378) Importer(2089858483,0ecaa5967403d082aa24f35e1b516d23) Generated GUIDs only implemented for interfaces!
 -> (artifact id: '0757941d19bce1cc639acd4a221a7547') in 0.141813 seconds
Number of updated asset objects reloaded before import = 0
Number of asset objects unloaded after import = 1
========================================================================
Received Import Request.
  Time since last request: 0.000018 seconds.
  path: Assets/Cartoon Heroes/Female/3D/Legs/Legs_1/Materials/Female_Legs_1_Brown.mat
  artifactKey: Guid(2da6ab6361b999b478c227c3f69616ea) Importer(2089858483,0ecaa5967403d082aa24f35e1b516d23)
Start importing Assets/Cartoon Heroes/Female/3D/Legs/Legs_1/Materials/Female_Legs_1_Brown.mat using Guid(2da6ab6361b999b478c227c3f69616ea) Importer(2089858483,0ecaa5967403d082aa24f35e1b516d23) Generated GUIDs only implemented for interfaces!
 -> (artifact id: '3b18f5427ae4217193b96a42346e2292') in 0.065354 seconds
Number of updated asset objects reloaded before import = 0
Number of asset objects unloaded after import = 3
========================================================================
Received Import Request.
  Time since last request: 0.000023 seconds.
  path: Assets/Cartoon Heroes/Scenes
  artifactKey: Guid(7153aa9c5a682714eafc34262a60b5af) Importer(2089858483,0ecaa5967403d082aa24f35e1b516d23)
Start importing Assets/Cartoon Heroes/Scenes using Guid(7153aa9c5a682714eafc34262a60b5af) Importer(2089858483,0ecaa5967403d082aa24f35e1b516d23) Generated GUIDs only implemented for interfaces!
 -> (artifact id: '50be65515d3323e4e2770d314e655400') in 0.008380 seconds
Number of updated asset objects reloaded before import = 0
Number of asset objects unloaded after import = 1
========================================================================
Received Import Request.
  Time since last request: 0.000015 seconds.
  path: Assets/Cartoon Heroes/Female/Textures
  artifactKey: Guid(d50d0b76963a67d488d568d62ae74193) Importer(2089858483,0ecaa5967403d082aa24f35e1b516d23)
Start importing Assets/Cartoon Heroes/Female/Textures using Guid(d50d0b76963a67d488d568d62ae74193) Importer(2089858483,0ecaa5967403d082aa24f35e1b516d23) Generated GUIDs only implemented for interfaces!
 -> (artifact id: 'fc06733cb4230deb87aeda7a67a0952c') in 0.019614 seconds
Number of updated asset objects reloaded before import = 0
Number of asset objects unloaded after import = 1
========================================================================
Received Import Request.
  Time since last request: 0.000193 seconds.
  path: Assets/Cartoon Heroes/Female/Textures/Torsos/Torso_3
  artifactKey: Guid(0e1bd4c94cfea2a48bf6ddf157030901) Importer(2089858483,0ecaa5967403d082aa24f35e1b516d23)
Start importing Assets/Cartoon Heroes/Female/Textures/Torsos/Torso_3 using Guid(0e1bd4c94cfea2a48bf6ddf157030901) Importer(2089858483,0ecaa5967403d082aa24f35e1b516d23) Generated GUIDs only implemented for interfaces!
 -> (artifact id: 'daf167c4c85cd216c8bdf01085bc3fd5') in 0.007991 seconds
Number of updated asset objects reloaded before import = 0
Number of asset objects unloaded after import = 1
========================================================================
Received Import Request.
  Time since last request: 0.000024 seconds.
  path: Assets/Cartoon Heroes/Weapons/Sword_4/3D/Materials/Sword_4_Yellow.mat
  artifactKey: Guid(f2013b95037b0aa48a3170f71df13812) Importer(2089858483,0ecaa5967403d082aa24f35e1b516d23)
Start importing Assets/Cartoon Heroes/Weapons/Sword_4/3D/Materials/Sword_4_Yellow.mat using Guid(f2013b95037b0aa48a3170f71df13812) Importer(2089858483,0ecaa5967403d082aa24f35e1b516d23) Generated GUIDs only implemented for interfaces!
 -> (artifact id: 'f652f42cd6f1b8f4728bc68a06871e67') in 0.227151 seconds
Number of updated asset objects reloaded before import = 0
Number of asset objects unloaded after import = 3
========================================================================
Received Import Request.
  Time since last request: 0.000017 seconds.
  path: Assets/Cartoon Heroes/Weapons/Sword_3/Textures/Sword_3_Gray.tga
  artifactKey: Guid(23e30db1b63414d4b83c6c732f8904c6) Importer(2089858483,0ecaa5967403d082aa24f35e1b516d23)
Start importing Assets/Cartoon Heroes/Weapons/Sword_3/Textures/Sword_3_Gray.tga using Guid(23e30db1b63414d4b83c6c732f8904c6) Importer(2089858483,0ecaa5967403d082aa24f35e1b516d23) Generated GUIDs only implemented for interfaces!
 -> (artifact id: '6d732aaab710f4ce59898d2bf3ae1ab4') in 0.115866 seconds
Number of updated asset objects reloaded before import = 0
Number of asset objects unloaded after import = 1
========================================================================
Received Import Request.
  Time since last request: 0.000070 seconds.
  path: Assets/Cartoon Heroes/Male/Textures/Hairs/Hair_4
  artifactKey: Guid(fb0df7b06bf63c34e913a9360f7e6e20) Importer(2089858483,0ecaa5967403d082aa24f35e1b516d23)
Start importing Assets/Cartoon Heroes/Male/Textures/Hairs/Hair_4 using Guid(fb0df7b06bf63c34e913a9360f7e6e20) Importer(2089858483,0ecaa5967403d082aa24f35e1b516d23) Generated GUIDs only implemented for interfaces!
 -> (artifact id: '0e285e8bc78b70436516bcc6342eccf0') in 0.116573 seconds
Number of updated asset objects reloaded before import = 0
Number of asset objects unloaded after import = 1
========================================================================
Received Import Request.
  Time since last request: 0.000119 seconds.
  path: Assets/Cartoon Heroes/Character Prefabs/Male/Male A.prefab
  artifactKey: Guid(7e6e29f21a00d5f499e21eb93d6fabaa) Importer(2089858483,0ecaa5967403d082aa24f35e1b516d23)
Start importing Assets/Cartoon Heroes/Character Prefabs/Male/Male A.prefab using Guid(7e6e29f21a00d5f499e21eb93d6fabaa) Importer(2089858483,0ecaa5967403d082aa24f35e1b516d23) Generated GUIDs only implemented for interfaces!
 -> (artifact id: '0fe2e60aad78d861c0bb4edbc6af99e8') in 0.114453 seconds
Number of updated asset objects reloaded before import = 0
Number of asset objects unloaded after import = 928
========================================================================
Received Import Request.
  Time since last request: 0.000018 seconds.
  path: Assets/Cartoon Heroes/Scenes/Characters.unity
  artifactKey: Guid(657283afbf3067d4386baa089438d0e4) Importer(2089858483,0ecaa5967403d082aa24f35e1b516d23)
Start importing Assets/Cartoon Heroes/Scenes/Characters.unity using Guid(657283afbf3067d4386baa089438d0e4) Importer(2089858483,0ecaa5967403d082aa24f35e1b516d23) Generated GUIDs only implemented for interfaces!
 -> (artifact id: '611e658d85687eb402a6642f7db829e8') in 0.024737 seconds
Number of updated asset objects reloaded before import = 0
Number of asset objects unloaded after import = 1
========================================================================
Received Import Request.
  Time since last request: 0.000024 seconds.
  path: Assets/TextMesh Pro/Shaders/TMP_Sprite.shader
  artifactKey: Guid(cf81c85f95fe47e1a27f6ae460cf182c) Importer(2089858483,0ecaa5967403d082aa24f35e1b516d23)
Start importing Assets/TextMesh Pro/Shaders/TMP_Sprite.shader using Guid(cf81c85f95fe47e1a27f6ae460cf182c) Importer(2089858483,0ecaa5967403d082aa24f35e1b516d23) Generated GUIDs only implemented for interfaces!
 -> (artifact id: '84e8636b583da0b940f978a9c9166d1d') in 0.069985 seconds
Number of updated asset objects reloaded before import = 0
Number of asset objects unloaded after import = 1
========================================================================
Received Import Request.
  Time since last request: 0.000016 seconds.
  path: Assets/Cartoon Heroes/Male/Textures/Hairs/Hair_3
  artifactKey: Guid(7cfbc2fd2e5e311439a2061aadd349d8) Importer(2089858483,0ecaa5967403d082aa24f35e1b516d23)
Start importing Assets/Cartoon Heroes/Male/Textures/Hairs/Hair_3 using Guid(7cfbc2fd2e5e311439a2061aadd349d8) Importer(2089858483,0ecaa5967403d082aa24f35e1b516d23) Generated GUIDs only implemented for interfaces!
 -> (artifact id: '2dada78acd269738fbf9dffd6ac36754') in 0.015402 seconds
Number of updated asset objects reloaded before import = 0
Number of asset objects unloaded after import = 1
========================================================================
Received Import Request.
  Time since last request: 0.000074 seconds.
  path: Assets/Scenes/Level_02
  artifactKey: Guid(572c832caaa67a5439676b9dbe3d03da) Importer(2089858483,0ecaa5967403d082aa24f35e1b516d23)
Start importing Assets/Scenes/Level_02 using Guid(572c832caaa67a5439676b9dbe3d03da) Importer(2089858483,0ecaa5967403d082aa24f35e1b516d23) Generated GUIDs only implemented for interfaces!
 -> (artifact id: 'de20cca3527ce3a99d99cd0baad8c455') in 0.036293 seconds
Number of updated asset objects reloaded before import = 0
Number of asset objects unloaded after import = 1
========================================================================
Received Import Request.
  Time since last request: 0.000032 seconds.
  path: Assets/Cartoon Heroes/Male/3D/Legs/Legs_3
  artifactKey: Guid(f28da8f9834b93143b1d7c6fec213b93) Importer(2089858483,0ecaa5967403d082aa24f35e1b516d23)
Start importing Assets/Cartoon Heroes/Male/3D/Legs/Legs_3 using Guid(f28da8f9834b93143b1d7c6fec213b93) Importer(2089858483,0ecaa5967403d082aa24f35e1b516d23) Generated GUIDs only implemented for interfaces!
 -> (artifact id: 'f96663e7281612bb3d709a8dacf95320') in 0.029052 seconds
Number of updated asset objects reloaded before import = 0
Number of asset objects unloaded after import = 1
========================================================================
Received Import Request.
  Time since last request: 0.000093 seconds.
  path: Assets/Cartoon Heroes/Male/Textures/Hairs/Hair_3/Male_Hair_3.tga
  artifactKey: Guid(28d57b2d3807efe47a27214f0006169a) Importer(2089858483,0ecaa5967403d082aa24f35e1b516d23)
Start importing Assets/Cartoon Heroes/Male/Textures/Hairs/Hair_3/Male_Hair_3.tga using Guid(28d57b2d3807efe47a27214f0006169a) Importer(2089858483,0ecaa5967403d082aa24f35e1b516d23) Generated GUIDs only implemented for interfaces!
 -> (artifact id: 'b89a6c3e0f771c05c45a39b3dde65923') in 0.061342 seconds
Number of updated asset objects reloaded before import = 0
Number of asset objects unloaded after import = 1
========================================================================
Received Import Request.
  Time since last request: 0.000095 seconds.
  path: Assets/Cartoon Heroes/Male/3D/Torsos
  artifactKey: Guid(5a544b97b28ca5748b1c97555a0a4e9c) Importer(2089858483,0ecaa5967403d082aa24f35e1b516d23)
Start importing Assets/Cartoon Heroes/Male/3D/Torsos using Guid(5a544b97b28ca5748b1c97555a0a4e9c) Importer(2089858483,0ecaa5967403d082aa24f35e1b516d23) Generated GUIDs only implemented for interfaces!
 -> (artifact id: 'bb0924425e3387b2bff9e4be572e64c6') in 0.038622 seconds
Number of updated asset objects reloaded before import = 0
Number of asset objects unloaded after import = 1
========================================================================
Received Import Request.
  Time since last request: 0.000053 seconds.
  path: Assets/Cartoon Heroes/Female/3D/Torsos/Torso_3
  artifactKey: Guid(34a893c52eb0ec54485832fb044c7de0) Importer(2089858483,0ecaa5967403d082aa24f35e1b516d23)
Start importing Assets/Cartoon Heroes/Female/3D/Torsos/Torso_3 using Guid(34a893c52eb0ec54485832fb044c7de0) Importer(2089858483,0ecaa5967403d082aa24f35e1b516d23) Generated GUIDs only implemented for interfaces!
 -> (artifact id: '1b3219ccb107ee941fe0ed0e4ab145a8') in 0.033253 seconds
Number of updated asset objects reloaded before import = 0
Number of asset objects unloaded after import = 1
========================================================================
Received Import Request.
  Time since last request: 0.000200 seconds.
  path: Assets/Cartoon Heroes/Male/3D/Hairs/Hair_1/Materials/Male_Hair_1_Blond.mat
  artifactKey: Guid(4d95781dcd39c66428a7fae43b646325) Importer(2089858483,0ecaa5967403d082aa24f35e1b516d23)
Start importing Assets/Cartoon Heroes/Male/3D/Hairs/Hair_1/Materials/Male_Hair_1_Blond.mat using Guid(4d95781dcd39c66428a7fae43b646325) Importer(2089858483,0ecaa5967403d082aa24f35e1b516d23) Generated GUIDs only implemented for interfaces!
 -> (artifact id: '3dc98e1ed7d6be501dbc73b9dce607b4') in 0.045451 seconds
Number of updated asset objects reloaded before import = 0
Number of asset objects unloaded after import = 2
========================================================================
Received Import Request.
  Time since last request: 0.000018 seconds.
  path: Assets/Cartoon Heroes/Male/3D/Heads/Head_1
  artifactKey: Guid(f52891292b66545488f52a443009274b) Importer(2089858483,0ecaa5967403d082aa24f35e1b516d23)
Start importing Assets/Cartoon Heroes/Male/3D/Heads/Head_1 using Guid(f52891292b66545488f52a443009274b) Importer(2089858483,0ecaa5967403d082aa24f35e1b516d23) Generated GUIDs only implemented for interfaces!
 -> (artifact id: 'e3d506f8f62026c358f693ff9b796235') in 0.007934 seconds
Number of updated asset objects reloaded before import = 0
Number of asset objects unloaded after import = 1
========================================================================
Received Import Request.
  Time since last request: 0.000027 seconds.
  path: Assets/Cartoon Heroes/Male/Textures/Heads
  artifactKey: Guid(e8c06e0bd4580d9478501dfb336a73f5) Importer(2089858483,0ecaa5967403d082aa24f35e1b516d23)
Start importing Assets/Cartoon Heroes/Male/Textures/Heads using Guid(e8c06e0bd4580d9478501dfb336a73f5) Importer(2089858483,0ecaa5967403d082aa24f35e1b516d23) Generated GUIDs only implemented for interfaces!
 -> (artifact id: '1769989a5a6522d4309df333490ad5fc') in 0.011663 seconds
Number of updated asset objects reloaded before import = 0
Number of asset objects unloaded after import = 1
========================================================================
Received Import Request.
  Time since last request: 0.000017 seconds.
  path: Assets/Cartoon Heroes/Male/3D/Legs/Legs_2/Materials/Male_Legs_2_Brown.mat
  artifactKey: Guid(a8da38c631b457644976e7c700997dfa) Importer(2089858483,0ecaa5967403d082aa24f35e1b516d23)
Start importing Assets/Cartoon Heroes/Male/3D/Legs/Legs_2/Materials/Male_Legs_2_Brown.mat using Guid(a8da38c631b457644976e7c700997dfa) Importer(2089858483,0ecaa5967403d082aa24f35e1b516d23) Generated GUIDs only implemented for interfaces!
 -> (artifact id: '2476353f3f276e9ccc265186645ca72f') in 0.172841 seconds
Number of updated asset objects reloaded before import = 0
Number of asset objects unloaded after import = 3
========================================================================
Received Import Request.
  Time since last request: 0.000017 seconds.
  path: Assets/Cartoon Heroes/Female/3D/Legs/Base Legs/Materials/Female_Base_Legs_Light.mat
  artifactKey: Guid(42af98c4eab02d744af65586ae07bb75) Importer(2089858483,0ecaa5967403d082aa24f35e1b516d23)
Start importing Assets/Cartoon Heroes/Female/3D/Legs/Base Legs/Materials/Female_Base_Legs_Light.mat using Guid(42af98c4eab02d744af65586ae07bb75) Importer(2089858483,0ecaa5967403d082aa24f35e1b516d23) Generated GUIDs only implemented for interfaces!
 -> (artifact id: '79af0388911a0f666a25c64065a0ce6c') in 0.044986 seconds
Number of updated asset objects reloaded before import = 0
Number of asset objects unloaded after import = 3
========================================================================
Received Import Request.
  Time since last request: 0.000214 seconds.
  path: Assets/Cartoon Heroes/Male/Textures/Torsos/Torso_1/Male_Torso_1_Blue.tga
  artifactKey: Guid(19137f3eb09828f4c83eb1a56b8da66c) Importer(2089858483,0ecaa5967403d082aa24f35e1b516d23)
Start importing Assets/Cartoon Heroes/Male/Textures/Torsos/Torso_1/Male_Torso_1_Blue.tga using Guid(19137f3eb09828f4c83eb1a56b8da66c) Importer(2089858483,0ecaa5967403d082aa24f35e1b516d23) Generated GUIDs only implemented for interfaces!
 -> (artifact id: 'eccb54488cf4dcdfe03e067b295fd7d3') in 0.050240 seconds
Number of updated asset objects reloaded before import = 0
Number of asset objects unloaded after import = 1
========================================================================
Received Import Request.
  Time since last request: 0.000013 seconds.
  path: Assets/Cartoon Heroes/Male/Textures/Legs/Legs_2
  artifactKey: Guid(033908a04f52ade47b6f5bdefee30f27) Importer(2089858483,0ecaa5967403d082aa24f35e1b516d23)
Start importing Assets/Cartoon Heroes/Male/Textures/Legs/Legs_2 using Guid(033908a04f52ade47b6f5bdefee30f27) Importer(2089858483,0ecaa5967403d082aa24f35e1b516d23) Generated GUIDs only implemented for interfaces!
 -> (artifact id: '088baa353ea694a47e4944a08906d432') in 0.063815 seconds
Number of updated asset objects reloaded before import = 0
Number of asset objects unloaded after import = 1
========================================================================
Received Import Request.
  Time since last request: 0.000742 seconds.
  path: Assets/Cartoon Heroes/Weapons/Sword_2/Textures/Sword_2_Gray.tga
  artifactKey: Guid(b3164962e9717604fb0237f15d4437f1) Importer(2089858483,0ecaa5967403d082aa24f35e1b516d23)
Start importing Assets/Cartoon Heroes/Weapons/Sword_2/Textures/Sword_2_Gray.tga using Guid(b3164962e9717604fb0237f15d4437f1) Importer(2089858483,0ecaa5967403d082aa24f35e1b516d23) Generated GUIDs only implemented for interfaces!
 -> (artifact id: 'f0ca9a15edd1d61c40f5cbce0683bc51') in 0.077282 seconds
Number of updated asset objects reloaded before import = 0
Number of asset objects unloaded after import = 1
========================================================================
Received Import Request.
  Time since last request: 0.000235 seconds.
  path: Assets/Cartoon Heroes/Character Prefabs/Female/Female B.prefab
  artifactKey: Guid(a367f32b0351f2648a0e15f3444c6f86) Importer(2089858483,0ecaa5967403d082aa24f35e1b516d23)
Start importing Assets/Cartoon Heroes/Character Prefabs/Female/Female B.prefab using Guid(a367f32b0351f2648a0e15f3444c6f86) Importer(2089858483,0ecaa5967403d082aa24f35e1b516d23) Generated GUIDs only implemented for interfaces!
 -> (artifact id: '350ded469445bb00295a9bd6a634f2b6') in 0.066604 seconds
Number of updated asset objects reloaded before import = 0
Number of asset objects unloaded after import = 864
========================================================================
Received Import Request.
  Time since last request: 0.000021 seconds.
  path: Assets/Cartoon Heroes/Female/3D/Torsos/Torso_1/Materials/Female_Torso_1_Blue.mat
  artifactKey: Guid(3133fd49998134d468b65d0d0208fb5e) Importer(2089858483,0ecaa5967403d082aa24f35e1b516d23)
Start importing Assets/Cartoon Heroes/Female/3D/Torsos/Torso_1/Materials/Female_Torso_1_Blue.mat using Guid(3133fd49998134d468b65d0d0208fb5e) Importer(2089858483,0ecaa5967403d082aa24f35e1b516d23) Generated GUIDs only implemented for interfaces!
 -> (artifact id: '754bf2c00290e8576126d82706281a00') in 0.118897 seconds
Number of updated asset objects reloaded before import = 0
Number of asset objects unloaded after import = 3
========================================================================
Received Import Request.
  Time since last request: 0.000017 seconds.
  path: Assets/Blink/Art/Animations/Animations_Starter_Pack/Combat/SpellCast.fbx
  artifactKey: Guid(afb2e0e8e5b867f49ad94f4e813c3570) Importer(2089858483,0ecaa5967403d082aa24f35e1b516d23)
Start importing Assets/Blink/Art/Animations/Animations_Starter_Pack/Combat/SpellCast.fbx using Guid(afb2e0e8e5b867f49ad94f4e813c3570) Importer(2089858483,0ecaa5967403d082aa24f35e1b516d23) Generated GUIDs only implemented for interfaces!
 -> (artifact id: '46e42abf6f6d50533b3c41e405bd2e73') in 0.109120 seconds
Number of updated asset objects reloaded before import = 0
Number of asset objects unloaded after import = 182
========================================================================
Received Import Request.
  Time since last request: 0.000044 seconds.
  path: Assets/Cartoon Heroes/Weapons/Sword_1/Textures/Sword_1_Normals.tga
  artifactKey: Guid(835ff858fe827ad4095a9cda0967ea43) Importer(2089858483,0ecaa5967403d082aa24f35e1b516d23)
Start importing Assets/Cartoon Heroes/Weapons/Sword_1/Textures/Sword_1_Normals.tga using Guid(835ff858fe827ad4095a9cda0967ea43) Importer(2089858483,0ecaa5967403d082aa24f35e1b516d23) Generated GUIDs only implemented for interfaces!
 -> (artifact id: '51a64ca39182ab2ea7a72d8364f40889') in 0.031614 seconds
Number of updated asset objects reloaded before import = 0
Number of asset objects unloaded after import = 1
========================================================================
Received Import Request.
  Time since last request: 0.000081 seconds.
  path: Assets/Cartoon Heroes/Female/Textures/Torsos/Torso_3/Female_Torso_3_Red.tga
  artifactKey: Guid(3057fd2a75f0a6e45b2d2a333aef543c) Importer(2089858483,0ecaa5967403d082aa24f35e1b516d23)
Start importing Assets/Cartoon Heroes/Female/Textures/Torsos/Torso_3/Female_Torso_3_Red.tga using Guid(3057fd2a75f0a6e45b2d2a333aef543c) Importer(2089858483,0ecaa5967403d082aa24f35e1b516d23) Generated GUIDs only implemented for interfaces!
 -> (artifact id: 'd959046d0c849517603f5e21a7174afc') in 0.139256 seconds
Number of updated asset objects reloaded before import = 0
Number of asset objects unloaded after import = 1
========================================================================
Received Import Request.
  Time since last request: 0.000231 seconds.
  path: Assets/Cartoon Heroes/Female/3D/Animation Skeleton/Animations/Female_Animation@Female_Sword_Sprint.FBX
  artifactKey: Guid(ae15895b0c240414fb78082f0a01a2e5) Importer(2089858483,0ecaa5967403d082aa24f35e1b516d23)
Start importing Assets/Cartoon Heroes/Female/3D/Animation Skeleton/Animations/Female_Animation@Female_Sword_Sprint.FBX using Guid(ae15895b0c240414fb78082f0a01a2e5) Importer(2089858483,0ecaa5967403d082aa24f35e1b516d23) Generated GUIDs only implemented for interfaces!
 -> (artifact id: 'e7279a8d2d8daf2321481cff3fd4842e') in 0.063205 seconds
Number of updated asset objects reloaded before import = 0
Number of asset objects unloaded after import = 112
========================================================================
Received Import Request.
  Time since last request: 0.000014 seconds.
  path: Assets/Cartoon Heroes/Male/3D/Legs/Legs_3/Materials/Male_Legs_3_Black.mat
  artifactKey: Guid(9f9a7472d5f04a5488049cb8142fcc0f) Importer(2089858483,0ecaa5967403d082aa24f35e1b516d23)
Start importing Assets/Cartoon Heroes/Male/3D/Legs/Legs_3/Materials/Male_Legs_3_Black.mat using Guid(9f9a7472d5f04a5488049cb8142fcc0f) Importer(2089858483,0ecaa5967403d082aa24f35e1b516d23) Generated GUIDs only implemented for interfaces!
 -> (artifact id: 'cc9683e4ad38964a58e338c62e80be61') in 0.017006 seconds
Number of updated asset objects reloaded before import = 0
Number of asset objects unloaded after import = 3
========================================================================
Received Import Request.
  Time since last request: 0.000230 seconds.
  path: Assets/Cartoon Heroes/Female/3D/Hairs
  artifactKey: Guid(a260a3fc1baf19d4aa9fedc604dc063a) Importer(2089858483,0ecaa5967403d082aa24f35e1b516d23)
Start importing Assets/Cartoon Heroes/Female/3D/Hairs using Guid(a260a3fc1baf19d4aa9fedc604dc063a) Importer(2089858483,0ecaa5967403d082aa24f35e1b516d23) Generated GUIDs only implemented for interfaces!
 -> (artifact id: '89bf140852292424a4442e06cdd2ed0e') in 0.013458 seconds
Number of updated asset objects reloaded before import = 0
Number of asset objects unloaded after import = 1
========================================================================
Received Import Request.
  Time since last request: 0.000015 seconds.
  path: Assets/LightingSettings.lighting
  artifactKey: Guid(8086caad33200da4ca272258892f036a) Importer(2089858483,0ecaa5967403d082aa24f35e1b516d23)
Start importing Assets/LightingSettings.lighting using Guid(8086caad33200da4ca272258892f036a) Importer(2089858483,0ecaa5967403d082aa24f35e1b516d23) Generated GUIDs only implemented for interfaces!
 -> (artifact id: '8e4047023681aacaea8daf0d9cf68ecc') in 0.040363 seconds
Number of updated asset objects reloaded before import = 0
Number of asset objects unloaded after import = 1
========================================================================
Received Import Request.
  Time since last request: 0.000015 seconds.
  path: Assets/Grass.png
  artifactKey: Guid(c0156130e93158643a4c531487f7fe2a) Importer(2089858483,0ecaa5967403d082aa24f35e1b516d23)
Start importing Assets/Grass.png using Guid(c0156130e93158643a4c531487f7fe2a) Importer(2089858483,0ecaa5967403d082aa24f35e1b516d23) Generated GUIDs only implemented for interfaces!
 -> (artifact id: '2e68f1d4844b678689698aa903bf35a5') in 0.044099 seconds
Number of updated asset objects reloaded before import = 0
Number of asset objects unloaded after import = 1
========================================================================
Received Import Request.
  Time since last request: 0.000020 seconds.
  path: Assets/Cartoon Heroes/Female/Textures/Legs/Legs_1/Female_Legs_1_Skin_Covered_Normals.tga
  artifactKey: Guid(eed0e9d5df2605549906a7667e470965) Importer(2089858483,0ecaa5967403d082aa24f35e1b516d23)
Start importing Assets/Cartoon Heroes/Female/Textures/Legs/Legs_1/Female_Legs_1_Skin_Covered_Normals.tga using Guid(eed0e9d5df2605549906a7667e470965) Importer(2089858483,0ecaa5967403d082aa24f35e1b516d23) Generated GUIDs only implemented for interfaces!
 -> (artifact id: '4652e8c62294fa1468043af557143900') in 0.266352 seconds
Number of updated asset objects reloaded before import = 0
Number of asset objects unloaded after import = 1
========================================================================
Received Import Request.
  Time since last request: 0.000027 seconds.
  path: Assets/Cartoon Heroes/Female/3D/Animation Skeleton
  artifactKey: Guid(bb98d64457c599649a91269e447f4b74) Importer(2089858483,0ecaa5967403d082aa24f35e1b516d23)
Start importing Assets/Cartoon Heroes/Female/3D/Animation Skeleton using Guid(bb98d64457c599649a91269e447f4b74) Importer(2089858483,0ecaa5967403d082aa24f35e1b516d23) Generated GUIDs only implemented for interfaces!
 -> (artifact id: 'abcddb32ceba1a0d95adc7239f815be5') in 0.030710 seconds
Number of updated asset objects reloaded before import = 0
Number of asset objects unloaded after import = 1
========================================================================
Received Import Request.
  Time since last request: 0.000170 seconds.
  path: Assets/Cartoon Heroes/Female/Textures/Torsos/Torso_1/Female_Torso_1_Blue.tga
  artifactKey: Guid(c1f4340de2af4ba4484444b882c34897) Importer(2089858483,0ecaa5967403d082aa24f35e1b516d23)
Start importing Assets/Cartoon Heroes/Female/Textures/Torsos/Torso_1/Female_Torso_1_Blue.tga using Guid(c1f4340de2af4ba4484444b882c34897) Importer(2089858483,0ecaa5967403d082aa24f35e1b516d23) Generated GUIDs only implemented for interfaces!
 -> (artifact id: '1fcdee3d8d6e91c68cd185aecc09105e') in 0.043001 seconds
Number of updated asset objects reloaded before import = 0
Number of asset objects unloaded after import = 1
========================================================================
Received Import Request.
  Time since last request: 0.000018 seconds.
  path: Assets/Cartoon Heroes/Male/3D/Animation Skeleton/Animations/Male_Animation@Male_Sword_Stance.FBX
  artifactKey: Guid(8a646e73f32d5ab46be5ca7d3ebb4f3d) Importer(2089858483,0ecaa5967403d082aa24f35e1b516d23)
Start importing Assets/Cartoon Heroes/Male/3D/Animation Skeleton/Animations/Male_Animation@Male_Sword_Stance.FBX using Guid(8a646e73f32d5ab46be5ca7d3ebb4f3d) Importer(2089858483,0ecaa5967403d082aa24f35e1b516d23) Generated GUIDs only implemented for interfaces!
 -> (artifact id: '719ed5c911ee2549e9101976cea14331') in 0.066688 seconds
Number of updated asset objects reloaded before import = 0
Number of asset objects unloaded after import = 112
========================================================================
Received Import Request.
  Time since last request: 0.000014 seconds.
  path: Assets/Cartoon Heroes/Male/3D/Torsos/Base Torso/Materials/Male_Base_Torso.mat
  artifactKey: Guid(dad6ecf4df825004897244446133fa7d) Importer(2089858483,0ecaa5967403d082aa24f35e1b516d23)
Start importing Assets/Cartoon Heroes/Male/3D/Torsos/Base Torso/Materials/Male_Base_Torso.mat using Guid(dad6ecf4df825004897244446133fa7d) Importer(2089858483,0ecaa5967403d082aa24f35e1b516d23) Generated GUIDs only implemented for interfaces!
 -> (artifact id: '39c55fd2676a6c157aade650fd9632ca') in 0.057694 seconds
Number of updated asset objects reloaded before import = 0
Number of asset objects unloaded after import = 3
========================================================================
Received Import Request.
  Time since last request: 0.000016 seconds.
  path: Assets/Cartoon Heroes/Male/3D/Torsos/Torso_1/Materials/Male_Torso_1_Green.mat
  artifactKey: Guid(62a60473b9d13bc43952441c4cfa8e0a) Importer(2089858483,0ecaa5967403d082aa24f35e1b516d23)
Start importing Assets/Cartoon Heroes/Male/3D/Torsos/Torso_1/Materials/Male_Torso_1_Green.mat using Guid(62a60473b9d13bc43952441c4cfa8e0a) Importer(2089858483,0ecaa5967403d082aa24f35e1b516d23) Generated GUIDs only implemented for interfaces!
 -> (artifact id: 'a3bb082eccd8fa19477a17ef2224612a') in 0.078497 seconds
Number of updated asset objects reloaded before import = 0
Number of asset objects unloaded after import = 3
========================================================================
Received Import Request.
  Time since last request: 0.000294 seconds.
  path: Assets/Cartoon Heroes/Male/3D
  artifactKey: Guid(508c5b6a428c4614d93fecb82103dac3) Importer(2089858483,0ecaa5967403d082aa24f35e1b516d23)
Start importing Assets/Cartoon Heroes/Male/3D using Guid(508c5b6a428c4614d93fecb82103dac3) Importer(2089858483,0ecaa5967403d082aa24f35e1b516d23) Generated GUIDs only implemented for interfaces!
 -> (artifact id: '1cb7bf00aba72653c7b677b62b9367f8') in 0.009210 seconds
Number of updated asset objects reloaded before import = 0
Number of asset objects unloaded after import = 1
========================================================================
Received Import Request.
  Time since last request: 0.000014 seconds.
  path: Assets/Cartoon Heroes/Female/3D/Hairs/Hair_3/Materials/Female_Hair_3.mat
  artifactKey: Guid(d4a665c1b451f914d96aef2217d8fbf4) Importer(2089858483,0ecaa5967403d082aa24f35e1b516d23)
Start importing Assets/Cartoon Heroes/Female/3D/Hairs/Hair_3/Materials/Female_Hair_3.mat using Guid(d4a665c1b451f914d96aef2217d8fbf4) Importer(2089858483,0ecaa5967403d082aa24f35e1b516d23) Generated GUIDs only implemented for interfaces!
 -> (artifact id: 'e4ae09f1242a0b54b0aac139bd9900c2') in 0.087179 seconds
Number of updated asset objects reloaded before import = 0
Number of asset objects unloaded after import = 3
========================================================================
Received Import Request.
  Time since last request: 0.000017 seconds.
  path: Assets/Cartoon Heroes/Female/Textures/Legs/Base Legs
  artifactKey: Guid(1d63a639ce92457408bac3fdd292f630) Importer(2089858483,0ecaa5967403d082aa24f35e1b516d23)
Start importing Assets/Cartoon Heroes/Female/Textures/Legs/Base Legs using Guid(1d63a639ce92457408bac3fdd292f630) Importer(2089858483,0ecaa5967403d082aa24f35e1b516d23) Generated GUIDs only implemented for interfaces!
 -> (artifact id: '719d3abb23ce7a4cb20eabddf7ddf1d6') in 0.008289 seconds
Number of updated asset objects reloaded before import = 0
Number of asset objects unloaded after import = 1
========================================================================
Received Import Request.
  Time since last request: 0.000018 seconds.
  path: Assets/Cartoon Heroes/Female/Textures/Heads/Head_3
  artifactKey: Guid(8d7adfb999cacc34db7328100ceff489) Importer(2089858483,0ecaa5967403d082aa24f35e1b516d23)
Start importing Assets/Cartoon Heroes/Female/Textures/Heads/Head_3 using Guid(8d7adfb999cacc34db7328100ceff489) Importer(2089858483,0ecaa5967403d082aa24f35e1b516d23) Generated GUIDs only implemented for interfaces!
 -> (artifact id: '23046063571a270c73506a879915a2a2') in 0.012523 seconds
Number of updated asset objects reloaded before import = 0
Number of asset objects unloaded after import = 1
========================================================================
Received Import Request.
  Time since last request: 0.000014 seconds.
  path: Assets/Cartoon Heroes/Male/Textures/Torsos/Torso_1/Male_Torso_1_Green.tga
  artifactKey: Guid(adaf6facc05fabc47bc7a3340e9b5c7e) Importer(2089858483,0ecaa5967403d082aa24f35e1b516d23)
Start importing Assets/Cartoon Heroes/Male/Textures/Torsos/Torso_1/Male_Torso_1_Green.tga using Guid(adaf6facc05fabc47bc7a3340e9b5c7e) Importer(2089858483,0ecaa5967403d082aa24f35e1b516d23) Generated GUIDs only implemented for interfaces!
 -> (artifact id: '6592ab09ac11e8e9ce9ccb6d0f211e82') in 0.048772 seconds
Number of updated asset objects reloaded before import = 0
Number of asset objects unloaded after import = 1
========================================================================
Received Import Request.
  Time since last request: 0.000017 seconds.
  path: Assets/Cartoon Heroes/Male/3D/Hairs/Hair_3/Materials/Male_Hair_3_Black.mat
  artifactKey: Guid(8badc6f468c5a6340a18921906577d8a) Importer(2089858483,0ecaa5967403d082aa24f35e1b516d23)
Start importing Assets/Cartoon Heroes/Male/3D/Hairs/Hair_3/Materials/Male_Hair_3_Black.mat using Guid(8badc6f468c5a6340a18921906577d8a) Importer(2089858483,0ecaa5967403d082aa24f35e1b516d23) Generated GUIDs only implemented for interfaces!
 -> (artifact id: 'efa7fafc5a5acba9198a975fb75e4869') in 0.029028 seconds
Number of updated asset objects reloaded before import = 0
Number of asset objects unloaded after import = 3
========================================================================
Received Import Request.
  Time since last request: 0.000038 seconds.
  path: Assets/Blink/Art/Animations/Animations_Starter_Pack/Movement/JumpWhileRunning.fbx
  artifactKey: Guid(7f10f6ce81a34824a9cd2746ad0b82ff) Importer(2089858483,0ecaa5967403d082aa24f35e1b516d23)
Start importing Assets/Blink/Art/Animations/Animations_Starter_Pack/Movement/JumpWhileRunning.fbx using Guid(7f10f6ce81a34824a9cd2746ad0b82ff) Importer(2089858483,0ecaa5967403d082aa24f35e1b516d23) Generated GUIDs only implemented for interfaces!
 -> (artifact id: 'cbe98f85dabeef6f08284aa9c135583a') in 0.064919 seconds
Number of updated asset objects reloaded before import = 0
Number of asset objects unloaded after import = 180
========================================================================
Received Import Request.
  Time since last request: 0.000022 seconds.
  path: Assets/TextMesh Pro/Resources/Fonts & Materials/LiberationSans SDF.asset
  artifactKey: Guid(8f586378b4e144a9851e7b34d9b748ee) Importer(2089858483,0ecaa5967403d082aa24f35e1b516d23)
Start importing Assets/TextMesh Pro/Resources/Fonts & Materials/LiberationSans SDF.asset using Guid(8f586378b4e144a9851e7b34d9b748ee) Importer(2089858483,0ecaa5967403d082aa24f35e1b516d23) Generated GUIDs only implemented for interfaces!
 -> (artifact id: '4d39fcaf63d367d89194e02ac6f728f4') in 0.091091 seconds
Number of updated asset objects reloaded before import = 0
Number of asset objects unloaded after import = 8
========================================================================
Received Import Request.
  Time since last request: 0.000018 seconds.
  path: Assets/Cartoon Heroes/Female/3D/Legs/Legs_2/Female_Legs_2.FBX
  artifactKey: Guid(3ba6aff6707fd094e817b9d49a36959c) Importer(2089858483,0ecaa5967403d082aa24f35e1b516d23)
Start importing Assets/Cartoon Heroes/Female/3D/Legs/Legs_2/Female_Legs_2.FBX using Guid(3ba6aff6707fd094e817b9d49a36959c) Importer(2089858483,0ecaa5967403d082aa24f35e1b516d23) Generated GUIDs only implemented for interfaces!
 -> (artifact id: '7bd60bbad6330a6b172fc9c8b1afa61e') in 0.055186 seconds
Number of updated asset objects reloaded before import = 0
Number of asset objects unloaded after import = 32
========================================================================
Received Import Request.
  Time since last request: 0.000015 seconds.
  path: Assets/Cartoon Heroes/Male/3D/Torsos/Base Torso/Materials/Male_Base_Torso_Dark.mat
  artifactKey: Guid(ed4301b3acf796f44891aaa0439ac07e) Importer(2089858483,0ecaa5967403d082aa24f35e1b516d23)
Start importing Assets/Cartoon Heroes/Male/3D/Torsos/Base Torso/Materials/Male_Base_Torso_Dark.mat using Guid(ed4301b3acf796f44891aaa0439ac07e) Importer(2089858483,0ecaa5967403d082aa24f35e1b516d23) Generated GUIDs only implemented for interfaces!
 -> (artifact id: '3af699f38358d7b1abc3b44a472e93f2') in 0.026422 seconds
Number of updated asset objects reloaded before import = 0
Number of asset objects unloaded after import = 3
========================================================================
Received Import Request.
  Time since last request: 0.000023 seconds.
  path: Assets/Cartoon Heroes/Female/Textures/Legs/Legs_1/Female_Legs_1_Black.tga
  artifactKey: Guid(87265e7200091a043a2d006affbc9061) Importer(2089858483,0ecaa5967403d082aa24f35e1b516d23)
Start importing Assets/Cartoon Heroes/Female/Textures/Legs/Legs_1/Female_Legs_1_Black.tga using Guid(87265e7200091a043a2d006affbc9061) Importer(2089858483,0ecaa5967403d082aa24f35e1b516d23) Generated GUIDs only implemented for interfaces!
 -> (artifact id: '58d3d7ac1294460ba3db448d56fc2a2e') in 0.057291 seconds
Number of updated asset objects reloaded before import = 0
Number of asset objects unloaded after import = 1
========================================================================
Received Import Request.
  Time since last request: 0.000013 seconds.
  path: Assets/Cartoon Heroes/Male/3D/Hairs/Hair_4/Male_Hair_4.FBX
  artifactKey: Guid(790f4551bb671cc43bea7a0943c1162f) Importer(2089858483,0ecaa5967403d082aa24f35e1b516d23)
Start importing Assets/Cartoon Heroes/Male/3D/Hairs/Hair_4/Male_Hair_4.FBX using Guid(790f4551bb671cc43bea7a0943c1162f) Importer(2089858483,0ecaa5967403d082aa24f35e1b516d23) Generated GUIDs only implemented for interfaces!
 -> (artifact id: 'fb0e741e6b05d5afccdcdc13cd5c9f82') in 0.027117 seconds
Number of updated asset objects reloaded before import = 0
Number of asset objects unloaded after import = 9
========================================================================
Received Import Request.
  Time since last request: 0.000016 seconds.
  path: Assets/Cartoon Heroes/Female/3D/Hairs/Hair_3/Materials/Female_Hair_3_Blond.mat
  artifactKey: Guid(1a3b3b9e91a8bc4429ecab3ad2750e19) Importer(2089858483,0ecaa5967403d082aa24f35e1b516d23)
Start importing Assets/Cartoon Heroes/Female/3D/Hairs/Hair_3/Materials/Female_Hair_3_Blond.mat using Guid(1a3b3b9e91a8bc4429ecab3ad2750e19) Importer(2089858483,0ecaa5967403d082aa24f35e1b516d23) Generated GUIDs only implemented for interfaces!
 -> (artifact id: 'd2e4860ad90480e359b6ffa242c84cf1') in 0.021039 seconds
Number of updated asset objects reloaded before import = 0
Number of asset objects unloaded after import = 3
========================================================================
Received Import Request.
  Time since last request: 0.000016 seconds.
  path: Assets/Cartoon Heroes/Female/3D/Torsos/Torso_2/Materials/Female_Torso_2_Skin_Light.mat
  artifactKey: Guid(4db3ffa650972f6449d0aac6f69b200e) Importer(2089858483,0ecaa5967403d082aa24f35e1b516d23)
Start importing Assets/Cartoon Heroes/Female/3D/Torsos/Torso_2/Materials/Female_Torso_2_Skin_Light.mat using Guid(4db3ffa650972f6449d0aac6f69b200e) Importer(2089858483,0ecaa5967403d082aa24f35e1b516d23) Generated GUIDs only implemented for interfaces!
 -> (artifact id: 'df1b6914f686cf1b8edb131b31e8af92') in 0.070911 seconds
Number of updated asset objects reloaded before import = 0
Number of asset objects unloaded after import = 3
========================================================================
Received Import Request.
  Time since last request: 0.000097 seconds.
  path: Assets/Cartoon Heroes/Male/3D/Legs/Legs_1/Materials/Male_Legs_1_Brown.mat
  artifactKey: Guid(c58d0c3b49703fb49ab47e236ee66207) Importer(2089858483,0ecaa5967403d082aa24f35e1b516d23)
Start importing Assets/Cartoon Heroes/Male/3D/Legs/Legs_1/Materials/Male_Legs_1_Brown.mat using Guid(c58d0c3b49703fb49ab47e236ee66207) Importer(2089858483,0ecaa5967403d082aa24f35e1b516d23) Generated GUIDs only implemented for interfaces!
 -> (artifact id: '6007c89cfe389ba99720e7d0509b9e3f') in 0.097906 seconds
Number of updated asset objects reloaded before import = 0
Number of asset objects unloaded after import = 3
========================================================================
Received Import Request.
  Time since last request: 0.000016 seconds.
  path: Assets/gravel-texture-seamless-for-photoshop-thumb37.jpg
  artifactKey: Guid(391bd51f74ff3bc4b8e5dec656b8bada) Importer(2089858483,0ecaa5967403d082aa24f35e1b516d23)
Start importing Assets/gravel-texture-seamless-for-photoshop-thumb37.jpg using Guid(391bd51f74ff3bc4b8e5dec656b8bada) Importer(2089858483,0ecaa5967403d082aa24f35e1b516d23) Generated GUIDs only implemented for interfaces!
 -> (artifact id: 'b666458120ef47d6bdd76506fdce3ab1') in 0.068548 seconds
Number of updated asset objects reloaded before import = 0
Number of asset objects unloaded after import = 1
========================================================================
Received Import Request.
  Time since last request: 0.000169 seconds.
  path: Assets/Cartoon Heroes/Female/3D/Animation Skeleton/Animations/Female_Animation@Female_Damage.FBX
  artifactKey: Guid(9c291ec3850f7004fa3da8ac7a2397d5) Importer(2089858483,0ecaa5967403d082aa24f35e1b516d23)
Start importing Assets/Cartoon Heroes/Female/3D/Animation Skeleton/Animations/Female_Animation@Female_Damage.FBX using Guid(9c291ec3850f7004fa3da8ac7a2397d5) Importer(2089858483,0ecaa5967403d082aa24f35e1b516d23) Generated GUIDs only implemented for interfaces!
 -> (artifact id: '70555777ab299eedd77eee2ff81270c8') in 0.057866 seconds
Number of updated asset objects reloaded before import = 0
Number of asset objects unloaded after import = 113
========================================================================
Received Import Request.
  Time since last request: 0.000017 seconds.
  path: Assets/Cartoon Heroes/Male/3D/Hairs/Hair_2/Materials/Male_Hair_2.mat
  artifactKey: Guid(409155a311846ee44a995766d35a6341) Importer(2089858483,0ecaa5967403d082aa24f35e1b516d23)
Start importing Assets/Cartoon Heroes/Male/3D/Hairs/Hair_2/Materials/Male_Hair_2.mat using Guid(409155a311846ee44a995766d35a6341) Importer(2089858483,0ecaa5967403d082aa24f35e1b516d23) Generated GUIDs only implemented for interfaces!
 -> (artifact id: '6581f3d8957f52e1ae5bad18bb618eaa') in 0.037625 seconds
Number of updated asset objects reloaded before import = 0
Number of asset objects unloaded after import = 3
========================================================================
Received Import Request.
  Time since last request: 0.000137 seconds.
  path: Assets/Cartoon Heroes/Male/3D/Hairs/Hair_3/Male_Hair_3.FBX
  artifactKey: Guid(ba81bc73c9f97274688f3affce011d50) Importer(2089858483,0ecaa5967403d082aa24f35e1b516d23)
Start importing Assets/Cartoon Heroes/Male/3D/Hairs/Hair_3/Male_Hair_3.FBX using Guid(ba81bc73c9f97274688f3affce011d50) Importer(2089858483,0ecaa5967403d082aa24f35e1b516d23) Generated GUIDs only implemented for interfaces!
 -> (artifact id: '0ea72bd69b25e4347961e00028117dde') in 0.059734 seconds
Number of updated asset objects reloaded before import = 0
Number of asset objects unloaded after import = 12
========================================================================
Received Import Request.
  Time since last request: 0.000017 seconds.
  path: Assets/Cartoon Heroes/Female/Textures/Torsos/Torso_1/Female_Torso_1_Normals.tga
  artifactKey: Guid(c8349fddcac7e9d499d9aac664a14870) Importer(2089858483,0ecaa5967403d082aa24f35e1b516d23)
Start importing Assets/Cartoon Heroes/Female/Textures/Torsos/Torso_1/Female_Torso_1_Normals.tga using Guid(c8349fddcac7e9d499d9aac664a14870) Importer(2089858483,0ecaa5967403d082aa24f35e1b516d23) Generated GUIDs only implemented for interfaces!
 -> (artifact id: '7cdd66e18fe01c62a98bdb4276a40d7f') in 0.304006 seconds
Number of updated asset objects reloaded before import = 0
Number of asset objects unloaded after import = 1
========================================================================
Received Import Request.
  Time since last request: 0.000217 seconds.
  path: Assets/Cartoon Heroes/Female/3D/Legs/Legs_3/Materials/Female_Legs_3_Skin_Dark.mat
  artifactKey: Guid(38068334753dcee4995c2c60fc48dcc5) Importer(2089858483,0ecaa5967403d082aa24f35e1b516d23)
Start importing Assets/Cartoon Heroes/Female/3D/Legs/Legs_3/Materials/Female_Legs_3_Skin_Dark.mat using Guid(38068334753dcee4995c2c60fc48dcc5) Importer(2089858483,0ecaa5967403d082aa24f35e1b516d23) Generated GUIDs only implemented for interfaces!
 -> (artifact id: 'bae7263a21caadeaff68e24369d90253') in 0.022071 seconds
Number of updated asset objects reloaded before import = 0
Number of asset objects unloaded after import = 3
========================================================================
Received Import Request.
  Time since last request: 0.000013 seconds.
  path: Assets/Cartoon Heroes/Female/Textures/Torsos/Torso_2/Female_Torso_2_Skin.tga
  artifactKey: Guid(317c5a6acd6087846be2b21d4e677167) Importer(2089858483,0ecaa5967403d082aa24f35e1b516d23)
Start importing Assets/Cartoon Heroes/Female/Textures/Torsos/Torso_2/Female_Torso_2_Skin.tga using Guid(317c5a6acd6087846be2b21d4e677167) Importer(2089858483,0ecaa5967403d082aa24f35e1b516d23) Generated GUIDs only implemented for interfaces!
 -> (artifact id: 'fd3df64f86d86f8daa52aea77d922673') in 0.063432 seconds
Number of updated asset objects reloaded before import = 0
Number of asset objects unloaded after import = 1
========================================================================
Received Import Request.
  Time since last request: 0.000014 seconds.
  path: Assets/Cartoon Heroes/Female/3D/Hairs/Hair_2/Materials/Female_Hair_2.mat
  artifactKey: Guid(c32d0151827fb0f49ba3f88207543e44) Importer(2089858483,0ecaa5967403d082aa24f35e1b516d23)
Start importing Assets/Cartoon Heroes/Female/3D/Hairs/Hair_2/Materials/Female_Hair_2.mat using Guid(c32d0151827fb0f49ba3f88207543e44) Importer(2089858483,0ecaa5967403d082aa24f35e1b516d23) Generated GUIDs only implemented for interfaces!
 -> (artifact id: 'a1449f7ac451ddb5a952d7a6b83e976b') in 0.091269 seconds
Number of updated asset objects reloaded before import = 0
Number of asset objects unloaded after import = 3
========================================================================
Received Import Request.
  Time since last request: 0.000021 seconds.
  path: Assets/Cartoon Heroes/Male/Textures/Legs/Legs_1/Male_Legs_1_Brown.tga
  artifactKey: Guid(a3ccca445118bcf4d81429c3b83ed0e6) Importer(2089858483,0ecaa5967403d082aa24f35e1b516d23)
Start importing Assets/Cartoon Heroes/Male/Textures/Legs/Legs_1/Male_Legs_1_Brown.tga using Guid(a3ccca445118bcf4d81429c3b83ed0e6) Importer(2089858483,0ecaa5967403d082aa24f35e1b516d23) Generated GUIDs only implemented for interfaces!
 -> (artifact id: 'b12afde774ebaac1d920f468277cf313') in 0.035393 seconds
Number of updated asset objects reloaded before import = 0
Number of asset objects unloaded after import = 1
========================================================================
Received Import Request.
  Time since last request: 0.000334 seconds.
  path: Assets/Cartoon Heroes/Weapons/Sword_2/3D
  artifactKey: Guid(ab6da7b3cbaa7c04fa55ca6301ab130e) Importer(2089858483,0ecaa5967403d082aa24f35e1b516d23)
Start importing Assets/Cartoon Heroes/Weapons/Sword_2/3D using Guid(ab6da7b3cbaa7c04fa55ca6301ab130e) Importer(2089858483,0ecaa5967403d082aa24f35e1b516d23) Generated GUIDs only implemented for interfaces!
 -> (artifact id: '088fb2d5138d38528888d6724336c9c6') in 0.026629 seconds
Number of updated asset objects reloaded before import = 0
Number of asset objects unloaded after import = 1
========================================================================
Received Import Request.
  Time since last request: 0.000095 seconds.
  path: Assets/Cartoon Heroes/Female/Textures/Torsos/Torso_2/Female_Torso_2_Skin_Normals.tga
  artifactKey: Guid(108c3686fb72b4a40b910b59837ee1ec) Importer(2089858483,0ecaa5967403d082aa24f35e1b516d23)
Start importing Assets/Cartoon Heroes/Female/Textures/Torsos/Torso_2/Female_Torso_2_Skin_Normals.tga using Guid(108c3686fb72b4a40b910b59837ee1ec) Importer(2089858483,0ecaa5967403d082aa24f35e1b516d23) Generated GUIDs only implemented for interfaces!
 -> (artifact id: '254e05f3137e0e7c81a01137f3374c3a') in 0.064191 seconds
Number of updated asset objects reloaded before import = 0
Number of asset objects unloaded after import = 1
========================================================================
Received Import Request.
  Time since last request: 0.000015 seconds.
  path: Assets/Cartoon Heroes/Male/3D/Torsos/Torso_1/Materials/Male_Torso_1_Yellow.mat
  artifactKey: Guid(b144a4a4d26c47b4485eba56fb574713) Importer(2089858483,0ecaa5967403d082aa24f35e1b516d23)
Start importing Assets/Cartoon Heroes/Male/3D/Torsos/Torso_1/Materials/Male_Torso_1_Yellow.mat using Guid(b144a4a4d26c47b4485eba56fb574713) Importer(2089858483,0ecaa5967403d082aa24f35e1b516d23) Generated GUIDs only implemented for interfaces!
 -> (artifact id: '71db316b30c723d1af090da9659148e9') in 0.059359 seconds
Number of updated asset objects reloaded before import = 0
Number of asset objects unloaded after import = 3
========================================================================
Received Import Request.
  Time since last request: 0.000016 seconds.
  path: Assets/Cartoon Heroes/Weapons/Sword_1/3D/Materials/Sowrd_1.mat
  artifactKey: Guid(af6911432c1016a41a0c868e2b6646b7) Importer(2089858483,0ecaa5967403d082aa24f35e1b516d23)
Start importing Assets/Cartoon Heroes/Weapons/Sword_1/3D/Materials/Sowrd_1.mat using Guid(af6911432c1016a41a0c868e2b6646b7) Importer(2089858483,0ecaa5967403d082aa24f35e1b516d23) Generated GUIDs only implemented for interfaces!
 -> (artifact id: '8323a9ec197e65e3627f6e626f087c48') in 0.020687 seconds
Number of updated asset objects reloaded before import = 0
Number of asset objects unloaded after import = 1
========================================================================
Received Import Request.
  Time since last request: 0.000019 seconds.
  path: Assets/Cartoon Heroes/Male/3D/Legs/Base Legs/Materials/Male_Base_Legs_Dark.mat
  artifactKey: Guid(2a6250889f14e5641bc142b970738c8f) Importer(2089858483,0ecaa5967403d082aa24f35e1b516d23)
Start importing Assets/Cartoon Heroes/Male/3D/Legs/Base Legs/Materials/Male_Base_Legs_Dark.mat using Guid(2a6250889f14e5641bc142b970738c8f) Importer(2089858483,0ecaa5967403d082aa24f35e1b516d23) Generated GUIDs only implemented for interfaces!
 -> (artifact id: '468ae2e4943a64907e9c94fe2e2379b8') in 0.061842 seconds
Number of updated asset objects reloaded before import = 0
Number of asset objects unloaded after import = 3
========================================================================
Received Import Request.
  Time since last request: 0.000026 seconds.
  path: Assets/Cartoon Heroes/Weapons/Sword_4/3D/Materials/Sword_4.mat
  artifactKey: Guid(bcd8822f8775c2046aeb7da28f22bb29) Importer(2089858483,0ecaa5967403d082aa24f35e1b516d23)
Start importing Assets/Cartoon Heroes/Weapons/Sword_4/3D/Materials/Sword_4.mat using Guid(bcd8822f8775c2046aeb7da28f22bb29) Importer(2089858483,0ecaa5967403d082aa24f35e1b516d23) Generated GUIDs only implemented for interfaces!
 -> (artifact id: '0165cc6a63ee18651ca7bb688388ee1d') in 0.037576 seconds
Number of updated asset objects reloaded before import = 0
Number of asset objects unloaded after import = 1
========================================================================
Received Import Request.
  Time since last request: 0.000548 seconds.
  path: Assets/Cartoon Heroes/Male/Textures/Torsos/Torso_1/Male_Torso_1_Yellow.tga
  artifactKey: Guid(4e06bf4addb58a241836b32a4a6c4296) Importer(2089858483,0ecaa5967403d082aa24f35e1b516d23)
Start importing Assets/Cartoon Heroes/Male/Textures/Torsos/Torso_1/Male_Torso_1_Yellow.tga using Guid(4e06bf4addb58a241836b32a4a6c4296) Importer(2089858483,0ecaa5967403d082aa24f35e1b516d23) Generated GUIDs only implemented for interfaces!
 -> (artifact id: '889b5dccdb174d0d609ac6ec09cbbd8e') in 0.034818 seconds
Number of updated asset objects reloaded before import = 0
Number of asset objects unloaded after import = 1
========================================================================
Received Import Request.
  Time since last request: 0.000052 seconds.
  path: Assets/Cartoon Heroes/Female/3D/Heads/Head 2
  artifactKey: Guid(55eb6fde1de664c4f93cd3c4bfdba855) Importer(2089858483,0ecaa5967403d082aa24f35e1b516d23)
Start importing Assets/Cartoon Heroes/Female/3D/Heads/Head 2 using Guid(55eb6fde1de664c4f93cd3c4bfdba855) Importer(2089858483,0ecaa5967403d082aa24f35e1b516d23) Generated GUIDs only implemented for interfaces!
 -> (artifact id: '587656098d6ddea4cdce88d96ba24484') in 0.029037 seconds
Number of updated asset objects reloaded before import = 0
Number of asset objects unloaded after import = 1
========================================================================
Received Import Request.
  Time since last request: 0.000019 seconds.
  path: Assets/Cartoon Heroes/Female
  artifactKey: Guid(8bc30803e0e2fb949a97bcaa8cfbd469) Importer(2089858483,0ecaa5967403d082aa24f35e1b516d23)
Start importing Assets/Cartoon Heroes/Female using Guid(8bc30803e0e2fb949a97bcaa8cfbd469) Importer(2089858483,0ecaa5967403d082aa24f35e1b516d23) Generated GUIDs only implemented for interfaces!
 -> (artifact id: 'c9105c6a60b2ad7b0befb290f93a502b') in 0.009148 seconds
Number of updated asset objects reloaded before import = 0
Number of asset objects unloaded after import = 1
========================================================================
Received Import Request.
  Time since last request: 0.000014 seconds.
  path: Assets/Cartoon Heroes/Female/3D/Animation Skeleton/Animations/Female_Animation@Female_Idle.FBX
  artifactKey: Guid(d006983dbee91f84bb273fa4bf9d68ac) Importer(2089858483,0ecaa5967403d082aa24f35e1b516d23)
Start importing Assets/Cartoon Heroes/Female/3D/Animation Skeleton/Animations/Female_Animation@Female_Idle.FBX using Guid(d006983dbee91f84bb273fa4bf9d68ac) Importer(2089858483,0ecaa5967403d082aa24f35e1b516d23) Generated GUIDs only implemented for interfaces!
 -> (artifact id: 'ca4500ab3af99b61f07d0257c91c35ea') in 0.032349 seconds
Number of updated asset objects reloaded before import = 0
Number of asset objects unloaded after import = 112
========================================================================
Received Import Request.
  Time since last request: 0.000014 seconds.
  path: Assets/Cartoon Heroes/Male/Textures/Heads/Head_1
  artifactKey: Guid(4bd03a56339a7434b9fbd1ec97292cde) Importer(2089858483,0ecaa5967403d082aa24f35e1b516d23)
Start importing Assets/Cartoon Heroes/Male/Textures/Heads/Head_1 using Guid(4bd03a56339a7434b9fbd1ec97292cde) Importer(2089858483,0ecaa5967403d082aa24f35e1b516d23) Generated GUIDs only implemented for interfaces!
 -> (artifact id: 'addb0bf39ffc6bb41fd03028d99f50dc') in 0.013785 seconds
Number of updated asset objects reloaded before import = 0
Number of asset objects unloaded after import = 1
========================================================================
Received Import Request.
  Time since last request: 0.000015 seconds.
  path: Assets/Scenes/OptimizationScene.unity
  artifactKey: Guid(c74ef1c8a0105b546bce07d176a58cd7) Importer(2089858483,0ecaa5967403d082aa24f35e1b516d23)
Start importing Assets/Scenes/OptimizationScene.unity using Guid(c74ef1c8a0105b546bce07d176a58cd7) Importer(2089858483,0ecaa5967403d082aa24f35e1b516d23) Generated GUIDs only implemented for interfaces!
 -> (artifact id: '6bd07aa9668a51b8e5dbaa4b18541d41') in 0.014467 seconds
Number of updated asset objects reloaded before import = 0
Number of asset objects unloaded after import = 1
========================================================================
Received Import Request.
  Time since last request: 0.000023 seconds.
  path: Assets/Cyberpunk Car/Textures/Cyberpunk_Car_Interior_AO.tga
  artifactKey: Guid(39d49ef300470b746b364e3e5b5b9240) Importer(2089858483,0ecaa5967403d082aa24f35e1b516d23)
Start importing Assets/Cyberpunk Car/Textures/Cyberpunk_Car_Interior_AO.tga using Guid(39d49ef300470b746b364e3e5b5b9240) Importer(2089858483,0ecaa5967403d082aa24f35e1b516d23) Generated GUIDs only implemented for interfaces!
 -> (artifact id: '0ae53c37ee9e298ab858716a2282b7e1') in 0.040208 seconds
Number of updated asset objects reloaded before import = 0
Number of asset objects unloaded after import = 1
========================================================================
Received Import Request.
  Time since last request: 0.000126 seconds.
  path: Assets/Cartoon Heroes/Female/3D/Legs/Legs_2
  artifactKey: Guid(be47a1d9e10c7a244a10d779fc31690c) Importer(2089858483,0ecaa5967403d082aa24f35e1b516d23)
Start importing Assets/Cartoon Heroes/Female/3D/Legs/Legs_2 using Guid(be47a1d9e10c7a244a10d779fc31690c) Importer(2089858483,0ecaa5967403d082aa24f35e1b516d23) Generated GUIDs only implemented for interfaces!
 -> (artifact id: '369929b14cd534d6a6481d6b1c152e99') in 0.017338 seconds
Number of updated asset objects reloaded before import = 0
Number of asset objects unloaded after import = 1
========================================================================
Received Import Request.
  Time since last request: 0.000122 seconds.
  path: Assets/Blink/Art/Animations
  artifactKey: Guid(51cb8cc685e624c4ca0f8e25a19c7bee) Importer(2089858483,0ecaa5967403d082aa24f35e1b516d23)
Start importing Assets/Blink/Art/Animations using Guid(51cb8cc685e624c4ca0f8e25a19c7bee) Importer(2089858483,0ecaa5967403d082aa24f35e1b516d23) Generated GUIDs only implemented for interfaces!
 -> (artifact id: '81eafc1bb7d874920f2921bdc523e1a8') in 0.018373 seconds
Number of updated asset objects reloaded before import = 0
Number of asset objects unloaded after import = 1
========================================================================
Received Import Request.
  Time since last request: 0.000014 seconds.
  path: Assets/Cartoon Heroes/Female/3D/Torsos/Torso_3/Materials/Female_Torso_3_Green.mat
  artifactKey: Guid(cb18b88ddbcf5f348842c185ceb496bc) Importer(2089858483,0ecaa5967403d082aa24f35e1b516d23)
Start importing Assets/Cartoon Heroes/Female/3D/Torsos/Torso_3/Materials/Female_Torso_3_Green.mat using Guid(cb18b88ddbcf5f348842c185ceb496bc) Importer(2089858483,0ecaa5967403d082aa24f35e1b516d23) Generated GUIDs only implemented for interfaces!
 -> (artifact id: 'f0c910d55fc0047079ba092898fe0a65') in 0.047748 seconds
Number of updated asset objects reloaded before import = 0
Number of asset objects unloaded after import = 3
========================================================================
Received Import Request.
  Time since last request: 0.000017 seconds.
  path: Assets/Cyberpunk Car/Textures/Cyberpunk_Car_Glass_AO.tga
  artifactKey: Guid(e3eca76242ff54f4d88133b056af3929) Importer(2089858483,0ecaa5967403d082aa24f35e1b516d23)
Start importing Assets/Cyberpunk Car/Textures/Cyberpunk_Car_Glass_AO.tga using Guid(e3eca76242ff54f4d88133b056af3929) Importer(2089858483,0ecaa5967403d082aa24f35e1b516d23) Generated GUIDs only implemented for interfaces!
 -> (artifact id: '3165f09a56d1b9a89e17ae5a25a98fa5') in 0.041828 seconds
Number of updated asset objects reloaded before import = 0
Number of asset objects unloaded after import = 1
========================================================================
Received Import Request.
  Time since last request: 0.000031 seconds.
  path: Assets/Cyberpunk Car/Textures/Cyberpunk_Car_Door_AO.tga
  artifactKey: Guid(ba716eb35ad4d544d86768e006716cde) Importer(2089858483,0ecaa5967403d082aa24f35e1b516d23)
Start importing Assets/Cyberpunk Car/Textures/Cyberpunk_Car_Door_AO.tga using Guid(ba716eb35ad4d544d86768e006716cde) Importer(2089858483,0ecaa5967403d082aa24f35e1b516d23) Generated GUIDs only implemented for interfaces!
 -> (artifact id: 'fce31c1cc5ec56c127b8398b5af436d1') in 0.043539 seconds
Number of updated asset objects reloaded before import = 0
Number of asset objects unloaded after import = 1
========================================================================
Received Import Request.
  Time since last request: 0.000121 seconds.
  path: Assets/Cyberpunk Car/Scenes/Cyberpunk Car.unity
  artifactKey: Guid(4e23fc7ac8649e44cabe3d92c23fec71) Importer(2089858483,0ecaa5967403d082aa24f35e1b516d23)
Start importing Assets/Cyberpunk Car/Scenes/Cyberpunk Car.unity using Guid(4e23fc7ac8649e44cabe3d92c23fec71) Importer(2089858483,0ecaa5967403d082aa24f35e1b516d23) Generated GUIDs only implemented for interfaces!
 -> (artifact id: 'a87ce859455f4bfa57bbe0ab3952f50b') in 0.008928 seconds
Number of updated asset objects reloaded before import = 0
Number of asset objects unloaded after import = 1
========================================================================
Received Import Request.
  Time since last request: 0.000015 seconds.
  path: Assets/Cyberpunk Car/Textures/Cyberpunk_Car_Interior_N.tga
  artifactKey: Guid(36a5112e9ec9ee64492551841ec01d3f) Importer(2089858483,0ecaa5967403d082aa24f35e1b516d23)
Start importing Assets/Cyberpunk Car/Textures/Cyberpunk_Car_Interior_N.tga using Guid(36a5112e9ec9ee64492551841ec01d3f) Importer(2089858483,0ecaa5967403d082aa24f35e1b516d23) Generated GUIDs only implemented for interfaces!
 -> (artifact id: '9aaf253ee8810ed9ed84969031c0fe34') in 0.062386 seconds
Number of updated asset objects reloaded before import = 0
Number of asset objects unloaded after import = 1
========================================================================
Received Import Request.
  Time since last request: 0.000017 seconds.
  path: Assets/Scenes/URP.asset
  artifactKey: Guid(dcbd6be453e5d7842b4120f3f3d89745) Importer(2089858483,0ecaa5967403d082aa24f35e1b516d23)
Start importing Assets/Scenes/URP.asset using Guid(dcbd6be453e5d7842b4120f3f3d89745) Importer(2089858483,0ecaa5967403d082aa24f35e1b516d23) Generated GUIDs only implemented for interfaces!
 -> (artifact id: '756fe57baf14b9223a50b01a99e428b2') in 0.057321 seconds
Number of updated asset objects reloaded before import = 0
Number of asset objects unloaded after import = 1
========================================================================
Received Import Request.
  Time since last request: 0.000120 seconds.
  path: Assets/Scenes/URP_Renderer.asset
  artifactKey: Guid(08ac1e805f4fe7f4d8b8100886154985) Importer(2089858483,0ecaa5967403d082aa24f35e1b516d23)
Start importing Assets/Scenes/URP_Renderer.asset using Guid(08ac1e805f4fe7f4d8b8100886154985) Importer(2089858483,0ecaa5967403d082aa24f35e1b516d23) Generated GUIDs only implemented for interfaces!
 -> (artifact id: 'b61c4158adf10a8c54655ea923b61613') in 0.035806 seconds
Number of updated asset objects reloaded before import = 0
Number of asset objects unloaded after import = 1
========================================================================
Received Import Request.
  Time since last request: 0.000015 seconds.
  path: Assets/Blink/Art/Animations/Animations_Starter_Pack/Gathering/MiningLoop.fbx
  artifactKey: Guid(10fa50c59af8fd440a0348904414802a) Importer(2089858483,0ecaa5967403d082aa24f35e1b516d23)
Start importing Assets/Blink/Art/Animations/Animations_Starter_Pack/Gathering/MiningLoop.fbx using Guid(10fa50c59af8fd440a0348904414802a) Importer(2089858483,0ecaa5967403d082aa24f35e1b516d23) Generated GUIDs only implemented for interfaces!
 -> (artifact id: 'bbdf4646a340c074803d80384b95b2bb') in 0.055412 seconds
Number of updated asset objects reloaded before import = 0
Number of asset objects unloaded after import = 182
========================================================================
Received Import Request.
  Time since last request: 0.000020 seconds.
  path: Assets/Cartoon Heroes/Female/3D/Torsos/Torso_2/Materials/Female_Torso_2_Green.mat
  artifactKey: Guid(36e85cc99a1790b41a147803cc76eb4d) Importer(2089858483,0ecaa5967403d082aa24f35e1b516d23)
Start importing Assets/Cartoon Heroes/Female/3D/Torsos/Torso_2/Materials/Female_Torso_2_Green.mat using Guid(36e85cc99a1790b41a147803cc76eb4d) Importer(2089858483,0ecaa5967403d082aa24f35e1b516d23) Generated GUIDs only implemented for interfaces!
 -> (artifact id: '7060b622b698c4c011faa42654825d0f') in 0.031248 seconds
Number of updated asset objects reloaded before import = 0
Number of asset objects unloaded after import = 3
========================================================================
Received Import Request.
  Time since last request: 0.000015 seconds.
  path: Assets/Scenes/URP.asset
  artifactKey: Guid(dcbd6be453e5d7842b4120f3f3d89745) Importer(2089858483,3d70f49cd1c2eb9ae422958d1c652c6b)
Start importing Assets/Scenes/URP.asset using Guid(dcbd6be453e5d7842b4120f3f3d89745) Importer(2089858483,3d70f49cd1c2eb9ae422958d1c652c6b) Generated GUIDs only implemented for interfaces!
 -> (artifact id: '6ae889175ff1f88c729d7b8b531e499f') in 0.012995 seconds
Number of updated asset objects reloaded before import = 0
Number of asset objects unloaded after import = 0
========================================================================
Received Import Request.
  Time since last request: 0.000063 seconds.
  path: Assets/Blink/Art/Animations/Animations_Starter_Pack/Movement/RollForward.fbx
  artifactKey: Guid(5fad9ecdaa1678b408a01f37c5ca69e8) Importer(2089858483,0ecaa5967403d082aa24f35e1b516d23)
Start importing Assets/Blink/Art/Animations/Animations_Starter_Pack/Movement/RollForward.fbx using Guid(5fad9ecdaa1678b408a01f37c5ca69e8) Importer(2089858483,0ecaa5967403d082aa24f35e1b516d23) Generated GUIDs only implemented for interfaces!
 -> (artifact id: '6d1b85168916a1d653171ef2089a313b') in 0.072271 seconds
Number of updated asset objects reloaded before import = 0
Number of asset objects unloaded after import = 180
========================================================================
Received Import Request.
  Time since last request: 0.000012 seconds.
  path: Assets/Cartoon Heroes/Female/3D/Torsos/Torso_3/Materials/Female_Torso_3_Yellow.mat
  artifactKey: Guid(da7a13480ddb58044980a6563b562d9a) Importer(2089858483,0ecaa5967403d082aa24f35e1b516d23)
Start importing Assets/Cartoon Heroes/Female/3D/Torsos/Torso_3/Materials/Female_Torso_3_Yellow.mat using Guid(da7a13480ddb58044980a6563b562d9a) Importer(2089858483,0ecaa5967403d082aa24f35e1b516d23) Generated GUIDs only implemented for interfaces!
 -> (artifact id: 'd9a2d367ced261cf3fe771127ca31934') in 0.037327 seconds
Number of updated asset objects reloaded before import = 0
Number of asset objects unloaded after import = 3
========================================================================
Received Import Request.
  Time since last request: 0.000016 seconds.
  path: Assets/Cartoon Heroes/Female/Textures/Hairs/Hair_4/Female_Hair_4_Normals.tga
  artifactKey: Guid(e062b881a89c036498b49123ff8d3f9f) Importer(2089858483,0ecaa5967403d082aa24f35e1b516d23)
Start importing Assets/Cartoon Heroes/Female/Textures/Hairs/Hair_4/Female_Hair_4_Normals.tga using Guid(e062b881a89c036498b49123ff8d3f9f) Importer(2089858483,0ecaa5967403d082aa24f35e1b516d23) Generated GUIDs only implemented for interfaces!
 -> (artifact id: '2aa271c6fcd63d082e8ccb308922ce01') in 0.046942 seconds
Number of updated asset objects reloaded before import = 0
Number of asset objects unloaded after import = 1
========================================================================
Received Import Request.
  Time since last request: 0.000202 seconds.
  path: Assets/Scenes/Level2/NavMesh-Ground.asset
  artifactKey: Guid(74682679c55d2d543a21bcb5201d16b3) Importer(2089858483,3d70f49cd1c2eb9ae422958d1c652c6b)
Start importing Assets/Scenes/Level2/NavMesh-Ground.asset using Guid(74682679c55d2d543a21bcb5201d16b3) Importer(2089858483,3d70f49cd1c2eb9ae422958d1c652c6b) Generated GUIDs only implemented for interfaces!
 -> (artifact id: 'c3eb1c030de8cba29bc7693c9fbdaae0') in 0.034967 seconds
Number of updated asset objects reloaded before import = 0
Number of asset objects unloaded after import = 0
========================================================================
Received Import Request.
  Time since last request: 0.000061 seconds.
  path: Assets/TextMesh Pro/Resources/TMP Settings.asset
  artifactKey: Guid(3f5b5dff67a942289a9defa416b206f3) Importer(2089858483,3d70f49cd1c2eb9ae422958d1c652c6b)
Start importing Assets/TextMesh Pro/Resources/TMP Settings.asset using Guid(3f5b5dff67a942289a9defa416b206f3) Importer(2089858483,3d70f49cd1c2eb9ae422958d1c652c6b) Generated GUIDs only implemented for interfaces!
 -> (artifact id: 'f784bcbc56036c2f88a12df402f13de8') in 0.056664 seconds
Number of updated asset objects reloaded before import = 0
Number of asset objects unloaded after import = 14
========================================================================
Received Import Request.
  Time since last request: 0.000015 seconds.
  path: Assets/Cartoon Heroes/Male/Textures/Heads/Head_1/Male_Head_1.tga
  artifactKey: Guid(b6db225e4f5cca14f9cc339287ee95b5) Importer(2089858483,0ecaa5967403d082aa24f35e1b516d23)
Start importing Assets/Cartoon Heroes/Male/Textures/Heads/Head_1/Male_Head_1.tga using Guid(b6db225e4f5cca14f9cc339287ee95b5) Importer(2089858483,0ecaa5967403d082aa24f35e1b516d23) Generated GUIDs only implemented for interfaces!
 -> (artifact id: 'bde7c81b49a79e03126d4874a838582d') in 0.042623 seconds
Number of updated asset objects reloaded before import = 0
Number of asset objects unloaded after import = 1
========================================================================
Received Import Request.
  Time since last request: 0.000440 seconds.
  path: Assets/Cartoon Heroes/Scenes/Characters.unity
  artifactKey: Guid(657283afbf3067d4386baa089438d0e4) Importer(2089858483,3d70f49cd1c2eb9ae422958d1c652c6b)
Start importing Assets/Cartoon Heroes/Scenes/Characters.unity using Guid(657283afbf3067d4386baa089438d0e4) Importer(2089858483,3d70f49cd1c2eb9ae422958d1c652c6b) Opening scene 'Assets/Cartoon Heroes/Scenes/Characters.unity additively'
LightingSettings: switching bake backend from 1 to 0.
Loaded scene 'Assets/Cartoon Heroes/Scenes/Characters.unity'
	Deserialize:            45.149 ms
	Integration:            128.455 ms
	Integration of assets:  0.007 ms
	Thread Wait Time:       0.011 ms
	Total Operation Time:   173.622 ms
Generated GUIDs only implemented for interfaces!
 -> (artifact id: '9a24153e94c9a00a714ddaad05e87882') in 0.569186 seconds
Number of updated asset objects reloaded before import = 0
Number of asset objects unloaded after import = 3161
Editor requested this worker to shutdown with reason: balancing worker count downwards
TcpMessagingSession - receive error: operation aborted. errorcode: 995, details: Bir i parac k veya bir uygulama istei nedeniyle G/ ilemi iptal edildi.
AssetImportWorker is now disconnected from the server
Process exiting
Exiting without the bug reporter. Application will terminate with return code 0